CRITICAL - 2023-12-05 11:18:55 --> file_put_contents(C:/xampp/htdocs/etic-system/public/Archivos_ETIC/inspecciones/2101/Reportes/1_ETIC_BASELINE_INSPECCION_2101.pdf): Failed to open stream: No such file or directory
#0 [internal function]: CodeIgniter\Debug\Exceptions->errorHandler(2, 'file_put_conten...', 'C:\\xampp\\htdocs...', 1049)
#1 C:\xampp\htdocs\etic-system\app\ThirdParty\fpdf\FPDF.php(1049): file_put_contents('C:/xampp/htdocs...', '%PDF-1.3\n3 0 ob...')
#2 C:\xampp\htdocs\etic-system\app\Controllers\Inventarios.php(1878): App\ThirdParty\fpdf\FPDF->Output('F', 'C:/xampp/htdocs...')
#3 C:\xampp\htdocs\etic-system\system\CodeIgniter.php(824): App\Controllers\Inventarios->generarReporteBaseLine()
#4 C:\xampp\htdocs\etic-system\system\CodeIgniter.php(410): CodeIgniter\CodeIgniter->runController(Object(App\Controllers\Inventarios))
#5 C:\xampp\htdocs\etic-system\system\CodeIgniter.php(318): CodeIgniter\CodeIgniter->handleRequest(NULL, Object(Config\Cache), false)
#6 C:\xampp\htdocs\etic-system\public\index.php(37): CodeIgniter\CodeIgniter->run()
#7 {main}
CRITICAL - 2023-12-05 11:19:13 --> file_put_contents(C:/xampp/htdocs/etic-system/public/Archivos_ETIC/inspecciones/2101/Reportes/1_ETIC_BASELINE_INSPECCION_2101.pdf): Failed to open stream: No such file or directory
#0 [internal function]: CodeIgniter\Debug\Exceptions->errorHandler(2, 'file_put_conten...', 'C:\\xampp\\htdocs...', 1049)
#1 C:\xampp\htdocs\etic-system\app\ThirdParty\fpdf\FPDF.php(1049): file_put_contents('C:/xampp/htdocs...', '%PDF-1.3\n3 0 ob...')
#2 C:\xampp\htdocs\etic-system\app\Controllers\Inventarios.php(1878): App\ThirdParty\fpdf\FPDF->Output('F', 'C:/xampp/htdocs...')
#3 C:\xampp\htdocs\etic-system\system\CodeIgniter.php(824): App\Controllers\Inventarios->generarReporteBaseLine()
#4 C:\xampp\htdocs\etic-system\system\CodeIgniter.php(410): CodeIgniter\CodeIgniter->runController(Object(App\Controllers\Inventarios))
#5 C:\xampp\htdocs\etic-system\system\CodeIgniter.php(318): CodeIgniter\CodeIgniter->handleRequest(NULL, Object(Config\Cache), false)
#6 C:\xampp\htdocs\etic-system\public\index.php(37): CodeIgniter\CodeIgniter->run()
#7 {main}
CRITICAL - 2023-12-05 11:19:49 --> file_put_contents(C:/xampp/htdocs/etic-system/public/Archivos_ETIC/inspecciones/2101/Reportes/1_ETIC_BASELINE_INSPECCION_2101.pdf): Failed to open stream: No such file or directory
#0 [internal function]: CodeIgniter\Debug\Exceptions->errorHandler(2, 'file_put_conten...', 'C:\\xampp\\htdocs...', 1049)
#1 C:\xampp\htdocs\etic-system\app\ThirdParty\fpdf\FPDF.php(1049): file_put_contents('C:/xampp/htdocs...', '%PDF-1.3\n3 0 ob...')
#2 C:\xampp\htdocs\etic-system\app\Controllers\Inventarios.php(1878): App\ThirdParty\fpdf\FPDF->Output('F', 'C:/xampp/htdocs...')
#3 C:\xampp\htdocs\etic-system\system\CodeIgniter.php(824): App\Controllers\Inventarios->generarReporteBaseLine()
#4 C:\xampp\htdocs\etic-system\system\CodeIgniter.php(410): CodeIgniter\CodeIgniter->runController(Object(App\Controllers\Inventarios))
#5 C:\xampp\htdocs\etic-system\system\CodeIgniter.php(318): CodeIgniter\CodeIgniter->handleRequest(NULL, Object(Config\Cache), false)
#6 C:\xampp\htdocs\etic-system\public\index.php(37): CodeIgniter\CodeIgniter->run()
#7 {main}
CRITICAL - 2023-12-05 11:22:38 --> file_put_contents(C:/xampp/htdocs/etic-system/public/Archivos_ETIC/inspecciones/2101/Reportes/1_ETIC_BASELINE_INSPECCION_2101.pdf): Failed to open stream: No such file or directory
#0 [internal function]: CodeIgniter\Debug\Exceptions->errorHandler(2, 'file_put_conten...', 'C:\\xampp\\htdocs...', 1049)
#1 C:\xampp\htdocs\etic-system\app\ThirdParty\fpdf\FPDF.php(1049): file_put_contents('C:/xampp/htdocs...', '%PDF-1.3\n3 0 ob...')
#2 C:\xampp\htdocs\etic-system\app\Controllers\Inventarios.php(1878): App\ThirdParty\fpdf\FPDF->Output('F', 'C:/xampp/htdocs...')
#3 C:\xampp\htdocs\etic-system\system\CodeIgniter.php(824): App\Controllers\Inventarios->generarReporteBaseLine()
#4 C:\xampp\htdocs\etic-system\system\CodeIgniter.php(410): CodeIgniter\CodeIgniter->runController(Object(App\Controllers\Inventarios))
#5 C:\xampp\htdocs\etic-system\system\CodeIgniter.php(318): CodeIgniter\CodeIgniter->handleRequest(NULL, Object(Config\Cache), false)
#6 C:\xampp\htdocs\etic-system\public\index.php(37): CodeIgniter\CodeIgniter->run()
#7 {main}
CRITICAL - 2023-12-05 11:25:16 --> file_put_contents(C:/xampp/htdocs/etic-system/public/Archivos_ETIC/inspecciones/2101/Reportes/1_ETIC_BASELINE_INSPECCION_2101.pdf): Failed to open stream: No such file or directory
#0 [internal function]: CodeIgniter\Debug\Exceptions->errorHandler(2, 'file_put_conten...', 'C:\\xampp\\htdocs...', 1049)
#1 C:\xampp\htdocs\etic-system\app\ThirdParty\fpdf\FPDF.php(1049): file_put_contents('C:/xampp/htdocs...', '%PDF-1.3\n3 0 ob...')
#2 C:\xampp\htdocs\etic-system\app\Controllers\Inventarios.php(1877): App\ThirdParty\fpdf\FPDF->Output('F', 'C:/xampp/htdocs...')
#3 C:\xampp\htdocs\etic-system\system\CodeIgniter.php(824): App\Controllers\Inventarios->generarReporteBaseLine()
#4 C:\xampp\htdocs\etic-system\system\CodeIgniter.php(410): CodeIgniter\CodeIgniter->runController(Object(App\Controllers\Inventarios))
#5 C:\xampp\htdocs\etic-system\system\CodeIgniter.php(318): CodeIgniter\CodeIgniter->handleRequest(NULL, Object(Config\Cache), false)
#6 C:\xampp\htdocs\etic-system\public\index.php(37): CodeIgniter\CodeIgniter->run()
#7 {main}
CRITICAL - 2023-12-05 11:26:13 --> file_put_contents(C:/xampp/htdocs/etic-system/public/Archivos_ETIC/inspecciones/2101/Reportes/1_ETIC_BASELINE_INSPECCION_2101.pdf): Failed to open stream: No such file or directory
#0 [internal function]: CodeIgniter\Debug\Exceptions->errorHandler(2, 'file_put_conten...', 'C:\\xampp\\htdocs...', 1049)
#1 C:\xampp\htdocs\etic-system\app\ThirdParty\fpdf\FPDF.php(1049): file_put_contents('C:/xampp/htdocs...', '%PDF-1.3\n3 0 ob...')
#2 C:\xampp\htdocs\etic-system\app\Controllers\Inventarios.php(1877): App\ThirdParty\fpdf\FPDF->Output('F', 'C:/xampp/htdocs...')
#3 C:\xampp\htdocs\etic-system\system\CodeIgniter.php(824): App\Controllers\Inventarios->generarReporteBaseLine()
#4 C:\xampp\htdocs\etic-system\system\CodeIgniter.php(410): CodeIgniter\CodeIgniter->runController(Object(App\Controllers\Inventarios))
#5 C:\xampp\htdocs\etic-system\system\CodeIgniter.php(318): CodeIgniter\CodeIgniter->handleRequest(NULL, Object(Config\Cache), false)
#6 C:\xampp\htdocs\etic-system\public\index.php(37): CodeIgniter\CodeIgniter->run()
#7 {main}
