CRITICAL - 2023-10-17 12:58:34 --> Undefined array key 0
#0 C:\xampp\htdocs\etic-system\app\Controllers\Inspecciones.php(304): CodeIgniter\Debug\Exceptions->errorHandler(2, 'Undefined array...', 'C:\\xampp\\htdocs...', 304)
#1 C:\xampp\htdocs\etic-system\system\CodeIgniter.php(824): App\Controllers\Inspecciones->cargar_bd_inspeccion()
#2 C:\xampp\htdocs\etic-system\system\CodeIgniter.php(410): CodeIgniter\CodeIgniter->runController(Object(App\Controllers\Inspecciones))
#3 C:\xampp\htdocs\etic-system\system\CodeIgniter.php(318): CodeIgniter\CodeIgniter->handleRequest(NULL, Object(Config\Cache), false)
#4 C:\xampp\htdocs\etic-system\public\index.php(37): CodeIgniter\CodeIgniter->run()
#5 {main}
ERROR - 2023-10-17 12:58:55 --> The user specified as a definer ('u695808356_root'@'%') does not exist
CRITICAL - 2023-10-17 12:58:55 --> Call to a member function getResult() on bool
#0 C:\xampp\htdocs\etic-system\system\BaseModel.php(584): CodeIgniter\Model->doFindAll(0, 0)
#1 C:\xampp\htdocs\etic-system\app\Models\LineaBaseMdl.php(81): CodeIgniter\BaseModel->findAll()
#2 C:\xampp\htdocs\etic-system\app\Controllers\Inventarios.php(815): App\Models\LineaBaseMdl->getHistorialBaseLine('', 'FF81F078-20FC-4...')
#3 C:\xampp\htdocs\etic-system\system\CodeIgniter.php(824): App\Controllers\Inventarios->getHistorialBaseLine()
#4 C:\xampp\htdocs\etic-system\system\CodeIgniter.php(410): CodeIgniter\CodeIgniter->runController(Object(App\Controllers\Inventarios))
#5 C:\xampp\htdocs\etic-system\system\CodeIgniter.php(318): CodeIgniter\CodeIgniter->handleRequest(NULL, Object(Config\Cache), false)
#6 C:\xampp\htdocs\etic-system\public\index.php(37): CodeIgniter\CodeIgniter->run()
#7 {main}
ERROR - 2023-10-17 12:58:55 --> The user specified as a definer ('u695808356_root'@'%') does not exist
CRITICAL - 2023-10-17 12:58:55 --> Call to a member function getResult() on bool
#0 C:\xampp\htdocs\etic-system\system\BaseModel.php(584): CodeIgniter\Model->doFindAll(0, 0)
#1 C:\xampp\htdocs\etic-system\app\Models\InventariosMdl.php(67): CodeIgniter\BaseModel->findAll()
#2 C:\xampp\htdocs\etic-system\app\Controllers\Inventarios.php(80): App\Models\InventariosMdl->conteo('5B8829AA-4111-4...')
#3 C:\xampp\htdocs\etic-system\system\CodeIgniter.php(824): App\Controllers\Inventarios->obtenerArbol()
#4 C:\xampp\htdocs\etic-system\system\CodeIgniter.php(410): CodeIgniter\CodeIgniter->runController(Object(App\Controllers\Inventarios))
#5 C:\xampp\htdocs\etic-system\system\CodeIgniter.php(318): CodeIgniter\CodeIgniter->handleRequest(NULL, Object(Config\Cache), false)
#6 C:\xampp\htdocs\etic-system\public\index.php(37): CodeIgniter\CodeIgniter->run()
#7 {main}
ERROR - 2023-10-17 12:59:14 --> The user specified as a definer ('u695808356_root'@'%') does not exist
CRITICAL - 2023-10-17 12:59:14 --> Call to a member function getResult() on bool
#0 C:\xampp\htdocs\etic-system\system\BaseModel.php(584): CodeIgniter\Model->doFindAll(0, 0)
#1 C:\xampp\htdocs\etic-system\app\Models\LineaBaseMdl.php(81): CodeIgniter\BaseModel->findAll()
#2 C:\xampp\htdocs\etic-system\app\Controllers\Inventarios.php(815): App\Models\LineaBaseMdl->getHistorialBaseLine('', 'FF81F078-20FC-4...')
#3 C:\xampp\htdocs\etic-system\system\CodeIgniter.php(824): App\Controllers\Inventarios->getHistorialBaseLine()
#4 C:\xampp\htdocs\etic-system\system\CodeIgniter.php(410): CodeIgniter\CodeIgniter->runController(Object(App\Controllers\Inventarios))
#5 C:\xampp\htdocs\etic-system\system\CodeIgniter.php(318): CodeIgniter\CodeIgniter->handleRequest(NULL, Object(Config\Cache), false)
#6 C:\xampp\htdocs\etic-system\public\index.php(37): CodeIgniter\CodeIgniter->run()
#7 {main}
ERROR - 2023-10-17 12:59:14 --> The user specified as a definer ('u695808356_root'@'%') does not exist
CRITICAL - 2023-10-17 12:59:14 --> Call to a member function getResult() on bool
#0 C:\xampp\htdocs\etic-system\system\BaseModel.php(584): CodeIgniter\Model->doFindAll(0, 0)
#1 C:\xampp\htdocs\etic-system\app\Models\InventariosMdl.php(67): CodeIgniter\BaseModel->findAll()
#2 C:\xampp\htdocs\etic-system\app\Controllers\Inventarios.php(80): App\Models\InventariosMdl->conteo('5B8829AA-4111-4...')
#3 C:\xampp\htdocs\etic-system\system\CodeIgniter.php(824): App\Controllers\Inventarios->obtenerArbol()
#4 C:\xampp\htdocs\etic-system\system\CodeIgniter.php(410): CodeIgniter\CodeIgniter->runController(Object(App\Controllers\Inventarios))
#5 C:\xampp\htdocs\etic-system\system\CodeIgniter.php(318): CodeIgniter\CodeIgniter->handleRequest(NULL, Object(Config\Cache), false)
#6 C:\xampp\htdocs\etic-system\public\index.php(37): CodeIgniter\CodeIgniter->run()
#7 {main}
CRITICAL - 2023-10-17 13:02:11 --> Undefined array key 0
#0 C:\xampp\htdocs\etic-system\app\Controllers\Inspecciones.php(304): CodeIgniter\Debug\Exceptions->errorHandler(2, 'Undefined array...', 'C:\\xampp\\htdocs...', 304)
#1 C:\xampp\htdocs\etic-system\system\CodeIgniter.php(824): App\Controllers\Inspecciones->cargar_bd_inspeccion()
#2 C:\xampp\htdocs\etic-system\system\CodeIgniter.php(410): CodeIgniter\CodeIgniter->runController(Object(App\Controllers\Inspecciones))
#3 C:\xampp\htdocs\etic-system\system\CodeIgniter.php(318): CodeIgniter\CodeIgniter->handleRequest(NULL, Object(Config\Cache), false)
#4 C:\xampp\htdocs\etic-system\public\index.php(37): CodeIgniter\CodeIgniter->run()
#5 {main}
CRITICAL - 2023-10-17 13:02:22 --> Undefined array key 0
#0 C:\xampp\htdocs\etic-system\app\Controllers\Inspecciones.php(304): CodeIgniter\Debug\Exceptions->errorHandler(2, 'Undefined array...', 'C:\\xampp\\htdocs...', 304)
#1 C:\xampp\htdocs\etic-system\system\CodeIgniter.php(824): App\Controllers\Inspecciones->cargar_bd_inspeccion()
#2 C:\xampp\htdocs\etic-system\system\CodeIgniter.php(410): CodeIgniter\CodeIgniter->runController(Object(App\Controllers\Inspecciones))
#3 C:\xampp\htdocs\etic-system\system\CodeIgniter.php(318): CodeIgniter\CodeIgniter->handleRequest(NULL, Object(Config\Cache), false)
#4 C:\xampp\htdocs\etic-system\public\index.php(37): CodeIgniter\CodeIgniter->run()
#5 {main}
ERROR - 2023-10-17 13:02:38 --> The user specified as a definer ('u695808356_root'@'%') does not exist
CRITICAL - 2023-10-17 13:02:38 --> Call to a member function getResult() on bool
#0 C:\xampp\htdocs\etic-system\system\BaseModel.php(584): CodeIgniter\Model->doFindAll(0, 0)
#1 C:\xampp\htdocs\etic-system\app\Models\LineaBaseMdl.php(81): CodeIgniter\BaseModel->findAll()
#2 C:\xampp\htdocs\etic-system\app\Controllers\Inventarios.php(815): App\Models\LineaBaseMdl->getHistorialBaseLine('', 'FF81F078-20FC-4...')
#3 C:\xampp\htdocs\etic-system\system\CodeIgniter.php(824): App\Controllers\Inventarios->getHistorialBaseLine()
#4 C:\xampp\htdocs\etic-system\system\CodeIgniter.php(410): CodeIgniter\CodeIgniter->runController(Object(App\Controllers\Inventarios))
#5 C:\xampp\htdocs\etic-system\system\CodeIgniter.php(318): CodeIgniter\CodeIgniter->handleRequest(NULL, Object(Config\Cache), false)
#6 C:\xampp\htdocs\etic-system\public\index.php(37): CodeIgniter\CodeIgniter->run()
#7 {main}
ERROR - 2023-10-17 13:02:38 --> The user specified as a definer ('u695808356_root'@'%') does not exist
CRITICAL - 2023-10-17 13:02:38 --> Call to a member function getResult() on bool
#0 C:\xampp\htdocs\etic-system\system\BaseModel.php(584): CodeIgniter\Model->doFindAll(0, 0)
#1 C:\xampp\htdocs\etic-system\app\Models\InventariosMdl.php(67): CodeIgniter\BaseModel->findAll()
#2 C:\xampp\htdocs\etic-system\app\Controllers\Inventarios.php(80): App\Models\InventariosMdl->conteo('5B8829AA-4111-4...')
#3 C:\xampp\htdocs\etic-system\system\CodeIgniter.php(824): App\Controllers\Inventarios->obtenerArbol()
#4 C:\xampp\htdocs\etic-system\system\CodeIgniter.php(410): CodeIgniter\CodeIgniter->runController(Object(App\Controllers\Inventarios))
#5 C:\xampp\htdocs\etic-system\system\CodeIgniter.php(318): CodeIgniter\CodeIgniter->handleRequest(NULL, Object(Config\Cache), false)
#6 C:\xampp\htdocs\etic-system\public\index.php(37): CodeIgniter\CodeIgniter->run()
#7 {main}
CRITICAL - 2023-10-17 13:07:19 --> Undefined array key 0
#0 C:\xampp\htdocs\etic-system\app\Controllers\Inspecciones.php(304): CodeIgniter\Debug\Exceptions->errorHandler(2, 'Undefined array...', 'C:\\xampp\\htdocs...', 304)
#1 C:\xampp\htdocs\etic-system\system\CodeIgniter.php(824): App\Controllers\Inspecciones->cargar_bd_inspeccion()
#2 C:\xampp\htdocs\etic-system\system\CodeIgniter.php(410): CodeIgniter\CodeIgniter->runController(Object(App\Controllers\Inspecciones))
#3 C:\xampp\htdocs\etic-system\system\CodeIgniter.php(318): CodeIgniter\CodeIgniter->handleRequest(NULL, Object(Config\Cache), false)
#4 C:\xampp\htdocs\etic-system\public\index.php(37): CodeIgniter\CodeIgniter->run()
#5 {main}
ERROR - 2023-10-17 13:32:38 --> The user specified as a definer ('u695808356_root'@'%') does not exist
CRITICAL - 2023-10-17 13:32:38 --> Call to a member function getResult() on bool
#0 C:\xampp\htdocs\etic-system\system\BaseModel.php(584): CodeIgniter\Model->doFindAll(0, 0)
#1 C:\xampp\htdocs\etic-system\app\Models\LineaBaseMdl.php(81): CodeIgniter\BaseModel->findAll()
#2 C:\xampp\htdocs\etic-system\app\Controllers\Inventarios.php(815): App\Models\LineaBaseMdl->getHistorialBaseLine('', 'FF81F078-20FC-4...')
#3 C:\xampp\htdocs\etic-system\system\CodeIgniter.php(824): App\Controllers\Inventarios->getHistorialBaseLine()
#4 C:\xampp\htdocs\etic-system\system\CodeIgniter.php(410): CodeIgniter\CodeIgniter->runController(Object(App\Controllers\Inventarios))
#5 C:\xampp\htdocs\etic-system\system\CodeIgniter.php(318): CodeIgniter\CodeIgniter->handleRequest(NULL, Object(Config\Cache), false)
#6 C:\xampp\htdocs\etic-system\public\index.php(37): CodeIgniter\CodeIgniter->run()
#7 {main}
ERROR - 2023-10-17 13:32:39 --> The user specified as a definer ('u695808356_root'@'%') does not exist
CRITICAL - 2023-10-17 13:32:39 --> Call to a member function getResult() on bool
#0 C:\xampp\htdocs\etic-system\system\BaseModel.php(584): CodeIgniter\Model->doFindAll(0, 0)
#1 C:\xampp\htdocs\etic-system\app\Models\InventariosMdl.php(67): CodeIgniter\BaseModel->findAll()
#2 C:\xampp\htdocs\etic-system\app\Controllers\Inventarios.php(80): App\Models\InventariosMdl->conteo('5B8829AA-4111-4...')
#3 C:\xampp\htdocs\etic-system\system\CodeIgniter.php(824): App\Controllers\Inventarios->obtenerArbol()
#4 C:\xampp\htdocs\etic-system\system\CodeIgniter.php(410): CodeIgniter\CodeIgniter->runController(Object(App\Controllers\Inventarios))
#5 C:\xampp\htdocs\etic-system\system\CodeIgniter.php(318): CodeIgniter\CodeIgniter->handleRequest(NULL, Object(Config\Cache), false)
#6 C:\xampp\htdocs\etic-system\public\index.php(37): CodeIgniter\CodeIgniter->run()
#7 {main}
