CRITICAL - 2024-08-01 13:54:04 --> Undefined array key 0
#0 C:\xampp\htdocs\etic-system\app\Controllers\Inventarios.php(1053): CodeIgniter\Debug\Exceptions->errorHandler(2, 'Undefined array...', 'C:\\xampp\\htdocs...', 1053)
#1 C:\xampp\htdocs\etic-system\app\Controllers\Inventarios.php(446): App\Controllers\Inventarios->actualizarEstatusElementoPadre(NULL)
#2 C:\xampp\htdocs\etic-system\system\CodeIgniter.php(824): App\Controllers\Inventarios->nuevoProblema()
#3 C:\xampp\htdocs\etic-system\system\CodeIgniter.php(410): CodeIgniter\CodeIgniter->runController(Object(App\Controllers\Inventarios))
#4 C:\xampp\htdocs\etic-system\system\CodeIgniter.php(318): CodeIgniter\CodeIgniter->handleRequest(NULL, Object(Config\Cache), false)
#5 C:\xampp\htdocs\etic-system\public\index.php(37): CodeIgniter\CodeIgniter->run()
#6 {main}
CRITICAL - 2024-08-01 13:54:14 --> Undefined array key 0
#0 C:\xampp\htdocs\etic-system\app\Controllers\Inventarios.php(1053): CodeIgniter\Debug\Exceptions->errorHandler(2, 'Undefined array...', 'C:\\xampp\\htdocs...', 1053)
#1 C:\xampp\htdocs\etic-system\app\Controllers\Inventarios.php(446): App\Controllers\Inventarios->actualizarEstatusElementoPadre(NULL)
#2 C:\xampp\htdocs\etic-system\system\CodeIgniter.php(824): App\Controllers\Inventarios->nuevoProblema()
#3 C:\xampp\htdocs\etic-system\system\CodeIgniter.php(410): CodeIgniter\CodeIgniter->runController(Object(App\Controllers\Inventarios))
#4 C:\xampp\htdocs\etic-system\system\CodeIgniter.php(318): CodeIgniter\CodeIgniter->handleRequest(NULL, Object(Config\Cache), false)
#5 C:\xampp\htdocs\etic-system\public\index.php(37): CodeIgniter\CodeIgniter->run()
#6 {main}
ERROR - 2024-08-01 16:29:02 --> You have an error in your SQL syntax; check the manual that corresponds to your MariaDB server version for the right syntax to use near ')
ORDER BY `Fecha_Creacion` ASC' at line 5
CRITICAL - 2024-08-01 16:29:02 --> Call to a member function getResult() on bool
#0 C:\xampp\htdocs\etic-system\system\BaseModel.php(584): CodeIgniter\Model->doFindAll(0, 0)
#1 C:\xampp\htdocs\etic-system\app\Models\ProblemasMdl.php(182): CodeIgniter\BaseModel->findAll()
#2 C:\xampp\htdocs\etic-system\app\Controllers\Inventarios.php(327): App\Models\ProblemasMdl->getProblemas_Sitio(Array, 'Fecha_Creacion ...')
#3 C:\xampp\htdocs\etic-system\system\CodeIgniter.php(824): App\Controllers\Inventarios->getProblemas_Sitio('7B56774F-D176-4...')
#4 C:\xampp\htdocs\etic-system\system\CodeIgniter.php(410): CodeIgniter\CodeIgniter->runController(Object(App\Controllers\Inventarios))
#5 C:\xampp\htdocs\etic-system\system\CodeIgniter.php(318): CodeIgniter\CodeIgniter->handleRequest(NULL, Object(Config\Cache), false)
#6 C:\xampp\htdocs\etic-system\public\index.php(37): CodeIgniter\CodeIgniter->run()
#7 {main}
ERROR - 2024-08-01 16:31:50 --> You have an error in your SQL syntax; check the manual that corresponds to your MariaDB server version for the right syntax to use near ')
ORDER BY `Fecha_Creacion` ASC' at line 5
CRITICAL - 2024-08-01 16:31:50 --> Call to a member function getResult() on bool
#0 C:\xampp\htdocs\etic-system\system\BaseModel.php(584): CodeIgniter\Model->doFindAll(0, 0)
#1 C:\xampp\htdocs\etic-system\app\Models\ProblemasMdl.php(182): CodeIgniter\BaseModel->findAll()
#2 C:\xampp\htdocs\etic-system\app\Controllers\Inventarios.php(327): App\Models\ProblemasMdl->getProblemas_Sitio(Array, 'Fecha_Creacion ...')
#3 C:\xampp\htdocs\etic-system\system\CodeIgniter.php(824): App\Controllers\Inventarios->getProblemas_Sitio('7B56774F-D176-4...')
#4 C:\xampp\htdocs\etic-system\system\CodeIgniter.php(410): CodeIgniter\CodeIgniter->runController(Object(App\Controllers\Inventarios))
#5 C:\xampp\htdocs\etic-system\system\CodeIgniter.php(318): CodeIgniter\CodeIgniter->handleRequest(NULL, Object(Config\Cache), false)
#6 C:\xampp\htdocs\etic-system\public\index.php(37): CodeIgniter\CodeIgniter->run()
#7 {main}
ERROR - 2024-08-01 16:36:44 --> You have an error in your SQL syntax; check the manual that corresponds to your MariaDB server version for the right syntax to use near ')
ORDER BY `Fecha_Creacion` ASC' at line 5
CRITICAL - 2024-08-01 16:36:44 --> Call to a member function getResult() on bool
#0 C:\xampp\htdocs\etic-system\system\BaseModel.php(584): CodeIgniter\Model->doFindAll(0, 0)
#1 C:\xampp\htdocs\etic-system\app\Models\ProblemasMdl.php(182): CodeIgniter\BaseModel->findAll()
#2 C:\xampp\htdocs\etic-system\app\Controllers\Inventarios.php(327): App\Models\ProblemasMdl->getProblemas_Sitio(Array, 'Fecha_Creacion ...')
#3 C:\xampp\htdocs\etic-system\system\CodeIgniter.php(824): App\Controllers\Inventarios->getProblemas_Sitio('7B56774F-D176-4...')
#4 C:\xampp\htdocs\etic-system\system\CodeIgniter.php(410): CodeIgniter\CodeIgniter->runController(Object(App\Controllers\Inventarios))
#5 C:\xampp\htdocs\etic-system\system\CodeIgniter.php(318): CodeIgniter\CodeIgniter->handleRequest(NULL, Object(Config\Cache), false)
#6 C:\xampp\htdocs\etic-system\public\index.php(37): CodeIgniter\CodeIgniter->run()
#7 {main}
ERROR - 2024-08-01 16:36:54 --> You have an error in your SQL syntax; check the manual that corresponds to your MariaDB server version for the right syntax to use near ')
ORDER BY `Fecha_Creacion` ASC' at line 5
CRITICAL - 2024-08-01 16:36:54 --> Call to a member function getResult() on bool
#0 C:\xampp\htdocs\etic-system\system\BaseModel.php(584): CodeIgniter\Model->doFindAll(0, 0)
#1 C:\xampp\htdocs\etic-system\app\Models\ProblemasMdl.php(182): CodeIgniter\BaseModel->findAll()
#2 C:\xampp\htdocs\etic-system\app\Controllers\Inventarios.php(327): App\Models\ProblemasMdl->getProblemas_Sitio(Array, 'Fecha_Creacion ...')
#3 C:\xampp\htdocs\etic-system\system\CodeIgniter.php(824): App\Controllers\Inventarios->getProblemas_Sitio('7B56774F-D176-4...')
#4 C:\xampp\htdocs\etic-system\system\CodeIgniter.php(410): CodeIgniter\CodeIgniter->runController(Object(App\Controllers\Inventarios))
#5 C:\xampp\htdocs\etic-system\system\CodeIgniter.php(318): CodeIgniter\CodeIgniter->handleRequest(NULL, Object(Config\Cache), false)
#6 C:\xampp\htdocs\etic-system\public\index.php(37): CodeIgniter\CodeIgniter->run()
#7 {main}
CRITICAL - 2024-08-01 16:37:38 --> Undefined array key 0
#0 C:\xampp\htdocs\etic-system\app\Controllers\Inspecciones.php(343): CodeIgniter\Debug\Exceptions->errorHandler(2, 'Undefined array...', 'C:\\xampp\\htdocs...', 343)
#1 C:\xampp\htdocs\etic-system\system\CodeIgniter.php(824): App\Controllers\Inspecciones->cargar_bd_inspeccion()
#2 C:\xampp\htdocs\etic-system\system\CodeIgniter.php(410): CodeIgniter\CodeIgniter->runController(Object(App\Controllers\Inspecciones))
#3 C:\xampp\htdocs\etic-system\system\CodeIgniter.php(318): CodeIgniter\CodeIgniter->handleRequest(NULL, Object(Config\Cache), false)
#4 C:\xampp\htdocs\etic-system\public\index.php(37): CodeIgniter\CodeIgniter->run()
#5 {main}
CRITICAL - 2024-08-01 17:30:27 --> Undefined array key 0
#0 C:\xampp\htdocs\etic-system\app\Controllers\Inventarios.php(1053): CodeIgniter\Debug\Exceptions->errorHandler(2, 'Undefined array...', 'C:\\xampp\\htdocs...', 1053)
#1 C:\xampp\htdocs\etic-system\app\Controllers\Inventarios.php(768): App\Controllers\Inventarios->actualizarEstatusElementoPadre('undefined')
#2 C:\xampp\htdocs\etic-system\system\CodeIgniter.php(824): App\Controllers\Inventarios->guardarBaseLine()
#3 C:\xampp\htdocs\etic-system\system\CodeIgniter.php(410): CodeIgniter\CodeIgniter->runController(Object(App\Controllers\Inventarios))
#4 C:\xampp\htdocs\etic-system\system\CodeIgniter.php(318): CodeIgniter\CodeIgniter->handleRequest(NULL, Object(Config\Cache), false)
#5 C:\xampp\htdocs\etic-system\public\index.php(37): CodeIgniter\CodeIgniter->run()
#6 {main}
CRITICAL - 2024-08-01 18:16:06 --> Undefined array key 0
#0 C:\xampp\htdocs\etic-system\app\Controllers\Inventarios.php(1053): CodeIgniter\Debug\Exceptions->errorHandler(2, 'Undefined array...', 'C:\\xampp\\htdocs...', 1053)
#1 C:\xampp\htdocs\etic-system\app\Controllers\Inventarios.php(768): App\Controllers\Inventarios->actualizarEstatusElementoPadre('0')
#2 C:\xampp\htdocs\etic-system\system\CodeIgniter.php(824): App\Controllers\Inventarios->guardarBaseLine()
#3 C:\xampp\htdocs\etic-system\system\CodeIgniter.php(410): CodeIgniter\CodeIgniter->runController(Object(App\Controllers\Inventarios))
#4 C:\xampp\htdocs\etic-system\system\CodeIgniter.php(318): CodeIgniter\CodeIgniter->handleRequest(NULL, Object(Config\Cache), false)
#5 C:\xampp\htdocs\etic-system\public\index.php(37): CodeIgniter\CodeIgniter->run()
#6 {main}
CRITICAL - 2024-08-01 18:25:06 --> Undefined array key 0
#0 C:\xampp\htdocs\etic-system\app\Controllers\Inventarios.php(1053): CodeIgniter\Debug\Exceptions->errorHandler(2, 'Undefined array...', 'C:\\xampp\\htdocs...', 1053)
#1 C:\xampp\htdocs\etic-system\app\Controllers\Inventarios.php(768): App\Controllers\Inventarios->actualizarEstatusElementoPadre('0')
#2 C:\xampp\htdocs\etic-system\system\CodeIgniter.php(824): App\Controllers\Inventarios->guardarBaseLine()
#3 C:\xampp\htdocs\etic-system\system\CodeIgniter.php(410): CodeIgniter\CodeIgniter->runController(Object(App\Controllers\Inventarios))
#4 C:\xampp\htdocs\etic-system\system\CodeIgniter.php(318): CodeIgniter\CodeIgniter->handleRequest(NULL, Object(Config\Cache), false)
#5 C:\xampp\htdocs\etic-system\public\index.php(37): CodeIgniter\CodeIgniter->run()
#6 {main}
CRITICAL - 2024-08-01 21:33:33 --> Undefined array key 0
#0 C:\xampp\htdocs\etic-system\app\Controllers\Inventarios.php(1053): CodeIgniter\Debug\Exceptions->errorHandler(2, 'Undefined array...', 'C:\\xampp\\htdocs...', 1053)
#1 C:\xampp\htdocs\etic-system\app\Controllers\Inventarios.php(768): App\Controllers\Inventarios->actualizarEstatusElementoPadre('undefined')
#2 C:\xampp\htdocs\etic-system\system\CodeIgniter.php(824): App\Controllers\Inventarios->guardarBaseLine()
#3 C:\xampp\htdocs\etic-system\system\CodeIgniter.php(410): CodeIgniter\CodeIgniter->runController(Object(App\Controllers\Inventarios))
#4 C:\xampp\htdocs\etic-system\system\CodeIgniter.php(318): CodeIgniter\CodeIgniter->handleRequest(NULL, Object(Config\Cache), false)
#5 C:\xampp\htdocs\etic-system\public\index.php(37): CodeIgniter\CodeIgniter->run()
#6 {main}
