CRITICAL - 2023-11-01 00:00:50 --> fopen(http://etic-system.local/Archivos_ETIC/inspecciones/1996/Imagenes/ALINEACION%20GRAFICA.PNG): Failed to open stream: HTTP request failed! HTTP/1.1 404 Not Found

#0 [internal function]: CodeIgniter\Debug\Exceptions->errorHandler(2, 'fopen(http://et...', 'C:\\xampp\\htdocs...', 1285)
#1 C:\xampp\htdocs\etic-system\app\ThirdParty\fpdf\FPDF.php(1285): fopen('http://etic-sys...', 'rb')
#2 C:\xampp\htdocs\etic-system\app\ThirdParty\fpdf\FPDF.php(913): App\ThirdParty\fpdf\FPDF->_parsepng('http://etic-sys...')
#3 C:\xampp\htdocs\etic-system\app\Controllers\Inventarios.php(3119): App\ThirdParty\fpdf\FPDF->Image('http://etic-sys...', 75, 187, 60, 50)
#4 C:\xampp\htdocs\etic-system\system\CodeIgniter.php(824): App\Controllers\Inventarios->generarResultadoDeAnalisis()
#5 C:\xampp\htdocs\etic-system\system\CodeIgniter.php(410): CodeIgniter\CodeIgniter->runController(Object(App\Controllers\Inventarios))
#6 C:\xampp\htdocs\etic-system\system\CodeIgniter.php(318): CodeIgniter\CodeIgniter->handleRequest(NULL, Object(Config\Cache), false)
#7 C:\xampp\htdocs\etic-system\public\index.php(37): CodeIgniter\CodeIgniter->run()
#8 {main}
CRITICAL - 2023-11-01 00:01:07 --> Trying to access array offset on value of type null
#0 C:\xampp\htdocs\etic-system\app\Controllers\Inventarios.php(2531): CodeIgniter\Debug\Exceptions->errorHandler(2, 'Trying to acces...', 'C:\\xampp\\htdocs...', 2531)
#1 C:\xampp\htdocs\etic-system\system\CodeIgniter.php(824): App\Controllers\Inventarios->generarResultadoDeAnalisis()
#2 C:\xampp\htdocs\etic-system\system\CodeIgniter.php(410): CodeIgniter\CodeIgniter->runController(Object(App\Controllers\Inventarios))
#3 C:\xampp\htdocs\etic-system\system\CodeIgniter.php(318): CodeIgniter\CodeIgniter->handleRequest(NULL, Object(Config\Cache), false)
#4 C:\xampp\htdocs\etic-system\public\index.php(37): CodeIgniter\CodeIgniter->run()
#5 {main}
CRITICAL - 2023-11-01 00:04:05 --> fopen(http://etic-system.local/Archivos_ETIC/inspecciones/1996/Imagenes/ALINEACION%20GRAFICA.PNG): Failed to open stream: HTTP request failed! HTTP/1.1 404 Not Found

#0 [internal function]: CodeIgniter\Debug\Exceptions->errorHandler(2, 'fopen(http://et...', 'C:\\xampp\\htdocs...', 1285)
#1 C:\xampp\htdocs\etic-system\app\ThirdParty\fpdf\FPDF.php(1285): fopen('http://etic-sys...', 'rb')
#2 C:\xampp\htdocs\etic-system\app\ThirdParty\fpdf\FPDF.php(913): App\ThirdParty\fpdf\FPDF->_parsepng('http://etic-sys...')
#3 C:\xampp\htdocs\etic-system\app\Controllers\Inventarios.php(3119): App\ThirdParty\fpdf\FPDF->Image('http://etic-sys...', 75, 187, 60, 50)
#4 C:\xampp\htdocs\etic-system\system\CodeIgniter.php(824): App\Controllers\Inventarios->generarResultadoDeAnalisis()
#5 C:\xampp\htdocs\etic-system\system\CodeIgniter.php(410): CodeIgniter\CodeIgniter->runController(Object(App\Controllers\Inventarios))
#6 C:\xampp\htdocs\etic-system\system\CodeIgniter.php(318): CodeIgniter\CodeIgniter->handleRequest(NULL, Object(Config\Cache), false)
#7 C:\xampp\htdocs\etic-system\public\index.php(37): CodeIgniter\CodeIgniter->run()
#8 {main}
CRITICAL - 2023-11-01 00:04:35 --> fopen(http://etic-system.local/Archivos_ETIC/inspecciones/1996/Imagenes/ALINEACION%20GRAFICA.PNG): Failed to open stream: HTTP request failed! HTTP/1.1 404 Not Found

#0 [internal function]: CodeIgniter\Debug\Exceptions->errorHandler(2, 'fopen(http://et...', 'C:\\xampp\\htdocs...', 1285)
#1 C:\xampp\htdocs\etic-system\app\ThirdParty\fpdf\FPDF.php(1285): fopen('http://etic-sys...', 'rb')
#2 C:\xampp\htdocs\etic-system\app\ThirdParty\fpdf\FPDF.php(913): App\ThirdParty\fpdf\FPDF->_parsepng('http://etic-sys...')
#3 C:\xampp\htdocs\etic-system\app\Controllers\Inventarios.php(3119): App\ThirdParty\fpdf\FPDF->Image('http://etic-sys...', 75, 187, 60, 50)
#4 C:\xampp\htdocs\etic-system\system\CodeIgniter.php(824): App\Controllers\Inventarios->generarResultadoDeAnalisis()
#5 C:\xampp\htdocs\etic-system\system\CodeIgniter.php(410): CodeIgniter\CodeIgniter->runController(Object(App\Controllers\Inventarios))
#6 C:\xampp\htdocs\etic-system\system\CodeIgniter.php(318): CodeIgniter\CodeIgniter->handleRequest(NULL, Object(Config\Cache), false)
#7 C:\xampp\htdocs\etic-system\public\index.php(37): CodeIgniter\CodeIgniter->run()
#8 {main}
CRITICAL - 2023-11-01 00:04:38 --> Trying to access array offset on value of type null
#0 C:\xampp\htdocs\etic-system\app\Controllers\Inventarios.php(2569): CodeIgniter\Debug\Exceptions->errorHandler(2, 'Trying to acces...', 'C:\\xampp\\htdocs...', 2569)
#1 C:\xampp\htdocs\etic-system\system\CodeIgniter.php(824): App\Controllers\Inventarios->generarResultadoDeAnalisis()
#2 C:\xampp\htdocs\etic-system\system\CodeIgniter.php(410): CodeIgniter\CodeIgniter->runController(Object(App\Controllers\Inventarios))
#3 C:\xampp\htdocs\etic-system\system\CodeIgniter.php(318): CodeIgniter\CodeIgniter->handleRequest(NULL, Object(Config\Cache), false)
#4 C:\xampp\htdocs\etic-system\public\index.php(37): CodeIgniter\CodeIgniter->run()
#5 {main}
CRITICAL - 2023-11-01 00:05:42 --> fopen(http://etic-system.local/Archivos_ETIC/inspecciones/1996/Imagenes/ALINEACION%20GRAFICA.PNG): Failed to open stream: HTTP request failed! HTTP/1.1 404 Not Found

#0 [internal function]: CodeIgniter\Debug\Exceptions->errorHandler(2, 'fopen(http://et...', 'C:\\xampp\\htdocs...', 1285)
#1 C:\xampp\htdocs\etic-system\app\ThirdParty\fpdf\FPDF.php(1285): fopen('http://etic-sys...', 'rb')
#2 C:\xampp\htdocs\etic-system\app\ThirdParty\fpdf\FPDF.php(913): App\ThirdParty\fpdf\FPDF->_parsepng('http://etic-sys...')
#3 C:\xampp\htdocs\etic-system\app\Controllers\Inventarios.php(3119): App\ThirdParty\fpdf\FPDF->Image('http://etic-sys...', 75, 187, 60, 50)
#4 C:\xampp\htdocs\etic-system\system\CodeIgniter.php(824): App\Controllers\Inventarios->generarResultadoDeAnalisis()
#5 C:\xampp\htdocs\etic-system\system\CodeIgniter.php(410): CodeIgniter\CodeIgniter->runController(Object(App\Controllers\Inventarios))
#6 C:\xampp\htdocs\etic-system\system\CodeIgniter.php(318): CodeIgniter\CodeIgniter->handleRequest(NULL, Object(Config\Cache), false)
#7 C:\xampp\htdocs\etic-system\public\index.php(37): CodeIgniter\CodeIgniter->run()
#8 {main}
CRITICAL - 2023-11-01 00:05:59 --> Trying to access array offset on value of type null
#0 C:\xampp\htdocs\etic-system\app\Controllers\Inventarios.php(2579): CodeIgniter\Debug\Exceptions->errorHandler(2, 'Trying to acces...', 'C:\\xampp\\htdocs...', 2579)
#1 C:\xampp\htdocs\etic-system\system\CodeIgniter.php(824): App\Controllers\Inventarios->generarResultadoDeAnalisis()
#2 C:\xampp\htdocs\etic-system\system\CodeIgniter.php(410): CodeIgniter\CodeIgniter->runController(Object(App\Controllers\Inventarios))
#3 C:\xampp\htdocs\etic-system\system\CodeIgniter.php(318): CodeIgniter\CodeIgniter->handleRequest(NULL, Object(Config\Cache), false)
#4 C:\xampp\htdocs\etic-system\public\index.php(37): CodeIgniter\CodeIgniter->run()
#5 {main}
CRITICAL - 2023-11-01 08:22:35 --> fopen(http://etic-system.local/Archivos_ETIC/inspecciones/1996/Imagenes/ALINEACION%20GRAFICA.PNG): Failed to open stream: HTTP request failed! HTTP/1.1 404 Not Found

#0 [internal function]: CodeIgniter\Debug\Exceptions->errorHandler(2, 'fopen(http://et...', 'C:\\xampp\\htdocs...', 1285)
#1 C:\xampp\htdocs\etic-system\app\ThirdParty\fpdf\FPDF.php(1285): fopen('http://etic-sys...', 'rb')
#2 C:\xampp\htdocs\etic-system\app\ThirdParty\fpdf\FPDF.php(913): App\ThirdParty\fpdf\FPDF->_parsepng('http://etic-sys...')
#3 C:\xampp\htdocs\etic-system\app\Controllers\Inventarios.php(3119): App\ThirdParty\fpdf\FPDF->Image('http://etic-sys...', 75, 187, 60, 50)
#4 C:\xampp\htdocs\etic-system\system\CodeIgniter.php(824): App\Controllers\Inventarios->generarResultadoDeAnalisis()
#5 C:\xampp\htdocs\etic-system\system\CodeIgniter.php(410): CodeIgniter\CodeIgniter->runController(Object(App\Controllers\Inventarios))
#6 C:\xampp\htdocs\etic-system\system\CodeIgniter.php(318): CodeIgniter\CodeIgniter->handleRequest(NULL, Object(Config\Cache), false)
#7 C:\xampp\htdocs\etic-system\public\index.php(37): CodeIgniter\CodeIgniter->run()
#8 {main}
CRITICAL - 2023-11-01 11:42:50 --> fopen(http://etic-system.local/Archivos_ETIC/inspecciones/1996/Imagenes/ALINEACION%20GRAFICA.PNG): Failed to open stream: HTTP request failed! HTTP/1.1 404 Not Found

#0 [internal function]: CodeIgniter\Debug\Exceptions->errorHandler(2, 'fopen(http://et...', 'C:\\xampp\\htdocs...', 1285)
#1 C:\xampp\htdocs\etic-system\app\ThirdParty\fpdf\FPDF.php(1285): fopen('http://etic-sys...', 'rb')
#2 C:\xampp\htdocs\etic-system\app\ThirdParty\fpdf\FPDF.php(913): App\ThirdParty\fpdf\FPDF->_parsepng('http://etic-sys...')
#3 C:\xampp\htdocs\etic-system\app\Controllers\Inventarios.php(3119): App\ThirdParty\fpdf\FPDF->Image('http://etic-sys...', 75, 187, 60, 50)
#4 C:\xampp\htdocs\etic-system\system\CodeIgniter.php(824): App\Controllers\Inventarios->generarResultadoDeAnalisis()
#5 C:\xampp\htdocs\etic-system\system\CodeIgniter.php(410): CodeIgniter\CodeIgniter->runController(Object(App\Controllers\Inventarios))
#6 C:\xampp\htdocs\etic-system\system\CodeIgniter.php(318): CodeIgniter\CodeIgniter->handleRequest(NULL, Object(Config\Cache), false)
#7 C:\xampp\htdocs\etic-system\public\index.php(37): CodeIgniter\CodeIgniter->run()
#8 {main}
CRITICAL - 2023-11-01 11:43:43 --> fopen(http://etic-system.local/Archivos_ETIC/inspecciones/1996/Imagenes/ALINEACION%20GRAFICA.PNG): Failed to open stream: HTTP request failed! HTTP/1.1 404 Not Found

#0 [internal function]: CodeIgniter\Debug\Exceptions->errorHandler(2, 'fopen(http://et...', 'C:\\xampp\\htdocs...', 1285)
#1 C:\xampp\htdocs\etic-system\app\ThirdParty\fpdf\FPDF.php(1285): fopen('http://etic-sys...', 'rb')
#2 C:\xampp\htdocs\etic-system\app\ThirdParty\fpdf\FPDF.php(913): App\ThirdParty\fpdf\FPDF->_parsepng('http://etic-sys...')
#3 C:\xampp\htdocs\etic-system\app\Controllers\Inventarios.php(3119): App\ThirdParty\fpdf\FPDF->Image('http://etic-sys...', 75, 187, 60, 50)
#4 C:\xampp\htdocs\etic-system\system\CodeIgniter.php(824): App\Controllers\Inventarios->generarResultadoDeAnalisis()
#5 C:\xampp\htdocs\etic-system\system\CodeIgniter.php(410): CodeIgniter\CodeIgniter->runController(Object(App\Controllers\Inventarios))
#6 C:\xampp\htdocs\etic-system\system\CodeIgniter.php(318): CodeIgniter\CodeIgniter->handleRequest(NULL, Object(Config\Cache), false)
#7 C:\xampp\htdocs\etic-system\public\index.php(37): CodeIgniter\CodeIgniter->run()
#8 {main}
CRITICAL - 2023-11-01 12:07:03 --> fopen(http://etic-system.local/Archivos_ETIC/inspecciones/1996/Imagenes/ALINEACION%20GRAFICA.PNG): Failed to open stream: HTTP request failed! HTTP/1.1 404 Not Found

#0 [internal function]: CodeIgniter\Debug\Exceptions->errorHandler(2, 'fopen(http://et...', 'C:\\xampp\\htdocs...', 1285)
#1 C:\xampp\htdocs\etic-system\app\ThirdParty\fpdf\FPDF.php(1285): fopen('http://etic-sys...', 'rb')
#2 C:\xampp\htdocs\etic-system\app\ThirdParty\fpdf\FPDF.php(913): App\ThirdParty\fpdf\FPDF->_parsepng('http://etic-sys...')
#3 C:\xampp\htdocs\etic-system\app\Controllers\Inventarios.php(3119): App\ThirdParty\fpdf\FPDF->Image('http://etic-sys...', 75, 187, 60, 50)
#4 C:\xampp\htdocs\etic-system\system\CodeIgniter.php(824): App\Controllers\Inventarios->generarResultadoDeAnalisis()
#5 C:\xampp\htdocs\etic-system\system\CodeIgniter.php(410): CodeIgniter\CodeIgniter->runController(Object(App\Controllers\Inventarios))
#6 C:\xampp\htdocs\etic-system\system\CodeIgniter.php(318): CodeIgniter\CodeIgniter->handleRequest(NULL, Object(Config\Cache), false)
#7 C:\xampp\htdocs\etic-system\public\index.php(37): CodeIgniter\CodeIgniter->run()
#8 {main}
CRITICAL - 2023-11-01 12:07:40 --> fopen(http://etic-system.local/Archivos_ETIC/inspecciones/1996/Imagenes/ALINEACION%20GRAFICA.PNG): Failed to open stream: HTTP request failed! HTTP/1.1 404 Not Found

#0 [internal function]: CodeIgniter\Debug\Exceptions->errorHandler(2, 'fopen(http://et...', 'C:\\xampp\\htdocs...', 1285)
#1 C:\xampp\htdocs\etic-system\app\ThirdParty\fpdf\FPDF.php(1285): fopen('http://etic-sys...', 'rb')
#2 C:\xampp\htdocs\etic-system\app\ThirdParty\fpdf\FPDF.php(913): App\ThirdParty\fpdf\FPDF->_parsepng('http://etic-sys...')
#3 C:\xampp\htdocs\etic-system\app\Controllers\Inventarios.php(3119): App\ThirdParty\fpdf\FPDF->Image('http://etic-sys...', 75, 187, 60, 50)
#4 C:\xampp\htdocs\etic-system\system\CodeIgniter.php(824): App\Controllers\Inventarios->generarResultadoDeAnalisis()
#5 C:\xampp\htdocs\etic-system\system\CodeIgniter.php(410): CodeIgniter\CodeIgniter->runController(Object(App\Controllers\Inventarios))
#6 C:\xampp\htdocs\etic-system\system\CodeIgniter.php(318): CodeIgniter\CodeIgniter->handleRequest(NULL, Object(Config\Cache), false)
#7 C:\xampp\htdocs\etic-system\public\index.php(37): CodeIgniter\CodeIgniter->run()
#8 {main}
CRITICAL - 2023-11-01 12:11:07 --> fopen(http://etic-system.local/Archivos_ETIC/inspecciones/1996/Imagenes/ALINEACION%20GRAFICA.PNG): Failed to open stream: HTTP request failed! HTTP/1.1 404 Not Found

#0 [internal function]: CodeIgniter\Debug\Exceptions->errorHandler(2, 'fopen(http://et...', 'C:\\xampp\\htdocs...', 1285)
#1 C:\xampp\htdocs\etic-system\app\ThirdParty\fpdf\FPDF.php(1285): fopen('http://etic-sys...', 'rb')
#2 C:\xampp\htdocs\etic-system\app\ThirdParty\fpdf\FPDF.php(913): App\ThirdParty\fpdf\FPDF->_parsepng('http://etic-sys...')
#3 C:\xampp\htdocs\etic-system\app\Controllers\Inventarios.php(3119): App\ThirdParty\fpdf\FPDF->Image('http://etic-sys...', 75, 135, 60, 50)
#4 C:\xampp\htdocs\etic-system\system\CodeIgniter.php(824): App\Controllers\Inventarios->generarResultadoDeAnalisis()
#5 C:\xampp\htdocs\etic-system\system\CodeIgniter.php(410): CodeIgniter\CodeIgniter->runController(Object(App\Controllers\Inventarios))
#6 C:\xampp\htdocs\etic-system\system\CodeIgniter.php(318): CodeIgniter\CodeIgniter->handleRequest(NULL, Object(Config\Cache), false)
#7 C:\xampp\htdocs\etic-system\public\index.php(37): CodeIgniter\CodeIgniter->run()
#8 {main}
CRITICAL - 2023-11-01 12:22:38 --> fopen(http://etic-system.local/Archivos_ETIC/inspecciones/1996/Imagenes/ALINEACION%20GRAFICA.PNG): Failed to open stream: HTTP request failed! HTTP/1.1 404 Not Found

#0 [internal function]: CodeIgniter\Debug\Exceptions->errorHandler(2, 'fopen(http://et...', 'C:\\xampp\\htdocs...', 1285)
#1 C:\xampp\htdocs\etic-system\app\ThirdParty\fpdf\FPDF.php(1285): fopen('http://etic-sys...', 'rb')
#2 C:\xampp\htdocs\etic-system\app\ThirdParty\fpdf\FPDF.php(913): App\ThirdParty\fpdf\FPDF->_parsepng('http://etic-sys...')
#3 C:\xampp\htdocs\etic-system\app\Controllers\Inventarios.php(3119): App\ThirdParty\fpdf\FPDF->Image('http://etic-sys...', 75, 187, 60, 50)
#4 C:\xampp\htdocs\etic-system\system\CodeIgniter.php(824): App\Controllers\Inventarios->generarResultadoDeAnalisis()
#5 C:\xampp\htdocs\etic-system\system\CodeIgniter.php(410): CodeIgniter\CodeIgniter->runController(Object(App\Controllers\Inventarios))
#6 C:\xampp\htdocs\etic-system\system\CodeIgniter.php(318): CodeIgniter\CodeIgniter->handleRequest(NULL, Object(Config\Cache), false)
#7 C:\xampp\htdocs\etic-system\public\index.php(37): CodeIgniter\CodeIgniter->run()
#8 {main}
CRITICAL - 2023-11-01 12:23:10 --> fopen(http://etic-system.local/Archivos_ETIC/inspecciones/1996/Imagenes/ALINEACION%20GRAFICA.PNG): Failed to open stream: HTTP request failed! HTTP/1.1 404 Not Found

#0 [internal function]: CodeIgniter\Debug\Exceptions->errorHandler(2, 'fopen(http://et...', 'C:\\xampp\\htdocs...', 1285)
#1 C:\xampp\htdocs\etic-system\app\ThirdParty\fpdf\FPDF.php(1285): fopen('http://etic-sys...', 'rb')
#2 C:\xampp\htdocs\etic-system\app\ThirdParty\fpdf\FPDF.php(913): App\ThirdParty\fpdf\FPDF->_parsepng('http://etic-sys...')
#3 C:\xampp\htdocs\etic-system\app\Controllers\Inventarios.php(3119): App\ThirdParty\fpdf\FPDF->Image('http://etic-sys...', 75, 187, 60, 50)
#4 C:\xampp\htdocs\etic-system\system\CodeIgniter.php(824): App\Controllers\Inventarios->generarResultadoDeAnalisis()
#5 C:\xampp\htdocs\etic-system\system\CodeIgniter.php(410): CodeIgniter\CodeIgniter->runController(Object(App\Controllers\Inventarios))
#6 C:\xampp\htdocs\etic-system\system\CodeIgniter.php(318): CodeIgniter\CodeIgniter->handleRequest(NULL, Object(Config\Cache), false)
#7 C:\xampp\htdocs\etic-system\public\index.php(37): CodeIgniter\CodeIgniter->run()
#8 {main}
CRITICAL - 2023-11-01 12:28:06 --> fopen(http://etic-system.local/Archivos_ETIC/inspecciones/1996/Imagenes/abc.png): Failed to open stream: HTTP request failed! HTTP/1.1 404 Not Found

#0 [internal function]: CodeIgniter\Debug\Exceptions->errorHandler(2, 'fopen(http://et...', 'C:\\xampp\\htdocs...', 1285)
#1 C:\xampp\htdocs\etic-system\app\ThirdParty\fpdf\FPDF.php(1285): fopen('http://etic-sys...', 'rb')
#2 C:\xampp\htdocs\etic-system\app\ThirdParty\fpdf\FPDF.php(913): App\ThirdParty\fpdf\FPDF->_parsepng('http://etic-sys...')
#3 C:\xampp\htdocs\etic-system\app\Controllers\Inventarios.php(3118): App\ThirdParty\fpdf\FPDF->Image('http://etic-sys...', 125, 187, 60, 50)
#4 C:\xampp\htdocs\etic-system\system\CodeIgniter.php(824): App\Controllers\Inventarios->generarResultadoDeAnalisis()
#5 C:\xampp\htdocs\etic-system\system\CodeIgniter.php(410): CodeIgniter\CodeIgniter->runController(Object(App\Controllers\Inventarios))
#6 C:\xampp\htdocs\etic-system\system\CodeIgniter.php(318): CodeIgniter\CodeIgniter->handleRequest(NULL, Object(Config\Cache), false)
#7 C:\xampp\htdocs\etic-system\public\index.php(37): CodeIgniter\CodeIgniter->run()
#8 {main}
CRITICAL - 2023-11-01 12:28:34 --> fopen(http://etic-system.local/Archivos_ETIC/inspecciones/1996/Imagenes/abc.png): Failed to open stream: HTTP request failed! HTTP/1.1 404 Not Found

#0 [internal function]: CodeIgniter\Debug\Exceptions->errorHandler(2, 'fopen(http://et...', 'C:\\xampp\\htdocs...', 1285)
#1 C:\xampp\htdocs\etic-system\app\ThirdParty\fpdf\FPDF.php(1285): fopen('http://etic-sys...', 'rb')
#2 C:\xampp\htdocs\etic-system\app\ThirdParty\fpdf\FPDF.php(913): App\ThirdParty\fpdf\FPDF->_parsepng('http://etic-sys...')
#3 C:\xampp\htdocs\etic-system\app\Controllers\Inventarios.php(3119): App\ThirdParty\fpdf\FPDF->Image('http://etic-sys...', 75, 187, 60, 50)
#4 C:\xampp\htdocs\etic-system\system\CodeIgniter.php(824): App\Controllers\Inventarios->generarResultadoDeAnalisis()
#5 C:\xampp\htdocs\etic-system\system\CodeIgniter.php(410): CodeIgniter\CodeIgniter->runController(Object(App\Controllers\Inventarios))
#6 C:\xampp\htdocs\etic-system\system\CodeIgniter.php(318): CodeIgniter\CodeIgniter->handleRequest(NULL, Object(Config\Cache), false)
#7 C:\xampp\htdocs\etic-system\public\index.php(37): CodeIgniter\CodeIgniter->run()
#8 {main}
CRITICAL - 2023-11-01 12:30:19 --> getimagesize(http://etic-system.local/Archivos_ETIC/inspecciones/1996/Imagenes/abder.jpg): Failed to open stream: HTTP request failed! HTTP/1.1 404 Not Found

#0 [internal function]: CodeIgniter\Debug\Exceptions->errorHandler(2, 'getimagesize(ht...', 'C:\\xampp\\htdocs...', 1266)
#1 C:\xampp\htdocs\etic-system\app\ThirdParty\fpdf\FPDF.php(1266): getimagesize('http://etic-sys...')
#2 C:\xampp\htdocs\etic-system\app\ThirdParty\fpdf\FPDF.php(913): App\ThirdParty\fpdf\FPDF->_parsejpg('http://etic-sys...')
#3 C:\xampp\htdocs\etic-system\app\Controllers\Inventarios.php(3118): App\ThirdParty\fpdf\FPDF->Image('http://etic-sys...', 75, 187, 60, 50)
#4 C:\xampp\htdocs\etic-system\system\CodeIgniter.php(824): App\Controllers\Inventarios->generarResultadoDeAnalisis()
#5 C:\xampp\htdocs\etic-system\system\CodeIgniter.php(410): CodeIgniter\CodeIgniter->runController(Object(App\Controllers\Inventarios))
#6 C:\xampp\htdocs\etic-system\system\CodeIgniter.php(318): CodeIgniter\CodeIgniter->handleRequest(NULL, Object(Config\Cache), false)
#7 C:\xampp\htdocs\etic-system\public\index.php(37): CodeIgniter\CodeIgniter->run()
#8 {main}
CRITICAL - 2023-11-01 14:26:02 --> Undefined variable $pdf
#0 C:\xampp\htdocs\etic-system\app\Controllers\Inventarios.php(4033): CodeIgniter\Debug\Exceptions->errorHandler(2, 'Undefined varia...', 'C:\\xampp\\htdocs...', 4033)
#1 C:\xampp\htdocs\etic-system\app\ThirdParty\fpdf\FPDF.php(312): App\Controllers\PDF_RA->Footer()
#2 C:\xampp\htdocs\etic-system\app\Controllers\Inventarios.php(2549): App\ThirdParty\fpdf\FPDF->AddPage()
#3 C:\xampp\htdocs\etic-system\system\CodeIgniter.php(824): App\Controllers\Inventarios->generarResultadoDeAnalisis()
#4 C:\xampp\htdocs\etic-system\system\CodeIgniter.php(410): CodeIgniter\CodeIgniter->runController(Object(App\Controllers\Inventarios))
#5 C:\xampp\htdocs\etic-system\system\CodeIgniter.php(318): CodeIgniter\CodeIgniter->handleRequest(NULL, Object(Config\Cache), false)
#6 C:\xampp\htdocs\etic-system\public\index.php(37): CodeIgniter\CodeIgniter->run()
#7 {main}
CRITICAL - 2023-11-01 14:26:17 --> Undefined variable $pdf
#0 C:\xampp\htdocs\etic-system\app\Controllers\Inventarios.php(4033): CodeIgniter\Debug\Exceptions->errorHandler(2, 'Undefined varia...', 'C:\\xampp\\htdocs...', 4033)
#1 C:\xampp\htdocs\etic-system\app\ThirdParty\fpdf\FPDF.php(312): App\Controllers\PDF_RA->Footer()
#2 C:\xampp\htdocs\etic-system\app\Controllers\Inventarios.php(2549): App\ThirdParty\fpdf\FPDF->AddPage()
#3 C:\xampp\htdocs\etic-system\system\CodeIgniter.php(824): App\Controllers\Inventarios->generarResultadoDeAnalisis()
#4 C:\xampp\htdocs\etic-system\system\CodeIgniter.php(410): CodeIgniter\CodeIgniter->runController(Object(App\Controllers\Inventarios))
#5 C:\xampp\htdocs\etic-system\system\CodeIgniter.php(318): CodeIgniter\CodeIgniter->handleRequest(NULL, Object(Config\Cache), false)
#6 C:\xampp\htdocs\etic-system\public\index.php(37): CodeIgniter\CodeIgniter->run()
#7 {main}
