ERROR - 2023-10-03 00:47:36 --> Error connecting to the database: Unknown database 'u695808356_etic_system_db'
CRITICAL - 2023-10-03 00:47:36 --> Unable to connect to the database.
Main connection [MySQLi]: Unknown database 'u695808356_etic_system_db'
#0 C:\xampp\htdocs\etic-system\system\Database\BaseConnection.php(577): CodeIgniter\Database\BaseConnection->initialize()
#1 C:\xampp\htdocs\etic-system\system\Database\BaseBuilder.php(1443): CodeIgniter\Database\BaseConnection->query('SELECT `Id_Insp...', Array, false)
#2 C:\xampp\htdocs\etic-system\system\Model.php(183): CodeIgniter\Database\BaseBuilder->get()
#3 C:\xampp\htdocs\etic-system\system\BaseModel.php(584): CodeIgniter\Model->doFindAll(0, 0)
#4 C:\xampp\htdocs\etic-system\app\Models\InspeccionesMdl.php(99): CodeIgniter\BaseModel->findAll()
#5 C:\xampp\htdocs\etic-system\app\Controllers\Inspecciones.php(298): App\Models\InspeccionesMdl->datos_inspeccion_restaurar()
#6 C:\xampp\htdocs\etic-system\system\CodeIgniter.php(824): App\Controllers\Inspecciones->cargar_bd_inspeccion()
#7 C:\xampp\htdocs\etic-system\system\CodeIgniter.php(410): CodeIgniter\CodeIgniter->runController(Object(App\Controllers\Inspecciones))
#8 C:\xampp\htdocs\etic-system\system\CodeIgniter.php(318): CodeIgniter\CodeIgniter->handleRequest(NULL, Object(Config\Cache), false)
#9 C:\xampp\htdocs\etic-system\public\index.php(37): CodeIgniter\CodeIgniter->run()
#10 {main}
ERROR - 2023-10-03 00:58:38 --> Error connecting to the database: Unknown database 'u695808356_etic_system_db'
CRITICAL - 2023-10-03 00:58:38 --> Unable to connect to the database.
Main connection [MySQLi]: Unknown database 'u695808356_etic_system_db'
#0 C:\xampp\htdocs\etic-system\system\Database\BaseConnection.php(577): CodeIgniter\Database\BaseConnection->initialize()
#1 C:\xampp\htdocs\etic-system\system\Database\BaseBuilder.php(1443): CodeIgniter\Database\BaseConnection->query('SELECT `Id_Insp...', Array, false)
#2 C:\xampp\htdocs\etic-system\system\Model.php(183): CodeIgniter\Database\BaseBuilder->get()
#3 C:\xampp\htdocs\etic-system\system\BaseModel.php(584): CodeIgniter\Model->doFindAll(0, 0)
#4 C:\xampp\htdocs\etic-system\app\Models\InspeccionesMdl.php(99): CodeIgniter\BaseModel->findAll()
#5 C:\xampp\htdocs\etic-system\app\Controllers\Inventarios.php(46): App\Models\InspeccionesMdl->datos_inspeccion_restaurar()
#6 C:\xampp\htdocs\etic-system\system\CodeIgniter.php(824): App\Controllers\Inventarios->index()
#7 C:\xampp\htdocs\etic-system\system\CodeIgniter.php(410): CodeIgniter\CodeIgniter->runController(Object(App\Controllers\Inventarios))
#8 C:\xampp\htdocs\etic-system\system\CodeIgniter.php(318): CodeIgniter\CodeIgniter->handleRequest(NULL, Object(Config\Cache), false)
#9 C:\xampp\htdocs\etic-system\public\index.php(37): CodeIgniter\CodeIgniter->run()
#10 {main}
ERROR - 2023-10-03 00:58:45 --> Error connecting to the database: Unknown database 'u695808356_etic_system_db'
CRITICAL - 2023-10-03 00:58:45 --> Unable to connect to the database.
Main connection [MySQLi]: Unknown database 'u695808356_etic_system_db'
#0 C:\xampp\htdocs\etic-system\system\Database\BaseConnection.php(577): CodeIgniter\Database\BaseConnection->initialize()
#1 C:\xampp\htdocs\etic-system\system\Database\BaseBuilder.php(1443): CodeIgniter\Database\BaseConnection->query('SELECT `Id_Insp...', Array, false)
#2 C:\xampp\htdocs\etic-system\system\Model.php(183): CodeIgniter\Database\BaseBuilder->get()
#3 C:\xampp\htdocs\etic-system\system\BaseModel.php(584): CodeIgniter\Model->doFindAll(0, 0)
#4 C:\xampp\htdocs\etic-system\app\Models\InspeccionesMdl.php(99): CodeIgniter\BaseModel->findAll()
#5 C:\xampp\htdocs\etic-system\app\Controllers\Inventarios.php(46): App\Models\InspeccionesMdl->datos_inspeccion_restaurar()
#6 C:\xampp\htdocs\etic-system\system\CodeIgniter.php(824): App\Controllers\Inventarios->index()
#7 C:\xampp\htdocs\etic-system\system\CodeIgniter.php(410): CodeIgniter\CodeIgniter->runController(Object(App\Controllers\Inventarios))
#8 C:\xampp\htdocs\etic-system\system\CodeIgniter.php(318): CodeIgniter\CodeIgniter->handleRequest(NULL, Object(Config\Cache), false)
#9 C:\xampp\htdocs\etic-system\public\index.php(37): CodeIgniter\CodeIgniter->run()
#10 {main}
ERROR - 2023-10-03 00:58:50 --> Error connecting to the database: Unknown database 'u695808356_etic_system_db'
CRITICAL - 2023-10-03 00:58:50 --> Unable to connect to the database.
Main connection [MySQLi]: Unknown database 'u695808356_etic_system_db'
#0 C:\xampp\htdocs\etic-system\system\Database\BaseConnection.php(577): CodeIgniter\Database\BaseConnection->initialize()
#1 C:\xampp\htdocs\etic-system\system\Database\BaseBuilder.php(1443): CodeIgniter\Database\BaseConnection->query('SELECT `Id_Insp...', Array, false)
#2 C:\xampp\htdocs\etic-system\system\Model.php(183): CodeIgniter\Database\BaseBuilder->get()
#3 C:\xampp\htdocs\etic-system\system\BaseModel.php(584): CodeIgniter\Model->doFindAll(0, 0)
#4 C:\xampp\htdocs\etic-system\app\Models\InspeccionesMdl.php(99): CodeIgniter\BaseModel->findAll()
#5 C:\xampp\htdocs\etic-system\app\Controllers\Inventarios.php(46): App\Models\InspeccionesMdl->datos_inspeccion_restaurar()
#6 C:\xampp\htdocs\etic-system\system\CodeIgniter.php(824): App\Controllers\Inventarios->index()
#7 C:\xampp\htdocs\etic-system\system\CodeIgniter.php(410): CodeIgniter\CodeIgniter->runController(Object(App\Controllers\Inventarios))
#8 C:\xampp\htdocs\etic-system\system\CodeIgniter.php(318): CodeIgniter\CodeIgniter->handleRequest(NULL, Object(Config\Cache), false)
#9 C:\xampp\htdocs\etic-system\public\index.php(37): CodeIgniter\CodeIgniter->run()
#10 {main}
ERROR - 2023-10-03 00:58:50 --> Error connecting to the database: Unknown database 'u695808356_etic_system_db'
CRITICAL - 2023-10-03 00:58:50 --> Unable to connect to the database.
Main connection [MySQLi]: Unknown database 'u695808356_etic_system_db'
#0 C:\xampp\htdocs\etic-system\system\Database\BaseConnection.php(577): CodeIgniter\Database\BaseConnection->initialize()
#1 C:\xampp\htdocs\etic-system\system\Database\BaseBuilder.php(1443): CodeIgniter\Database\BaseConnection->query('SELECT `Id_Insp...', Array, false)
#2 C:\xampp\htdocs\etic-system\system\Model.php(183): CodeIgniter\Database\BaseBuilder->get()
#3 C:\xampp\htdocs\etic-system\system\BaseModel.php(584): CodeIgniter\Model->doFindAll(0, 0)
#4 C:\xampp\htdocs\etic-system\app\Models\InspeccionesMdl.php(99): CodeIgniter\BaseModel->findAll()
#5 C:\xampp\htdocs\etic-system\app\Controllers\Inventarios.php(46): App\Models\InspeccionesMdl->datos_inspeccion_restaurar()
#6 C:\xampp\htdocs\etic-system\system\CodeIgniter.php(824): App\Controllers\Inventarios->index()
#7 C:\xampp\htdocs\etic-system\system\CodeIgniter.php(410): CodeIgniter\CodeIgniter->runController(Object(App\Controllers\Inventarios))
#8 C:\xampp\htdocs\etic-system\system\CodeIgniter.php(318): CodeIgniter\CodeIgniter->handleRequest(NULL, Object(Config\Cache), false)
#9 C:\xampp\htdocs\etic-system\public\index.php(37): CodeIgniter\CodeIgniter->run()
#10 {main}
ERROR - 2023-10-03 00:58:53 --> Error connecting to the database: Unknown database 'u695808356_etic_system_db'
CRITICAL - 2023-10-03 00:58:53 --> Unable to connect to the database.
Main connection [MySQLi]: Unknown database 'u695808356_etic_system_db'
#0 C:\xampp\htdocs\etic-system\system\Database\BaseConnection.php(577): CodeIgniter\Database\BaseConnection->initialize()
#1 C:\xampp\htdocs\etic-system\system\Database\BaseBuilder.php(1443): CodeIgniter\Database\BaseConnection->query('SELECT `Id_Insp...', Array, false)
#2 C:\xampp\htdocs\etic-system\system\Model.php(183): CodeIgniter\Database\BaseBuilder->get()
#3 C:\xampp\htdocs\etic-system\system\BaseModel.php(584): CodeIgniter\Model->doFindAll(0, 0)
#4 C:\xampp\htdocs\etic-system\app\Models\InspeccionesMdl.php(74): CodeIgniter\BaseModel->findAll()
#5 C:\xampp\htdocs\etic-system\app\Controllers\Inspecciones.php(33): App\Models\InspeccionesMdl->obtenerRegistros()
#6 C:\xampp\htdocs\etic-system\system\CodeIgniter.php(824): App\Controllers\Inspecciones->show()
#7 C:\xampp\htdocs\etic-system\system\CodeIgniter.php(410): CodeIgniter\CodeIgniter->runController(Object(App\Controllers\Inspecciones))
#8 C:\xampp\htdocs\etic-system\system\CodeIgniter.php(318): CodeIgniter\CodeIgniter->handleRequest(NULL, Object(Config\Cache), false)
#9 C:\xampp\htdocs\etic-system\public\index.php(37): CodeIgniter\CodeIgniter->run()
#10 {main}
ERROR - 2023-10-03 00:58:53 --> Error connecting to the database: Unknown database 'u695808356_etic_system_db'
CRITICAL - 2023-10-03 00:58:53 --> Unable to connect to the database.
Main connection [MySQLi]: Unknown database 'u695808356_etic_system_db'
#0 C:\xampp\htdocs\etic-system\system\Database\BaseConnection.php(577): CodeIgniter\Database\BaseConnection->initialize()
#1 C:\xampp\htdocs\etic-system\system\Database\BaseBuilder.php(1443): CodeIgniter\Database\BaseConnection->query('SELECT `Id_Clie...', Array, false)
#2 C:\xampp\htdocs\etic-system\system\Model.php(183): CodeIgniter\Database\BaseBuilder->get()
#3 C:\xampp\htdocs\etic-system\system\BaseModel.php(584): CodeIgniter\Model->doFindAll(0, 0)
#4 C:\xampp\htdocs\etic-system\app\Models\ClientesMdl.php(49): CodeIgniter\BaseModel->findAll()
#5 C:\xampp\htdocs\etic-system\app\Controllers\Clientes.php(35): App\Models\ClientesMdl->obtenerRegistros()
#6 C:\xampp\htdocs\etic-system\system\CodeIgniter.php(824): App\Controllers\Clientes->show()
#7 C:\xampp\htdocs\etic-system\system\CodeIgniter.php(410): CodeIgniter\CodeIgniter->runController(Object(App\Controllers\Clientes))
#8 C:\xampp\htdocs\etic-system\system\CodeIgniter.php(318): CodeIgniter\CodeIgniter->handleRequest(NULL, Object(Config\Cache), false)
#9 C:\xampp\htdocs\etic-system\public\index.php(37): CodeIgniter\CodeIgniter->run()
#10 {main}
ERROR - 2023-10-03 00:58:56 --> Error connecting to the database: Unknown database 'u695808356_etic_system_db'
CRITICAL - 2023-10-03 00:58:56 --> Unable to connect to the database.
Main connection [MySQLi]: Unknown database 'u695808356_etic_system_db'
#0 C:\xampp\htdocs\etic-system\system\Database\BaseConnection.php(577): CodeIgniter\Database\BaseConnection->initialize()
#1 C:\xampp\htdocs\etic-system\system\Database\BaseBuilder.php(1443): CodeIgniter\Database\BaseConnection->query('SELECT `Id_Clie...', Array, false)
#2 C:\xampp\htdocs\etic-system\system\Model.php(183): CodeIgniter\Database\BaseBuilder->get()
#3 C:\xampp\htdocs\etic-system\system\BaseModel.php(584): CodeIgniter\Model->doFindAll(0, 0)
#4 C:\xampp\htdocs\etic-system\app\Models\ClientesMdl.php(49): CodeIgniter\BaseModel->findAll()
#5 C:\xampp\htdocs\etic-system\app\Controllers\Clientes.php(35): App\Models\ClientesMdl->obtenerRegistros()
#6 C:\xampp\htdocs\etic-system\system\CodeIgniter.php(824): App\Controllers\Clientes->show()
#7 C:\xampp\htdocs\etic-system\system\CodeIgniter.php(410): CodeIgniter\CodeIgniter->runController(Object(App\Controllers\Clientes))
#8 C:\xampp\htdocs\etic-system\system\CodeIgniter.php(318): CodeIgniter\CodeIgniter->handleRequest(NULL, Object(Config\Cache), false)
#9 C:\xampp\htdocs\etic-system\public\index.php(37): CodeIgniter\CodeIgniter->run()
#10 {main}
ERROR - 2023-10-03 00:58:56 --> Error connecting to the database: Unknown database 'u695808356_etic_system_db'
CRITICAL - 2023-10-03 00:58:56 --> Unable to connect to the database.
Main connection [MySQLi]: Unknown database 'u695808356_etic_system_db'
#0 C:\xampp\htdocs\etic-system\system\Database\BaseConnection.php(577): CodeIgniter\Database\BaseConnection->initialize()
#1 C:\xampp\htdocs\etic-system\system\Database\BaseBuilder.php(1443): CodeIgniter\Database\BaseConnection->query('SELECT `Id_Insp...', Array, false)
#2 C:\xampp\htdocs\etic-system\system\Model.php(183): CodeIgniter\Database\BaseBuilder->get()
#3 C:\xampp\htdocs\etic-system\system\BaseModel.php(584): CodeIgniter\Model->doFindAll(0, 0)
#4 C:\xampp\htdocs\etic-system\app\Models\InspeccionesMdl.php(74): CodeIgniter\BaseModel->findAll()
#5 C:\xampp\htdocs\etic-system\app\Controllers\Inspecciones.php(33): App\Models\InspeccionesMdl->obtenerRegistros()
#6 C:\xampp\htdocs\etic-system\system\CodeIgniter.php(824): App\Controllers\Inspecciones->show()
#7 C:\xampp\htdocs\etic-system\system\CodeIgniter.php(410): CodeIgniter\CodeIgniter->runController(Object(App\Controllers\Inspecciones))
#8 C:\xampp\htdocs\etic-system\system\CodeIgniter.php(318): CodeIgniter\CodeIgniter->handleRequest(NULL, Object(Config\Cache), false)
#9 C:\xampp\htdocs\etic-system\public\index.php(37): CodeIgniter\CodeIgniter->run()
#10 {main}
ERROR - 2023-10-03 08:14:35 --> The user specified as a definer ('u695808356_root'@'u695808356_etic_system_db') does not exist
CRITICAL - 2023-10-03 08:14:35 --> Call to a member function getResult() on bool
#0 C:\xampp\htdocs\etic-system\system\BaseModel.php(584): CodeIgniter\Model->doFindAll(0, 0)
#1 C:\xampp\htdocs\etic-system\app\Models\InventariosMdl.php(67): CodeIgniter\BaseModel->findAll()
#2 C:\xampp\htdocs\etic-system\app\Controllers\Inventarios.php(80): App\Models\InventariosMdl->conteo('5B8829AA-4111-4...')
#3 C:\xampp\htdocs\etic-system\system\CodeIgniter.php(824): App\Controllers\Inventarios->obtenerArbol()
#4 C:\xampp\htdocs\etic-system\system\CodeIgniter.php(410): CodeIgniter\CodeIgniter->runController(Object(App\Controllers\Inventarios))
#5 C:\xampp\htdocs\etic-system\system\CodeIgniter.php(318): CodeIgniter\CodeIgniter->handleRequest(NULL, Object(Config\Cache), false)
#6 C:\xampp\htdocs\etic-system\public\index.php(37): CodeIgniter\CodeIgniter->run()
#7 {main}
CRITICAL - 2023-10-03 09:07:03 --> Undefined array key 0
#0 C:\xampp\htdocs\etic-system\app\Controllers\Inspecciones.php(301): CodeIgniter\Debug\Exceptions->errorHandler(2, 'Undefined array...', 'C:\\xampp\\htdocs...', 301)
#1 C:\xampp\htdocs\etic-system\system\CodeIgniter.php(824): App\Controllers\Inspecciones->cargar_bd_inspeccion()
#2 C:\xampp\htdocs\etic-system\system\CodeIgniter.php(410): CodeIgniter\CodeIgniter->runController(Object(App\Controllers\Inspecciones))
#3 C:\xampp\htdocs\etic-system\system\CodeIgniter.php(318): CodeIgniter\CodeIgniter->handleRequest(NULL, Object(Config\Cache), false)
#4 C:\xampp\htdocs\etic-system\public\index.php(37): CodeIgniter\CodeIgniter->run()
#5 {main}
CRITICAL - 2023-10-03 09:25:40 --> Undefined array key 0
#0 C:\xampp\htdocs\etic-system\app\Controllers\Inspecciones.php(301): CodeIgniter\Debug\Exceptions->errorHandler(2, 'Undefined array...', 'C:\\xampp\\htdocs...', 301)
#1 C:\xampp\htdocs\etic-system\system\CodeIgniter.php(824): App\Controllers\Inspecciones->cargar_bd_inspeccion()
#2 C:\xampp\htdocs\etic-system\system\CodeIgniter.php(410): CodeIgniter\CodeIgniter->runController(Object(App\Controllers\Inspecciones))
#3 C:\xampp\htdocs\etic-system\system\CodeIgniter.php(318): CodeIgniter\CodeIgniter->handleRequest(NULL, Object(Config\Cache), false)
#4 C:\xampp\htdocs\etic-system\public\index.php(37): CodeIgniter\CodeIgniter->run()
#5 {main}
CRITICAL - 2023-10-03 09:29:00 --> Undefined array key 0
#0 C:\xampp\htdocs\etic-system\app\Controllers\Inspecciones.php(301): CodeIgniter\Debug\Exceptions->errorHandler(2, 'Undefined array...', 'C:\\xampp\\htdocs...', 301)
#1 C:\xampp\htdocs\etic-system\system\CodeIgniter.php(824): App\Controllers\Inspecciones->cargar_bd_inspeccion()
#2 C:\xampp\htdocs\etic-system\system\CodeIgniter.php(410): CodeIgniter\CodeIgniter->runController(Object(App\Controllers\Inspecciones))
#3 C:\xampp\htdocs\etic-system\system\CodeIgniter.php(318): CodeIgniter\CodeIgniter->handleRequest(NULL, Object(Config\Cache), false)
#4 C:\xampp\htdocs\etic-system\public\index.php(37): CodeIgniter\CodeIgniter->run()
#5 {main}
