CRITICAL - 2023-09-30 03:17:08 --> opendir(C:\xampp\htdocs\etic-system\public/Archivos_ETIC/inspecciones/3500/Imagenes): El sistema no puede encontrar la ruta especifica (code: 3)
#0 [internal function]: CodeIgniter\Debug\Exceptions->errorHandler(2, 'opendir(C:\\xamp...', 'C:\\xampp\\htdocs...', 918)
#1 C:\xampp\htdocs\etic-system\app\Controllers\Inventarios.php(918): opendir('C:\\xampp\\htdocs...')
#2 C:\xampp\htdocs\etic-system\system\CodeIgniter.php(824): App\Controllers\Inventarios->explorarArchivos()
#3 C:\xampp\htdocs\etic-system\system\CodeIgniter.php(410): CodeIgniter\CodeIgniter->runController(Object(App\Controllers\Inventarios))
#4 C:\xampp\htdocs\etic-system\system\CodeIgniter.php(318): CodeIgniter\CodeIgniter->handleRequest(NULL, Object(Config\Cache), false)
#5 C:\xampp\htdocs\etic-system\public\index.php(37): CodeIgniter\CodeIgniter->run()
#6 {main}
CRITICAL - 2023-09-30 03:21:33 --> getimagesize(http://etic-system.local/adminLTE-3.1.0/img/plantilla/ETIC_logo.jpg): Failed to open stream: HTTP request failed! HTTP/1.1 404 Not Found

#0 [internal function]: CodeIgniter\Debug\Exceptions->errorHandler(2, 'getimagesize(ht...', 'C:\\xampp\\htdocs...', 1266)
#1 C:\xampp\htdocs\etic-system\app\ThirdParty\fpdf\FPDF.php(1266): getimagesize('http://etic-sys...')
#2 C:\xampp\htdocs\etic-system\app\ThirdParty\fpdf\FPDF.php(913): App\ThirdParty\fpdf\FPDF->_parsejpg('http://etic-sys...')
#3 C:\xampp\htdocs\etic-system\app\Controllers\Inventarios.php(3271): App\ThirdParty\fpdf\FPDF->Image('http://etic-sys...', 11, 10, 38)
#4 C:\xampp\htdocs\etic-system\app\ThirdParty\fpdf\FPDF.php(338): App\Controllers\PDF->Header()
#5 C:\xampp\htdocs\etic-system\app\Controllers\Inventarios.php(1499): App\ThirdParty\fpdf\FPDF->AddPage('L', 'A4', 0)
#6 C:\xampp\htdocs\etic-system\system\CodeIgniter.php(824): App\Controllers\Inventarios->generarReporteBaseLine()
#7 C:\xampp\htdocs\etic-system\system\CodeIgniter.php(410): CodeIgniter\CodeIgniter->runController(Object(App\Controllers\Inventarios))
#8 C:\xampp\htdocs\etic-system\system\CodeIgniter.php(318): CodeIgniter\CodeIgniter->handleRequest(NULL, Object(Config\Cache), false)
#9 C:\xampp\htdocs\etic-system\public\index.php(37): CodeIgniter\CodeIgniter->run()
#10 {main}
CRITICAL - 2023-09-30 03:25:24 --> Class "App\Models\FotosProblemasMdl" not found
#0 C:\xampp\htdocs\etic-system\system\CodeIgniter.php(824): App\Controllers\Inventarios->subirImagenes()
#1 C:\xampp\htdocs\etic-system\system\CodeIgniter.php(410): CodeIgniter\CodeIgniter->runController(Object(App\Controllers\Inventarios))
#2 C:\xampp\htdocs\etic-system\system\CodeIgniter.php(318): CodeIgniter\CodeIgniter->handleRequest(NULL, Object(Config\Cache), false)
#3 C:\xampp\htdocs\etic-system\public\index.php(37): CodeIgniter\CodeIgniter->run()
#4 {main}
CRITICAL - 2023-09-30 03:26:19 --> Class "App\Models\FotosProblemasMdl" not found
#0 C:\xampp\htdocs\etic-system\system\CodeIgniter.php(824): App\Controllers\Inventarios->subirImagenes()
#1 C:\xampp\htdocs\etic-system\system\CodeIgniter.php(410): CodeIgniter\CodeIgniter->runController(Object(App\Controllers\Inventarios))
#2 C:\xampp\htdocs\etic-system\system\CodeIgniter.php(318): CodeIgniter\CodeIgniter->handleRequest(NULL, Object(Config\Cache), false)
#3 C:\xampp\htdocs\etic-system\public\index.php(37): CodeIgniter\CodeIgniter->run()
#4 {main}
CRITICAL - 2023-09-30 03:29:10 --> Class "App\Models\FotosProblemasMdl" not found
#0 C:\xampp\htdocs\etic-system\system\CodeIgniter.php(824): App\Controllers\Inventarios->subirImagenes()
#1 C:\xampp\htdocs\etic-system\system\CodeIgniter.php(410): CodeIgniter\CodeIgniter->runController(Object(App\Controllers\Inventarios))
#2 C:\xampp\htdocs\etic-system\system\CodeIgniter.php(318): CodeIgniter\CodeIgniter->handleRequest(NULL, Object(Config\Cache), false)
#3 C:\xampp\htdocs\etic-system\public\index.php(37): CodeIgniter\CodeIgniter->run()
#4 {main}
CRITICAL - 2023-09-30 03:29:37 --> Class "App\Models\FotosProblemasMdl" not found
#0 C:\xampp\htdocs\etic-system\system\CodeIgniter.php(824): App\Controllers\Inventarios->subirImagenes()
#1 C:\xampp\htdocs\etic-system\system\CodeIgniter.php(410): CodeIgniter\CodeIgniter->runController(Object(App\Controllers\Inventarios))
#2 C:\xampp\htdocs\etic-system\system\CodeIgniter.php(318): CodeIgniter\CodeIgniter->handleRequest(NULL, Object(Config\Cache), false)
#3 C:\xampp\htdocs\etic-system\public\index.php(37): CodeIgniter\CodeIgniter->run()
#4 {main}
CRITICAL - 2023-09-30 03:30:53 --> getimagesize(http://etic-system.local/adminLTE-3.1.0/img/plantilla/ETIC_logo.jpg): Failed to open stream: HTTP request failed! HTTP/1.1 404 Not Found

#0 [internal function]: CodeIgniter\Debug\Exceptions->errorHandler(2, 'getimagesize(ht...', 'C:\\xampp\\htdocs...', 1266)
#1 C:\xampp\htdocs\etic-system\app\ThirdParty\fpdf\FPDF.php(1266): getimagesize('http://etic-sys...')
#2 C:\xampp\htdocs\etic-system\app\ThirdParty\fpdf\FPDF.php(913): App\ThirdParty\fpdf\FPDF->_parsejpg('http://etic-sys...')
#3 C:\xampp\htdocs\etic-system\app\Controllers\Inventarios.php(3271): App\ThirdParty\fpdf\FPDF->Image('http://etic-sys...', 11, 10, 38)
#4 C:\xampp\htdocs\etic-system\app\ThirdParty\fpdf\FPDF.php(338): App\Controllers\PDF->Header()
#5 C:\xampp\htdocs\etic-system\app\Controllers\Inventarios.php(1499): App\ThirdParty\fpdf\FPDF->AddPage('L', 'A4', 0)
#6 C:\xampp\htdocs\etic-system\system\CodeIgniter.php(824): App\Controllers\Inventarios->generarReporteBaseLine()
#7 C:\xampp\htdocs\etic-system\system\CodeIgniter.php(410): CodeIgniter\CodeIgniter->runController(Object(App\Controllers\Inventarios))
#8 C:\xampp\htdocs\etic-system\system\CodeIgniter.php(318): CodeIgniter\CodeIgniter->handleRequest(NULL, Object(Config\Cache), false)
#9 C:\xampp\htdocs\etic-system\public\index.php(37): CodeIgniter\CodeIgniter->run()
#10 {main}
CRITICAL - 2023-09-30 03:30:59 --> getimagesize(http://etic-system.local/adminLTE-3.1.0/img/plantilla/ETIC_logo.jpg): Failed to open stream: HTTP request failed! HTTP/1.1 404 Not Found

#0 [internal function]: CodeIgniter\Debug\Exceptions->errorHandler(2, 'getimagesize(ht...', 'C:\\xampp\\htdocs...', 1266)
#1 C:\xampp\htdocs\etic-system\app\ThirdParty\fpdf\FPDF.php(1266): getimagesize('http://etic-sys...')
#2 C:\xampp\htdocs\etic-system\app\ThirdParty\fpdf\FPDF.php(913): App\ThirdParty\fpdf\FPDF->_parsejpg('http://etic-sys...')
#3 C:\xampp\htdocs\etic-system\app\Controllers\Inventarios.php(3271): App\ThirdParty\fpdf\FPDF->Image('http://etic-sys...', 11, 10, 38)
#4 C:\xampp\htdocs\etic-system\app\ThirdParty\fpdf\FPDF.php(338): App\Controllers\PDF->Header()
#5 C:\xampp\htdocs\etic-system\app\Controllers\Inventarios.php(1499): App\ThirdParty\fpdf\FPDF->AddPage('L', 'A4', 0)
#6 C:\xampp\htdocs\etic-system\system\CodeIgniter.php(824): App\Controllers\Inventarios->generarReporteBaseLine()
#7 C:\xampp\htdocs\etic-system\system\CodeIgniter.php(410): CodeIgniter\CodeIgniter->runController(Object(App\Controllers\Inventarios))
#8 C:\xampp\htdocs\etic-system\system\CodeIgniter.php(318): CodeIgniter\CodeIgniter->handleRequest(NULL, Object(Config\Cache), false)
#9 C:\xampp\htdocs\etic-system\public\index.php(37): CodeIgniter\CodeIgniter->run()
#10 {main}
CRITICAL - 2023-09-30 03:31:19 --> getimagesize(http://etic-system.local/adminLTE-3.1.0/img/plantilla/ETIC_logo.jpg): Failed to open stream: HTTP request failed! HTTP/1.1 404 Not Found

#0 [internal function]: CodeIgniter\Debug\Exceptions->errorHandler(2, 'getimagesize(ht...', 'C:\\xampp\\htdocs...', 1266)
#1 C:\xampp\htdocs\etic-system\app\ThirdParty\fpdf\FPDF.php(1266): getimagesize('http://etic-sys...')
#2 C:\xampp\htdocs\etic-system\app\ThirdParty\fpdf\FPDF.php(913): App\ThirdParty\fpdf\FPDF->_parsejpg('http://etic-sys...')
#3 C:\xampp\htdocs\etic-system\app\Controllers\Inventarios.php(3271): App\ThirdParty\fpdf\FPDF->Image('http://etic-sys...', 11, 10, 38)
#4 C:\xampp\htdocs\etic-system\app\ThirdParty\fpdf\FPDF.php(338): App\Controllers\PDF->Header()
#5 C:\xampp\htdocs\etic-system\app\Controllers\Inventarios.php(1499): App\ThirdParty\fpdf\FPDF->AddPage('L', 'A4', 0)
#6 C:\xampp\htdocs\etic-system\system\CodeIgniter.php(824): App\Controllers\Inventarios->generarReporteBaseLine()
#7 C:\xampp\htdocs\etic-system\system\CodeIgniter.php(410): CodeIgniter\CodeIgniter->runController(Object(App\Controllers\Inventarios))
#8 C:\xampp\htdocs\etic-system\system\CodeIgniter.php(318): CodeIgniter\CodeIgniter->handleRequest(NULL, Object(Config\Cache), false)
#9 C:\xampp\htdocs\etic-system\public\index.php(37): CodeIgniter\CodeIgniter->run()
#10 {main}
CRITICAL - 2023-09-30 03:31:25 --> getimagesize(http://etic-system.local/adminLTE-3.1.0/img/plantilla/ETIC_logo.jpg): Failed to open stream: HTTP request failed! HTTP/1.1 404 Not Found

#0 [internal function]: CodeIgniter\Debug\Exceptions->errorHandler(2, 'getimagesize(ht...', 'C:\\xampp\\htdocs...', 1266)
#1 C:\xampp\htdocs\etic-system\app\ThirdParty\fpdf\FPDF.php(1266): getimagesize('http://etic-sys...')
#2 C:\xampp\htdocs\etic-system\app\ThirdParty\fpdf\FPDF.php(913): App\ThirdParty\fpdf\FPDF->_parsejpg('http://etic-sys...')
#3 C:\xampp\htdocs\etic-system\app\Controllers\Inventarios.php(3271): App\ThirdParty\fpdf\FPDF->Image('http://etic-sys...', 11, 10, 38)
#4 C:\xampp\htdocs\etic-system\app\ThirdParty\fpdf\FPDF.php(338): App\Controllers\PDF->Header()
#5 C:\xampp\htdocs\etic-system\app\Controllers\Inventarios.php(1499): App\ThirdParty\fpdf\FPDF->AddPage('L', 'A4', 0)
#6 C:\xampp\htdocs\etic-system\system\CodeIgniter.php(824): App\Controllers\Inventarios->generarReporteBaseLine()
#7 C:\xampp\htdocs\etic-system\system\CodeIgniter.php(410): CodeIgniter\CodeIgniter->runController(Object(App\Controllers\Inventarios))
#8 C:\xampp\htdocs\etic-system\system\CodeIgniter.php(318): CodeIgniter\CodeIgniter->handleRequest(NULL, Object(Config\Cache), false)
#9 C:\xampp\htdocs\etic-system\public\index.php(37): CodeIgniter\CodeIgniter->run()
#10 {main}
CRITICAL - 2023-09-30 10:19:39 --> mkdir(): File exists
#0 [internal function]: CodeIgniter\Debug\Exceptions->errorHandler(2, 'mkdir(): File e...', 'C:\\xampp\\htdocs...', 233)
#1 C:\xampp\htdocs\etic-system\app\Controllers\Inspecciones.php(233): mkdir('C:\\xampp\\htdocs...', 511, true)
#2 C:\xampp\htdocs\etic-system\app\Controllers\Inspecciones.php(93): App\Controllers\Inspecciones->crearCarpeta('1997')
#3 C:\xampp\htdocs\etic-system\system\CodeIgniter.php(824): App\Controllers\Inspecciones->create()
#4 C:\xampp\htdocs\etic-system\system\CodeIgniter.php(410): CodeIgniter\CodeIgniter->runController(Object(App\Controllers\Inspecciones))
#5 C:\xampp\htdocs\etic-system\system\CodeIgniter.php(318): CodeIgniter\CodeIgniter->handleRequest(NULL, Object(Config\Cache), false)
#6 C:\xampp\htdocs\etic-system\public\index.php(37): CodeIgniter\CodeIgniter->run()
#7 {main}
CRITICAL - 2023-09-30 10:32:05 --> mkdir(): File exists
#0 [internal function]: CodeIgniter\Debug\Exceptions->errorHandler(2, 'mkdir(): File e...', 'C:\\xampp\\htdocs...', 233)
#1 C:\xampp\htdocs\etic-system\app\Controllers\Inspecciones.php(233): mkdir('C:\\xampp\\htdocs...', 511, true)
#2 C:\xampp\htdocs\etic-system\app\Controllers\Inspecciones.php(93): App\Controllers\Inspecciones->crearCarpeta('1997')
#3 C:\xampp\htdocs\etic-system\system\CodeIgniter.php(824): App\Controllers\Inspecciones->create()
#4 C:\xampp\htdocs\etic-system\system\CodeIgniter.php(410): CodeIgniter\CodeIgniter->runController(Object(App\Controllers\Inspecciones))
#5 C:\xampp\htdocs\etic-system\system\CodeIgniter.php(318): CodeIgniter\CodeIgniter->handleRequest(NULL, Object(Config\Cache), false)
#6 C:\xampp\htdocs\etic-system\public\index.php(37): CodeIgniter\CodeIgniter->run()
#7 {main}
CRITICAL - 2023-09-30 10:32:10 --> mkdir(): File exists
#0 [internal function]: CodeIgniter\Debug\Exceptions->errorHandler(2, 'mkdir(): File e...', 'C:\\xampp\\htdocs...', 233)
#1 C:\xampp\htdocs\etic-system\app\Controllers\Inspecciones.php(233): mkdir('C:\\xampp\\htdocs...', 511, true)
#2 C:\xampp\htdocs\etic-system\app\Controllers\Inspecciones.php(93): App\Controllers\Inspecciones->crearCarpeta('1998')
#3 C:\xampp\htdocs\etic-system\system\CodeIgniter.php(824): App\Controllers\Inspecciones->create()
#4 C:\xampp\htdocs\etic-system\system\CodeIgniter.php(410): CodeIgniter\CodeIgniter->runController(Object(App\Controllers\Inspecciones))
#5 C:\xampp\htdocs\etic-system\system\CodeIgniter.php(318): CodeIgniter\CodeIgniter->handleRequest(NULL, Object(Config\Cache), false)
#6 C:\xampp\htdocs\etic-system\public\index.php(37): CodeIgniter\CodeIgniter->run()
#7 {main}
CRITICAL - 2023-09-30 10:42:17 --> mkdir(): File exists
#0 [internal function]: CodeIgniter\Debug\Exceptions->errorHandler(2, 'mkdir(): File e...', 'C:\\xampp\\htdocs...', 233)
#1 C:\xampp\htdocs\etic-system\app\Controllers\Inspecciones.php(233): mkdir('C:\\xampp\\htdocs...', 511, true)
#2 C:\xampp\htdocs\etic-system\app\Controllers\Inspecciones.php(93): App\Controllers\Inspecciones->crearCarpeta('1997')
#3 C:\xampp\htdocs\etic-system\system\CodeIgniter.php(824): App\Controllers\Inspecciones->create()
#4 C:\xampp\htdocs\etic-system\system\CodeIgniter.php(410): CodeIgniter\CodeIgniter->runController(Object(App\Controllers\Inspecciones))
#5 C:\xampp\htdocs\etic-system\system\CodeIgniter.php(318): CodeIgniter\CodeIgniter->handleRequest(NULL, Object(Config\Cache), false)
#6 C:\xampp\htdocs\etic-system\public\index.php(37): CodeIgniter\CodeIgniter->run()
#7 {main}
CRITICAL - 2023-09-30 10:47:18 --> mkdir(): File exists
#0 [internal function]: CodeIgniter\Debug\Exceptions->errorHandler(2, 'mkdir(): File e...', 'C:\\xampp\\htdocs...', 234)
#1 C:\xampp\htdocs\etic-system\app\Controllers\Inspecciones.php(234): mkdir('C:\\xampp\\htdocs...', 511, true)
#2 C:\xampp\htdocs\etic-system\app\Controllers\Inspecciones.php(93): App\Controllers\Inspecciones->crearCarpeta('1998')
#3 C:\xampp\htdocs\etic-system\system\CodeIgniter.php(824): App\Controllers\Inspecciones->create()
#4 C:\xampp\htdocs\etic-system\system\CodeIgniter.php(410): CodeIgniter\CodeIgniter->runController(Object(App\Controllers\Inspecciones))
#5 C:\xampp\htdocs\etic-system\system\CodeIgniter.php(318): CodeIgniter\CodeIgniter->handleRequest(NULL, Object(Config\Cache), false)
#6 C:\xampp\htdocs\etic-system\public\index.php(37): CodeIgniter\CodeIgniter->run()
#7 {main}
CRITICAL - 2023-09-30 10:48:41 --> mkdir(): File exists
#0 [internal function]: CodeIgniter\Debug\Exceptions->errorHandler(2, 'mkdir(): File e...', 'C:\\xampp\\htdocs...', 234)
#1 C:\xampp\htdocs\etic-system\app\Controllers\Inspecciones.php(234): mkdir('C:\\xampp\\htdocs...', 511, true)
#2 C:\xampp\htdocs\etic-system\app\Controllers\Inspecciones.php(93): App\Controllers\Inspecciones->crearCarpeta('2001')
#3 C:\xampp\htdocs\etic-system\system\CodeIgniter.php(824): App\Controllers\Inspecciones->create()
#4 C:\xampp\htdocs\etic-system\system\CodeIgniter.php(410): CodeIgniter\CodeIgniter->runController(Object(App\Controllers\Inspecciones))
#5 C:\xampp\htdocs\etic-system\system\CodeIgniter.php(318): CodeIgniter\CodeIgniter->handleRequest(NULL, Object(Config\Cache), false)
#6 C:\xampp\htdocs\etic-system\public\index.php(37): CodeIgniter\CodeIgniter->run()
#7 {main}
CRITICAL - 2023-09-30 10:55:35 --> opendir(C:\xampp\htdocs\etic-system\public/Archivos_ETIC/inspecciones/1996/Imagenes): El sistema no puede encontrar la ruta especifica (code: 3)
#0 [internal function]: CodeIgniter\Debug\Exceptions->errorHandler(2, 'opendir(C:\\xamp...', 'C:\\xampp\\htdocs...', 918)
#1 C:\xampp\htdocs\etic-system\app\Controllers\Inventarios.php(918): opendir('C:\\xampp\\htdocs...')
#2 C:\xampp\htdocs\etic-system\system\CodeIgniter.php(824): App\Controllers\Inventarios->explorarArchivos()
#3 C:\xampp\htdocs\etic-system\system\CodeIgniter.php(410): CodeIgniter\CodeIgniter->runController(Object(App\Controllers\Inventarios))
#4 C:\xampp\htdocs\etic-system\system\CodeIgniter.php(318): CodeIgniter\CodeIgniter->handleRequest(NULL, Object(Config\Cache), false)
#5 C:\xampp\htdocs\etic-system\public\index.php(37): CodeIgniter\CodeIgniter->run()
#6 {main}
