CRITICAL - 2023-09-28 16:26:00 --> Too few arguments to function CodeIgniter\HTTP\Response::__construct(), 0 passed in C:\xampp\htdocs\etic-system\app\Controllers\ProcesoBD.php on line 25 and exactly 1 expected
#0 C:\xampp\htdocs\etic-system\app\Controllers\ProcesoBD.php(25): CodeIgniter\HTTP\Response->__construct()
#1 C:\xampp\htdocs\etic-system\system\CodeIgniter.php(824): App\Controllers\ProcesoBD->procesobd()
#2 C:\xampp\htdocs\etic-system\system\CodeIgniter.php(410): CodeIgniter\CodeIgniter->runController(Object(App\Controllers\ProcesoBD))
#3 C:\xampp\htdocs\etic-system\system\CodeIgniter.php(318): CodeIgniter\CodeIgniter->handleRequest(NULL, Object(Config\Cache), false)
#4 C:\xampp\htdocs\etic-system\public\index.php(37): CodeIgniter\CodeIgniter->run()
#5 {main}
CRITICAL - 2023-09-28 16:26:47 --> Too few arguments to function CodeIgniter\HTTP\Response::__construct(), 0 passed in C:\xampp\htdocs\etic-system\app\Controllers\ProcesoBD.php on line 25 and exactly 1 expected
#0 C:\xampp\htdocs\etic-system\app\Controllers\ProcesoBD.php(25): CodeIgniter\HTTP\Response->__construct()
#1 C:\xampp\htdocs\etic-system\system\CodeIgniter.php(824): App\Controllers\ProcesoBD->procesobd()
#2 C:\xampp\htdocs\etic-system\system\CodeIgniter.php(410): CodeIgniter\CodeIgniter->runController(Object(App\Controllers\ProcesoBD))
#3 C:\xampp\htdocs\etic-system\system\CodeIgniter.php(318): CodeIgniter\CodeIgniter->handleRequest(NULL, Object(Config\Cache), false)
#4 C:\xampp\htdocs\etic-system\public\index.php(37): CodeIgniter\CodeIgniter->run()
#5 {main}
CRITICAL - 2023-09-28 16:49:39 --> syntax error, unexpected variable "$contenido_nuevo_script"
#0 C:\xampp\htdocs\etic-system\system\Autoloader\Autoloader.php(241): CodeIgniter\Autoloader\Autoloader->includeFile('C:\\xampp\\htdocs...')
#1 C:\xampp\htdocs\etic-system\system\Autoloader\Autoloader.php(219): CodeIgniter\Autoloader\Autoloader->loadInNamespace('App\\Controllers...')
#2 [internal function]: CodeIgniter\Autoloader\Autoloader->loadClass('App\\Controllers...')
#3 C:\xampp\htdocs\etic-system\system\CodeIgniter.php(789): class_exists('\\App\\Controller...', true)
#4 C:\xampp\htdocs\etic-system\system\CodeIgniter.php(397): CodeIgniter\CodeIgniter->startController()
#5 C:\xampp\htdocs\etic-system\system\CodeIgniter.php(318): CodeIgniter\CodeIgniter->handleRequest(NULL, Object(Config\Cache), false)
#6 C:\xampp\htdocs\etic-system\public\index.php(37): CodeIgniter\CodeIgniter->run()
#7 {main}
CRITICAL - 2023-09-28 17:30:05 --> Call to undefined function App\Controllers\force_download()
#0 C:\xampp\htdocs\etic-system\system\CodeIgniter.php(824): App\Controllers\ProcesoBD->procesobd()
#1 C:\xampp\htdocs\etic-system\system\CodeIgniter.php(410): CodeIgniter\CodeIgniter->runController(Object(App\Controllers\ProcesoBD))
#2 C:\xampp\htdocs\etic-system\system\CodeIgniter.php(318): CodeIgniter\CodeIgniter->handleRequest(NULL, Object(Config\Cache), false)
#3 C:\xampp\htdocs\etic-system\public\index.php(37): CodeIgniter\CodeIgniter->run()
#4 {main}
CRITICAL - 2023-09-28 17:39:35 --> Call to undefined function App\Controllers\force_download()
#0 C:\xampp\htdocs\etic-system\system\CodeIgniter.php(824): App\Controllers\ProcesoBD->procesobd()
#1 C:\xampp\htdocs\etic-system\system\CodeIgniter.php(410): CodeIgniter\CodeIgniter->runController(Object(App\Controllers\ProcesoBD))
#2 C:\xampp\htdocs\etic-system\system\CodeIgniter.php(318): CodeIgniter\CodeIgniter->handleRequest(NULL, Object(Config\Cache), false)
#3 C:\xampp\htdocs\etic-system\public\index.php(37): CodeIgniter\CodeIgniter->run()
#4 {main}
CRITICAL - 2023-09-28 17:40:37 --> Call to undefined function App\Controllers\force_download()
#0 C:\xampp\htdocs\etic-system\system\CodeIgniter.php(824): App\Controllers\ProcesoBD->procesobd()
#1 C:\xampp\htdocs\etic-system\system\CodeIgniter.php(410): CodeIgniter\CodeIgniter->runController(Object(App\Controllers\ProcesoBD))
#2 C:\xampp\htdocs\etic-system\system\CodeIgniter.php(318): CodeIgniter\CodeIgniter->handleRequest(NULL, Object(Config\Cache), false)
#3 C:\xampp\htdocs\etic-system\public\index.php(37): CodeIgniter\CodeIgniter->run()
#4 {main}
CRITICAL - 2023-09-28 17:40:56 --> Call to undefined function App\Controllers\force_download()
#0 C:\xampp\htdocs\etic-system\system\CodeIgniter.php(824): App\Controllers\ProcesoBD->procesobd()
#1 C:\xampp\htdocs\etic-system\system\CodeIgniter.php(410): CodeIgniter\CodeIgniter->runController(Object(App\Controllers\ProcesoBD))
#2 C:\xampp\htdocs\etic-system\system\CodeIgniter.php(318): CodeIgniter\CodeIgniter->handleRequest(NULL, Object(Config\Cache), false)
#3 C:\xampp\htdocs\etic-system\public\index.php(37): CodeIgniter\CodeIgniter->run()
#4 {main}
CRITICAL - 2023-09-28 19:28:04 --> File not found: C:\xampp\htdocs\etic-system\public/etic/files/hola.sql
#0 C:\xampp\htdocs\etic-system\system\Files\File.php(46): CodeIgniter\Files\Exceptions\FileNotFoundException::forFileNotFound('C:\\xampp\\htdocs...')
#1 C:\xampp\htdocs\etic-system\system\HTTP\DownloadResponse.php(107): CodeIgniter\Files\File->__construct('C:\\xampp\\htdocs...', true)
#2 C:\xampp\htdocs\etic-system\system\HTTP\ResponseTrait.php(723): CodeIgniter\HTTP\DownloadResponse->setFilePath('C:\\xampp\\htdocs...')
#3 C:\xampp\htdocs\etic-system\app\Controllers\ProcesoBD.php(3165): CodeIgniter\HTTP\Response->download('hola.sql', NULL)
#4 C:\xampp\htdocs\etic-system\system\CodeIgniter.php(824): App\Controllers\ProcesoBD->procesobd('hola', 'abcde')
#5 C:\xampp\htdocs\etic-system\system\CodeIgniter.php(410): CodeIgniter\CodeIgniter->runController(Object(App\Controllers\ProcesoBD))
#6 C:\xampp\htdocs\etic-system\system\CodeIgniter.php(318): CodeIgniter\CodeIgniter->handleRequest(NULL, Object(Config\Cache), false)
#7 C:\xampp\htdocs\etic-system\public\index.php(37): CodeIgniter\CodeIgniter->run()
#8 {main}
CRITICAL - 2023-09-28 19:28:55 --> File not found: C:\xampp\htdocs\etic-system\public/etic/files/hola.sql
#0 C:\xampp\htdocs\etic-system\system\Files\File.php(46): CodeIgniter\Files\Exceptions\FileNotFoundException::forFileNotFound('C:\\xampp\\htdocs...')
#1 C:\xampp\htdocs\etic-system\system\HTTP\DownloadResponse.php(107): CodeIgniter\Files\File->__construct('C:\\xampp\\htdocs...', true)
#2 C:\xampp\htdocs\etic-system\system\HTTP\ResponseTrait.php(723): CodeIgniter\HTTP\DownloadResponse->setFilePath('C:\\xampp\\htdocs...')
#3 C:\xampp\htdocs\etic-system\app\Controllers\ProcesoBD.php(3165): CodeIgniter\HTTP\Response->download('hola.sql', NULL)
#4 C:\xampp\htdocs\etic-system\system\CodeIgniter.php(824): App\Controllers\ProcesoBD->procesobd('hola', 'pruebamil')
#5 C:\xampp\htdocs\etic-system\system\CodeIgniter.php(410): CodeIgniter\CodeIgniter->runController(Object(App\Controllers\ProcesoBD))
#6 C:\xampp\htdocs\etic-system\system\CodeIgniter.php(318): CodeIgniter\CodeIgniter->handleRequest(NULL, Object(Config\Cache), false)
#7 C:\xampp\htdocs\etic-system\public\index.php(37): CodeIgniter\CodeIgniter->run()
#8 {main}
