CRITICAL - 2023-06-25 15:30:41 --> opendir(C:\xampp\htdocs\etic-system\public/etic/inspecciones//Imagenes): El sistema no puede encontrar el archivo especifica (code: 2)
#0 [internal function]: CodeIgniter\Debug\Exceptions->errorHandler(2, 'opendir(C:\\xamp...', 'C:\\xampp\\htdocs...', 893)
#1 C:\xampp\htdocs\etic-system\app\Controllers\Inventarios.php(893): opendir('C:\\xampp\\htdocs...')
#2 C:\xampp\htdocs\etic-system\system\CodeIgniter.php(824): App\Controllers\Inventarios->explorarArchivos()
#3 C:\xampp\htdocs\etic-system\system\CodeIgniter.php(410): CodeIgniter\CodeIgniter->runController(Object(App\Controllers\Inventarios))
#4 C:\xampp\htdocs\etic-system\system\CodeIgniter.php(318): CodeIgniter\CodeIgniter->handleRequest(NULL, Object(Config\Cache), false)
#5 C:\xampp\htdocs\etic-system\public\index.php(37): CodeIgniter\CodeIgniter->run()
#6 {main}
CRITICAL - 2023-06-25 15:30:41 --> Too few arguments to function App\Controllers\Inventarios::getProblemas_Sitio(), 0 passed in C:\xampp\htdocs\etic-system\system\CodeIgniter.php on line 824 and exactly 1 expected
#0 C:\xampp\htdocs\etic-system\system\CodeIgniter.php(824): App\Controllers\Inventarios->getProblemas_Sitio()
#1 C:\xampp\htdocs\etic-system\system\CodeIgniter.php(410): CodeIgniter\CodeIgniter->runController(Object(App\Controllers\Inventarios))
#2 C:\xampp\htdocs\etic-system\system\CodeIgniter.php(318): CodeIgniter\CodeIgniter->handleRequest(NULL, Object(Config\Cache), false)
#3 C:\xampp\htdocs\etic-system\public\index.php(37): CodeIgniter\CodeIgniter->run()
#4 {main}
CRITICAL - 2023-06-25 15:36:18 --> opendir(C:\xampp\htdocs\etic-system\public/etic/inspecciones//Imagenes): El sistema no puede encontrar el archivo especifica (code: 2)
#0 [internal function]: CodeIgniter\Debug\Exceptions->errorHandler(2, 'opendir(C:\\xamp...', 'C:\\xampp\\htdocs...', 893)
#1 C:\xampp\htdocs\etic-system\app\Controllers\Inventarios.php(893): opendir('C:\\xampp\\htdocs...')
#2 C:\xampp\htdocs\etic-system\system\CodeIgniter.php(824): App\Controllers\Inventarios->explorarArchivos()
#3 C:\xampp\htdocs\etic-system\system\CodeIgniter.php(410): CodeIgniter\CodeIgniter->runController(Object(App\Controllers\Inventarios))
#4 C:\xampp\htdocs\etic-system\system\CodeIgniter.php(318): CodeIgniter\CodeIgniter->handleRequest(NULL, Object(Config\Cache), false)
#5 C:\xampp\htdocs\etic-system\public\index.php(37): CodeIgniter\CodeIgniter->run()
#6 {main}
CRITICAL - 2023-06-25 15:36:18 --> Too few arguments to function App\Controllers\Inventarios::getProblemas_Sitio(), 0 passed in C:\xampp\htdocs\etic-system\system\CodeIgniter.php on line 824 and exactly 1 expected
#0 C:\xampp\htdocs\etic-system\system\CodeIgniter.php(824): App\Controllers\Inventarios->getProblemas_Sitio()
#1 C:\xampp\htdocs\etic-system\system\CodeIgniter.php(410): CodeIgniter\CodeIgniter->runController(Object(App\Controllers\Inventarios))
#2 C:\xampp\htdocs\etic-system\system\CodeIgniter.php(318): CodeIgniter\CodeIgniter->handleRequest(NULL, Object(Config\Cache), false)
#3 C:\xampp\htdocs\etic-system\public\index.php(37): CodeIgniter\CodeIgniter->run()
#4 {main}
CRITICAL - 2023-06-25 15:40:32 --> opendir(C:\xampp\htdocs\etic-system\public/etic/inspecciones//Imagenes): El sistema no puede encontrar el archivo especifica (code: 2)
#0 [internal function]: CodeIgniter\Debug\Exceptions->errorHandler(2, 'opendir(C:\\xamp...', 'C:\\xampp\\htdocs...', 893)
#1 C:\xampp\htdocs\etic-system\app\Controllers\Inventarios.php(893): opendir('C:\\xampp\\htdocs...')
#2 C:\xampp\htdocs\etic-system\system\CodeIgniter.php(824): App\Controllers\Inventarios->explorarArchivos()
#3 C:\xampp\htdocs\etic-system\system\CodeIgniter.php(410): CodeIgniter\CodeIgniter->runController(Object(App\Controllers\Inventarios))
#4 C:\xampp\htdocs\etic-system\system\CodeIgniter.php(318): CodeIgniter\CodeIgniter->handleRequest(NULL, Object(Config\Cache), false)
#5 C:\xampp\htdocs\etic-system\public\index.php(37): CodeIgniter\CodeIgniter->run()
#6 {main}
CRITICAL - 2023-06-25 15:40:32 --> Too few arguments to function App\Controllers\Inventarios::getProblemas_Sitio(), 0 passed in C:\xampp\htdocs\etic-system\system\CodeIgniter.php on line 824 and exactly 1 expected
#0 C:\xampp\htdocs\etic-system\system\CodeIgniter.php(824): App\Controllers\Inventarios->getProblemas_Sitio()
#1 C:\xampp\htdocs\etic-system\system\CodeIgniter.php(410): CodeIgniter\CodeIgniter->runController(Object(App\Controllers\Inventarios))
#2 C:\xampp\htdocs\etic-system\system\CodeIgniter.php(318): CodeIgniter\CodeIgniter->handleRequest(NULL, Object(Config\Cache), false)
#3 C:\xampp\htdocs\etic-system\public\index.php(37): CodeIgniter\CodeIgniter->run()
#4 {main}
