ERROR - 2023-10-31 13:31:15 --> Table 'u695808356_etic_system_db.fotos_problemas' doesn't exist
ERROR - 2023-10-31 13:31:15 --> Table 'u695808356_etic_system_db.fotos_problemas' doesn't exist
ERROR - 2023-10-31 13:31:15 --> Table 'u695808356_etic_system_db.fotos_problemas' doesn't exist
ERROR - 2023-10-31 13:33:21 --> Table 'u695808356_etic_system_db.fotos_problemas' doesn't exist
ERROR - 2023-10-31 13:33:21 --> Table 'u695808356_etic_system_db.fotos_problemas' doesn't exist
CRITICAL - 2023-10-31 14:09:23 --> fopen(http://etic-system.local/Archivos_ETIC/inspecciones/1996/Imagenes/ALINEACION%20GRAFICA.PNG): Failed to open stream: HTTP request failed! HTTP/1.1 404 Not Found

#0 [internal function]: CodeIgniter\Debug\Exceptions->errorHandler(2, 'fopen(http://et...', 'C:\\xampp\\htdocs...', 1285)
#1 C:\xampp\htdocs\etic-system\app\ThirdParty\fpdf\FPDF.php(1285): fopen('http://etic-sys...', 'rb')
#2 C:\xampp\htdocs\etic-system\app\ThirdParty\fpdf\FPDF.php(913): App\ThirdParty\fpdf\FPDF->_parsepng('http://etic-sys...')
#3 C:\xampp\htdocs\etic-system\app\Controllers\Inventarios.php(3119): App\ThirdParty\fpdf\FPDF->Image('http://etic-sys...', 75, 187, 60, 50)
#4 C:\xampp\htdocs\etic-system\system\CodeIgniter.php(824): App\Controllers\Inventarios->generarResultadoDeAnalisis()
#5 C:\xampp\htdocs\etic-system\system\CodeIgniter.php(410): CodeIgniter\CodeIgniter->runController(Object(App\Controllers\Inventarios))
#6 C:\xampp\htdocs\etic-system\system\CodeIgniter.php(318): CodeIgniter\CodeIgniter->handleRequest(NULL, Object(Config\Cache), false)
#7 C:\xampp\htdocs\etic-system\public\index.php(37): CodeIgniter\CodeIgniter->run()
#8 {main}
CRITICAL - 2023-10-31 14:10:09 --> fopen(http://etic-system.local/Archivos_ETIC/inspecciones/1996/Imagenes/ALINEACION%20GRAFICA.PNG): Failed to open stream: HTTP request failed! HTTP/1.1 404 Not Found

#0 [internal function]: CodeIgniter\Debug\Exceptions->errorHandler(2, 'fopen(http://et...', 'C:\\xampp\\htdocs...', 1285)
#1 C:\xampp\htdocs\etic-system\app\ThirdParty\fpdf\FPDF.php(1285): fopen('http://etic-sys...', 'rb')
#2 C:\xampp\htdocs\etic-system\app\ThirdParty\fpdf\FPDF.php(913): App\ThirdParty\fpdf\FPDF->_parsepng('http://etic-sys...')
#3 C:\xampp\htdocs\etic-system\app\Controllers\Inventarios.php(3119): App\ThirdParty\fpdf\FPDF->Image('http://etic-sys...', 75, 187, 60, 50)
#4 C:\xampp\htdocs\etic-system\system\CodeIgniter.php(824): App\Controllers\Inventarios->generarResultadoDeAnalisis()
#5 C:\xampp\htdocs\etic-system\system\CodeIgniter.php(410): CodeIgniter\CodeIgniter->runController(Object(App\Controllers\Inventarios))
#6 C:\xampp\htdocs\etic-system\system\CodeIgniter.php(318): CodeIgniter\CodeIgniter->handleRequest(NULL, Object(Config\Cache), false)
#7 C:\xampp\htdocs\etic-system\public\index.php(37): CodeIgniter\CodeIgniter->run()
#8 {main}
CRITICAL - 2023-10-31 14:10:25 --> fopen(http://etic-system.local/Archivos_ETIC/inspecciones/1996/Imagenes/ALINEACION%20GRAFICA.PNG): Failed to open stream: HTTP request failed! HTTP/1.1 404 Not Found

#0 [internal function]: CodeIgniter\Debug\Exceptions->errorHandler(2, 'fopen(http://et...', 'C:\\xampp\\htdocs...', 1285)
#1 C:\xampp\htdocs\etic-system\app\ThirdParty\fpdf\FPDF.php(1285): fopen('http://etic-sys...', 'rb')
#2 C:\xampp\htdocs\etic-system\app\ThirdParty\fpdf\FPDF.php(913): App\ThirdParty\fpdf\FPDF->_parsepng('http://etic-sys...')
#3 C:\xampp\htdocs\etic-system\app\Controllers\Inventarios.php(3119): App\ThirdParty\fpdf\FPDF->Image('http://etic-sys...', 75, 187, 60, 50)
#4 C:\xampp\htdocs\etic-system\system\CodeIgniter.php(824): App\Controllers\Inventarios->generarResultadoDeAnalisis()
#5 C:\xampp\htdocs\etic-system\system\CodeIgniter.php(410): CodeIgniter\CodeIgniter->runController(Object(App\Controllers\Inventarios))
#6 C:\xampp\htdocs\etic-system\system\CodeIgniter.php(318): CodeIgniter\CodeIgniter->handleRequest(NULL, Object(Config\Cache), false)
#7 C:\xampp\htdocs\etic-system\public\index.php(37): CodeIgniter\CodeIgniter->run()
#8 {main}
CRITICAL - 2023-10-31 14:10:44 --> fopen(http://etic-system.local/Archivos_ETIC/inspecciones/1996/Imagenes/ALINEACION%20GRAFICA.PNG): Failed to open stream: HTTP request failed! HTTP/1.1 404 Not Found

#0 [internal function]: CodeIgniter\Debug\Exceptions->errorHandler(2, 'fopen(http://et...', 'C:\\xampp\\htdocs...', 1285)
#1 C:\xampp\htdocs\etic-system\app\ThirdParty\fpdf\FPDF.php(1285): fopen('http://etic-sys...', 'rb')
#2 C:\xampp\htdocs\etic-system\app\ThirdParty\fpdf\FPDF.php(913): App\ThirdParty\fpdf\FPDF->_parsepng('http://etic-sys...')
#3 C:\xampp\htdocs\etic-system\app\Controllers\Inventarios.php(3119): App\ThirdParty\fpdf\FPDF->Image('http://etic-sys...', 75, 187, 60, 50)
#4 C:\xampp\htdocs\etic-system\system\CodeIgniter.php(824): App\Controllers\Inventarios->generarResultadoDeAnalisis()
#5 C:\xampp\htdocs\etic-system\system\CodeIgniter.php(410): CodeIgniter\CodeIgniter->runController(Object(App\Controllers\Inventarios))
#6 C:\xampp\htdocs\etic-system\system\CodeIgniter.php(318): CodeIgniter\CodeIgniter->handleRequest(NULL, Object(Config\Cache), false)
#7 C:\xampp\htdocs\etic-system\public\index.php(37): CodeIgniter\CodeIgniter->run()
#8 {main}
CRITICAL - 2023-10-31 14:12:19 --> Trying to access array offset on value of type null
#0 C:\xampp\htdocs\etic-system\app\Controllers\Inventarios.php(2531): CodeIgniter\Debug\Exceptions->errorHandler(2, 'Trying to acces...', 'C:\\xampp\\htdocs...', 2531)
#1 C:\xampp\htdocs\etic-system\system\CodeIgniter.php(824): App\Controllers\Inventarios->generarResultadoDeAnalisis()
#2 C:\xampp\htdocs\etic-system\system\CodeIgniter.php(410): CodeIgniter\CodeIgniter->runController(Object(App\Controllers\Inventarios))
#3 C:\xampp\htdocs\etic-system\system\CodeIgniter.php(318): CodeIgniter\CodeIgniter->handleRequest(NULL, Object(Config\Cache), false)
#4 C:\xampp\htdocs\etic-system\public\index.php(37): CodeIgniter\CodeIgniter->run()
#5 {main}
CRITICAL - 2023-10-31 14:12:51 --> fopen(http://etic-system.local/Archivos_ETIC/inspecciones/1996/Imagenes/ALINEACION%20GRAFICA.PNG): Failed to open stream: HTTP request failed! HTTP/1.1 404 Not Found

#0 [internal function]: CodeIgniter\Debug\Exceptions->errorHandler(2, 'fopen(http://et...', 'C:\\xampp\\htdocs...', 1285)
#1 C:\xampp\htdocs\etic-system\app\ThirdParty\fpdf\FPDF.php(1285): fopen('http://etic-sys...', 'rb')
#2 C:\xampp\htdocs\etic-system\app\ThirdParty\fpdf\FPDF.php(913): App\ThirdParty\fpdf\FPDF->_parsepng('http://etic-sys...')
#3 C:\xampp\htdocs\etic-system\app\Controllers\Inventarios.php(3119): App\ThirdParty\fpdf\FPDF->Image('http://etic-sys...', 75, 187, 60, 50)
#4 C:\xampp\htdocs\etic-system\system\CodeIgniter.php(824): App\Controllers\Inventarios->generarResultadoDeAnalisis()
#5 C:\xampp\htdocs\etic-system\system\CodeIgniter.php(410): CodeIgniter\CodeIgniter->runController(Object(App\Controllers\Inventarios))
#6 C:\xampp\htdocs\etic-system\system\CodeIgniter.php(318): CodeIgniter\CodeIgniter->handleRequest(NULL, Object(Config\Cache), false)
#7 C:\xampp\htdocs\etic-system\public\index.php(37): CodeIgniter\CodeIgniter->run()
#8 {main}
CRITICAL - 2023-10-31 14:13:20 --> fopen(http://etic-system.local/Archivos_ETIC/inspecciones/1996/Imagenes/ALINEACION%20GRAFICA.PNG): Failed to open stream: HTTP request failed! HTTP/1.1 404 Not Found

#0 [internal function]: CodeIgniter\Debug\Exceptions->errorHandler(2, 'fopen(http://et...', 'C:\\xampp\\htdocs...', 1285)
#1 C:\xampp\htdocs\etic-system\app\ThirdParty\fpdf\FPDF.php(1285): fopen('http://etic-sys...', 'rb')
#2 C:\xampp\htdocs\etic-system\app\ThirdParty\fpdf\FPDF.php(913): App\ThirdParty\fpdf\FPDF->_parsepng('http://etic-sys...')
#3 C:\xampp\htdocs\etic-system\app\Controllers\Inventarios.php(3119): App\ThirdParty\fpdf\FPDF->Image('http://etic-sys...', 75, 187, 60, 50)
#4 C:\xampp\htdocs\etic-system\system\CodeIgniter.php(824): App\Controllers\Inventarios->generarResultadoDeAnalisis()
#5 C:\xampp\htdocs\etic-system\system\CodeIgniter.php(410): CodeIgniter\CodeIgniter->runController(Object(App\Controllers\Inventarios))
#6 C:\xampp\htdocs\etic-system\system\CodeIgniter.php(318): CodeIgniter\CodeIgniter->handleRequest(NULL, Object(Config\Cache), false)
#7 C:\xampp\htdocs\etic-system\public\index.php(37): CodeIgniter\CodeIgniter->run()
#8 {main}
CRITICAL - 2023-10-31 14:13:49 --> Trying to access array offset on value of type null
#0 C:\xampp\htdocs\etic-system\app\Controllers\Inventarios.php(2569): CodeIgniter\Debug\Exceptions->errorHandler(2, 'Trying to acces...', 'C:\\xampp\\htdocs...', 2569)
#1 C:\xampp\htdocs\etic-system\system\CodeIgniter.php(824): App\Controllers\Inventarios->generarResultadoDeAnalisis()
#2 C:\xampp\htdocs\etic-system\system\CodeIgniter.php(410): CodeIgniter\CodeIgniter->runController(Object(App\Controllers\Inventarios))
#3 C:\xampp\htdocs\etic-system\system\CodeIgniter.php(318): CodeIgniter\CodeIgniter->handleRequest(NULL, Object(Config\Cache), false)
#4 C:\xampp\htdocs\etic-system\public\index.php(37): CodeIgniter\CodeIgniter->run()
#5 {main}
CRITICAL - 2023-10-31 14:14:50 --> fopen(http://etic-system.local/Archivos_ETIC/inspecciones/1996/Imagenes/ALINEACION%20GRAFICA.PNG): Failed to open stream: HTTP request failed! HTTP/1.1 404 Not Found

#0 [internal function]: CodeIgniter\Debug\Exceptions->errorHandler(2, 'fopen(http://et...', 'C:\\xampp\\htdocs...', 1285)
#1 C:\xampp\htdocs\etic-system\app\ThirdParty\fpdf\FPDF.php(1285): fopen('http://etic-sys...', 'rb')
#2 C:\xampp\htdocs\etic-system\app\ThirdParty\fpdf\FPDF.php(913): App\ThirdParty\fpdf\FPDF->_parsepng('http://etic-sys...')
#3 C:\xampp\htdocs\etic-system\app\Controllers\Inventarios.php(3119): App\ThirdParty\fpdf\FPDF->Image('http://etic-sys...', 75, 187, 60, 50)
#4 C:\xampp\htdocs\etic-system\system\CodeIgniter.php(824): App\Controllers\Inventarios->generarResultadoDeAnalisis()
#5 C:\xampp\htdocs\etic-system\system\CodeIgniter.php(410): CodeIgniter\CodeIgniter->runController(Object(App\Controllers\Inventarios))
#6 C:\xampp\htdocs\etic-system\system\CodeIgniter.php(318): CodeIgniter\CodeIgniter->handleRequest(NULL, Object(Config\Cache), false)
#7 C:\xampp\htdocs\etic-system\public\index.php(37): CodeIgniter\CodeIgniter->run()
#8 {main}
CRITICAL - 2023-10-31 14:14:56 --> Trying to access array offset on value of type null
#0 C:\xampp\htdocs\etic-system\app\Controllers\Inventarios.php(2579): CodeIgniter\Debug\Exceptions->errorHandler(2, 'Trying to acces...', 'C:\\xampp\\htdocs...', 2579)
#1 C:\xampp\htdocs\etic-system\system\CodeIgniter.php(824): App\Controllers\Inventarios->generarResultadoDeAnalisis()
#2 C:\xampp\htdocs\etic-system\system\CodeIgniter.php(410): CodeIgniter\CodeIgniter->runController(Object(App\Controllers\Inventarios))
#3 C:\xampp\htdocs\etic-system\system\CodeIgniter.php(318): CodeIgniter\CodeIgniter->handleRequest(NULL, Object(Config\Cache), false)
#4 C:\xampp\htdocs\etic-system\public\index.php(37): CodeIgniter\CodeIgniter->run()
#5 {main}
CRITICAL - 2023-10-31 14:15:19 --> fopen(http://etic-system.local/Archivos_ETIC/inspecciones/1996/Imagenes/ALINEACION%20GRAFICA.PNG): Failed to open stream: HTTP request failed! HTTP/1.1 404 Not Found

#0 [internal function]: CodeIgniter\Debug\Exceptions->errorHandler(2, 'fopen(http://et...', 'C:\\xampp\\htdocs...', 1285)
#1 C:\xampp\htdocs\etic-system\app\ThirdParty\fpdf\FPDF.php(1285): fopen('http://etic-sys...', 'rb')
#2 C:\xampp\htdocs\etic-system\app\ThirdParty\fpdf\FPDF.php(913): App\ThirdParty\fpdf\FPDF->_parsepng('http://etic-sys...')
#3 C:\xampp\htdocs\etic-system\app\Controllers\Inventarios.php(3119): App\ThirdParty\fpdf\FPDF->Image('http://etic-sys...', 75, 187, 60, 50)
#4 C:\xampp\htdocs\etic-system\system\CodeIgniter.php(824): App\Controllers\Inventarios->generarResultadoDeAnalisis()
#5 C:\xampp\htdocs\etic-system\system\CodeIgniter.php(410): CodeIgniter\CodeIgniter->runController(Object(App\Controllers\Inventarios))
#6 C:\xampp\htdocs\etic-system\system\CodeIgniter.php(318): CodeIgniter\CodeIgniter->handleRequest(NULL, Object(Config\Cache), false)
#7 C:\xampp\htdocs\etic-system\public\index.php(37): CodeIgniter\CodeIgniter->run()
#8 {main}
CRITICAL - 2023-10-31 14:15:29 --> foreach() argument must be of type array|object, null given
#0 C:\xampp\htdocs\etic-system\app\Controllers\Inventarios.php(2709): CodeIgniter\Debug\Exceptions->errorHandler(2, 'foreach() argum...', 'C:\\xampp\\htdocs...', 2709)
#1 C:\xampp\htdocs\etic-system\system\CodeIgniter.php(824): App\Controllers\Inventarios->generarResultadoDeAnalisis()
#2 C:\xampp\htdocs\etic-system\system\CodeIgniter.php(410): CodeIgniter\CodeIgniter->runController(Object(App\Controllers\Inventarios))
#3 C:\xampp\htdocs\etic-system\system\CodeIgniter.php(318): CodeIgniter\CodeIgniter->handleRequest(NULL, Object(Config\Cache), false)
#4 C:\xampp\htdocs\etic-system\public\index.php(37): CodeIgniter\CodeIgniter->run()
#5 {main}
CRITICAL - 2023-10-31 14:16:40 --> fopen(http://etic-system.local/Archivos_ETIC/inspecciones/1996/Imagenes/ALINEACION%20GRAFICA.PNG): Failed to open stream: HTTP request failed! HTTP/1.1 404 Not Found

#0 [internal function]: CodeIgniter\Debug\Exceptions->errorHandler(2, 'fopen(http://et...', 'C:\\xampp\\htdocs...', 1285)
#1 C:\xampp\htdocs\etic-system\app\ThirdParty\fpdf\FPDF.php(1285): fopen('http://etic-sys...', 'rb')
#2 C:\xampp\htdocs\etic-system\app\ThirdParty\fpdf\FPDF.php(913): App\ThirdParty\fpdf\FPDF->_parsepng('http://etic-sys...')
#3 C:\xampp\htdocs\etic-system\app\Controllers\Inventarios.php(3119): App\ThirdParty\fpdf\FPDF->Image('http://etic-sys...', 75, 187, 60, 50)
#4 C:\xampp\htdocs\etic-system\system\CodeIgniter.php(824): App\Controllers\Inventarios->generarResultadoDeAnalisis()
#5 C:\xampp\htdocs\etic-system\system\CodeIgniter.php(410): CodeIgniter\CodeIgniter->runController(Object(App\Controllers\Inventarios))
#6 C:\xampp\htdocs\etic-system\system\CodeIgniter.php(318): CodeIgniter\CodeIgniter->handleRequest(NULL, Object(Config\Cache), false)
#7 C:\xampp\htdocs\etic-system\public\index.php(37): CodeIgniter\CodeIgniter->run()
#8 {main}
CRITICAL - 2023-10-31 14:16:45 --> foreach() argument must be of type array|object, null given
#0 C:\xampp\htdocs\etic-system\app\Controllers\Inventarios.php(2709): CodeIgniter\Debug\Exceptions->errorHandler(2, 'foreach() argum...', 'C:\\xampp\\htdocs...', 2709)
#1 C:\xampp\htdocs\etic-system\system\CodeIgniter.php(824): App\Controllers\Inventarios->generarResultadoDeAnalisis()
#2 C:\xampp\htdocs\etic-system\system\CodeIgniter.php(410): CodeIgniter\CodeIgniter->runController(Object(App\Controllers\Inventarios))
#3 C:\xampp\htdocs\etic-system\system\CodeIgniter.php(318): CodeIgniter\CodeIgniter->handleRequest(NULL, Object(Config\Cache), false)
#4 C:\xampp\htdocs\etic-system\public\index.php(37): CodeIgniter\CodeIgniter->run()
#5 {main}
CRITICAL - 2023-10-31 14:17:28 --> fopen(http://etic-system.local/Archivos_ETIC/inspecciones/1996/Imagenes/ALINEACION%20GRAFICA.PNG): Failed to open stream: HTTP request failed! HTTP/1.1 404 Not Found

#0 [internal function]: CodeIgniter\Debug\Exceptions->errorHandler(2, 'fopen(http://et...', 'C:\\xampp\\htdocs...', 1285)
#1 C:\xampp\htdocs\etic-system\app\ThirdParty\fpdf\FPDF.php(1285): fopen('http://etic-sys...', 'rb')
#2 C:\xampp\htdocs\etic-system\app\ThirdParty\fpdf\FPDF.php(913): App\ThirdParty\fpdf\FPDF->_parsepng('http://etic-sys...')
#3 C:\xampp\htdocs\etic-system\app\Controllers\Inventarios.php(3119): App\ThirdParty\fpdf\FPDF->Image('http://etic-sys...', 75, 187, 60, 50)
#4 C:\xampp\htdocs\etic-system\system\CodeIgniter.php(824): App\Controllers\Inventarios->generarResultadoDeAnalisis()
#5 C:\xampp\htdocs\etic-system\system\CodeIgniter.php(410): CodeIgniter\CodeIgniter->runController(Object(App\Controllers\Inventarios))
#6 C:\xampp\htdocs\etic-system\system\CodeIgniter.php(318): CodeIgniter\CodeIgniter->handleRequest(NULL, Object(Config\Cache), false)
#7 C:\xampp\htdocs\etic-system\public\index.php(37): CodeIgniter\CodeIgniter->run()
#8 {main}
CRITICAL - 2023-10-31 23:44:29 --> fopen(http://etic-system.local/Archivos_ETIC/inspecciones/1996/Imagenes/ALINEACION%20GRAFICA.PNG): Failed to open stream: HTTP request failed! HTTP/1.1 404 Not Found

#0 [internal function]: CodeIgniter\Debug\Exceptions->errorHandler(2, 'fopen(http://et...', 'C:\\xampp\\htdocs...', 1285)
#1 C:\xampp\htdocs\etic-system\app\ThirdParty\fpdf\FPDF.php(1285): fopen('http://etic-sys...', 'rb')
#2 C:\xampp\htdocs\etic-system\app\ThirdParty\fpdf\FPDF.php(913): App\ThirdParty\fpdf\FPDF->_parsepng('http://etic-sys...')
#3 C:\xampp\htdocs\etic-system\app\Controllers\Inventarios.php(3119): App\ThirdParty\fpdf\FPDF->Image('http://etic-sys...', 75, 187, 60, 50)
#4 C:\xampp\htdocs\etic-system\system\CodeIgniter.php(824): App\Controllers\Inventarios->generarResultadoDeAnalisis()
#5 C:\xampp\htdocs\etic-system\system\CodeIgniter.php(410): CodeIgniter\CodeIgniter->runController(Object(App\Controllers\Inventarios))
#6 C:\xampp\htdocs\etic-system\system\CodeIgniter.php(318): CodeIgniter\CodeIgniter->handleRequest(NULL, Object(Config\Cache), false)
#7 C:\xampp\htdocs\etic-system\public\index.php(37): CodeIgniter\CodeIgniter->run()
#8 {main}
CRITICAL - 2023-10-31 23:44:42 --> Trying to access array offset on value of type null
#0 C:\xampp\htdocs\etic-system\app\Controllers\Inventarios.php(2531): CodeIgniter\Debug\Exceptions->errorHandler(2, 'Trying to acces...', 'C:\\xampp\\htdocs...', 2531)
#1 C:\xampp\htdocs\etic-system\system\CodeIgniter.php(824): App\Controllers\Inventarios->generarResultadoDeAnalisis()
#2 C:\xampp\htdocs\etic-system\system\CodeIgniter.php(410): CodeIgniter\CodeIgniter->runController(Object(App\Controllers\Inventarios))
#3 C:\xampp\htdocs\etic-system\system\CodeIgniter.php(318): CodeIgniter\CodeIgniter->handleRequest(NULL, Object(Config\Cache), false)
#4 C:\xampp\htdocs\etic-system\public\index.php(37): CodeIgniter\CodeIgniter->run()
#5 {main}
CRITICAL - 2023-10-31 23:45:31 --> Trying to access array offset on value of type null
#0 C:\xampp\htdocs\etic-system\app\Controllers\Inventarios.php(2531): CodeIgniter\Debug\Exceptions->errorHandler(2, 'Trying to acces...', 'C:\\xampp\\htdocs...', 2531)
#1 C:\xampp\htdocs\etic-system\system\CodeIgniter.php(824): App\Controllers\Inventarios->generarResultadoDeAnalisis()
#2 C:\xampp\htdocs\etic-system\system\CodeIgniter.php(410): CodeIgniter\CodeIgniter->runController(Object(App\Controllers\Inventarios))
#3 C:\xampp\htdocs\etic-system\system\CodeIgniter.php(318): CodeIgniter\CodeIgniter->handleRequest(NULL, Object(Config\Cache), false)
#4 C:\xampp\htdocs\etic-system\public\index.php(37): CodeIgniter\CodeIgniter->run()
#5 {main}
CRITICAL - 2023-10-31 23:48:09 --> fopen(http://etic-system.local/Archivos_ETIC/inspecciones/1996/Imagenes/ALINEACION%20GRAFICA.PNG): Failed to open stream: HTTP request failed! HTTP/1.1 404 Not Found

#0 [internal function]: CodeIgniter\Debug\Exceptions->errorHandler(2, 'fopen(http://et...', 'C:\\xampp\\htdocs...', 1285)
#1 C:\xampp\htdocs\etic-system\app\ThirdParty\fpdf\FPDF.php(1285): fopen('http://etic-sys...', 'rb')
#2 C:\xampp\htdocs\etic-system\app\ThirdParty\fpdf\FPDF.php(913): App\ThirdParty\fpdf\FPDF->_parsepng('http://etic-sys...')
#3 C:\xampp\htdocs\etic-system\app\Controllers\Inventarios.php(3120): App\ThirdParty\fpdf\FPDF->Image('http://etic-sys...', 75, 187, 60, 50)
#4 C:\xampp\htdocs\etic-system\system\CodeIgniter.php(824): App\Controllers\Inventarios->generarResultadoDeAnalisis()
#5 C:\xampp\htdocs\etic-system\system\CodeIgniter.php(410): CodeIgniter\CodeIgniter->runController(Object(App\Controllers\Inventarios))
#6 C:\xampp\htdocs\etic-system\system\CodeIgniter.php(318): CodeIgniter\CodeIgniter->handleRequest(NULL, Object(Config\Cache), false)
#7 C:\xampp\htdocs\etic-system\public\index.php(37): CodeIgniter\CodeIgniter->run()
#8 {main}
CRITICAL - 2023-10-31 23:48:11 --> Trying to access array offset on value of type null
#0 C:\xampp\htdocs\etic-system\app\Controllers\Inventarios.php(2532): CodeIgniter\Debug\Exceptions->errorHandler(2, 'Trying to acces...', 'C:\\xampp\\htdocs...', 2532)
#1 C:\xampp\htdocs\etic-system\system\CodeIgniter.php(824): App\Controllers\Inventarios->generarResultadoDeAnalisis()
#2 C:\xampp\htdocs\etic-system\system\CodeIgniter.php(410): CodeIgniter\CodeIgniter->runController(Object(App\Controllers\Inventarios))
#3 C:\xampp\htdocs\etic-system\system\CodeIgniter.php(318): CodeIgniter\CodeIgniter->handleRequest(NULL, Object(Config\Cache), false)
#4 C:\xampp\htdocs\etic-system\public\index.php(37): CodeIgniter\CodeIgniter->run()
#5 {main}
CRITICAL - 2023-10-31 23:52:41 --> fopen(http://etic-system.local/Archivos_ETIC/inspecciones/1996/Imagenes/ALINEACION%20GRAFICA.PNG): Failed to open stream: HTTP request failed! HTTP/1.1 404 Not Found

#0 [internal function]: CodeIgniter\Debug\Exceptions->errorHandler(2, 'fopen(http://et...', 'C:\\xampp\\htdocs...', 1285)
#1 C:\xampp\htdocs\etic-system\app\ThirdParty\fpdf\FPDF.php(1285): fopen('http://etic-sys...', 'rb')
#2 C:\xampp\htdocs\etic-system\app\ThirdParty\fpdf\FPDF.php(913): App\ThirdParty\fpdf\FPDF->_parsepng('http://etic-sys...')
#3 C:\xampp\htdocs\etic-system\app\Controllers\Inventarios.php(3121): App\ThirdParty\fpdf\FPDF->Image('http://etic-sys...', 75, 187, 60, 50)
#4 C:\xampp\htdocs\etic-system\system\CodeIgniter.php(824): App\Controllers\Inventarios->generarResultadoDeAnalisis()
#5 C:\xampp\htdocs\etic-system\system\CodeIgniter.php(410): CodeIgniter\CodeIgniter->runController(Object(App\Controllers\Inventarios))
#6 C:\xampp\htdocs\etic-system\system\CodeIgniter.php(318): CodeIgniter\CodeIgniter->handleRequest(NULL, Object(Config\Cache), false)
#7 C:\xampp\htdocs\etic-system\public\index.php(37): CodeIgniter\CodeIgniter->run()
#8 {main}
CRITICAL - 2023-10-31 23:59:46 --> fopen(http://etic-system.local/Archivos_ETIC/inspecciones/1996/Imagenes/ALINEACION%20GRAFICA.PNG): Failed to open stream: HTTP request failed! HTTP/1.1 404 Not Found

#0 [internal function]: CodeIgniter\Debug\Exceptions->errorHandler(2, 'fopen(http://et...', 'C:\\xampp\\htdocs...', 1285)
#1 C:\xampp\htdocs\etic-system\app\ThirdParty\fpdf\FPDF.php(1285): fopen('http://etic-sys...', 'rb')
#2 C:\xampp\htdocs\etic-system\app\ThirdParty\fpdf\FPDF.php(913): App\ThirdParty\fpdf\FPDF->_parsepng('http://etic-sys...')
#3 C:\xampp\htdocs\etic-system\app\Controllers\Inventarios.php(3119): App\ThirdParty\fpdf\FPDF->Image('http://etic-sys...', 75, 187, 60, 50)
#4 C:\xampp\htdocs\etic-system\system\CodeIgniter.php(824): App\Controllers\Inventarios->generarResultadoDeAnalisis()
#5 C:\xampp\htdocs\etic-system\system\CodeIgniter.php(410): CodeIgniter\CodeIgniter->runController(Object(App\Controllers\Inventarios))
#6 C:\xampp\htdocs\etic-system\system\CodeIgniter.php(318): CodeIgniter\CodeIgniter->handleRequest(NULL, Object(Config\Cache), false)
#7 C:\xampp\htdocs\etic-system\public\index.php(37): CodeIgniter\CodeIgniter->run()
#8 {main}
