ERROR - 2024-09-04 00:06:42 --> You have an error in your SQL syntax; check the manual that corresponds to your MariaDB server version for the right syntax to use near 'Id_Inspeccion = '78C21295-C607-46E3-A026-37F1B3772FC6'' at line 1
ERROR - 2024-09-04 00:06:57 --> You have an error in your SQL syntax; check the manual that corresponds to your MariaDB server version for the right syntax to use near 'Id_Inspeccion = '78C21295-C607-46E3-A026-37F1B3772FC6'' at line 1
ERROR - 2024-09-04 00:07:39 --> You have an error in your SQL syntax; check the manual that corresponds to your MariaDB server version for the right syntax to use near 'Id_Inspeccion = '78C21295-C607-46E3-A026-37F1B3772FC6'' at line 1
ERROR - 2024-09-04 00:13:51 --> You have an error in your SQL syntax; check the manual that corresponds to your MariaDB server version for the right syntax to use near 'Id_Inspeccion = '78C21295-C607-46E3-A026-37F1B3772FC6'' at line 1
ERROR - 2024-09-04 00:13:57 --> You have an error in your SQL syntax; check the manual that corresponds to your MariaDB server version for the right syntax to use near 'Id_Inspeccion = '78C21295-C607-46E3-A026-37F1B3772FC6'' at line 1
ERROR - 2024-09-04 00:16:36 --> You have an error in your SQL syntax; check the manual that corresponds to your MariaDB server version for the right syntax to use near 'Id_Inspeccion = '78C21295-C607-46E3-A026-37F1B3772FC6'' at line 1
ERROR - 2024-09-04 00:16:44 --> You have an error in your SQL syntax; check the manual that corresponds to your MariaDB server version for the right syntax to use near 'Id_Inspeccion = '78C21295-C607-46E3-A026-37F1B3772FC6'' at line 1
ERROR - 2024-09-04 00:17:12 --> You have an error in your SQL syntax; check the manual that corresponds to your MariaDB server version for the right syntax to use near 'Id_Inspeccion = '78C21295-C607-46E3-A026-37F1B3772FC6'' at line 1
ERROR - 2024-09-04 00:17:25 --> You have an error in your SQL syntax; check the manual that corresponds to your MariaDB server version for the right syntax to use near 'Id_Inspeccion = '78C21295-C607-46E3-A026-37F1B3772FC6'' at line 1
ERROR - 2024-09-04 00:21:08 --> You have an error in your SQL syntax; check the manual that corresponds to your MariaDB server version for the right syntax to use near 'Id_Inspeccion = '78C21295-C607-46E3-A026-37F1B3772FC6'' at line 1
ERROR - 2024-09-04 00:21:15 --> You have an error in your SQL syntax; check the manual that corresponds to your MariaDB server version for the right syntax to use near 'Id_Inspeccion = '78C21295-C607-46E3-A026-37F1B3772FC6'' at line 1
ERROR - 2024-09-04 00:21:25 --> You have an error in your SQL syntax; check the manual that corresponds to your MariaDB server version for the right syntax to use near 'Id_Inspeccion = '78C21295-C607-46E3-A026-37F1B3772FC6'' at line 1
ERROR - 2024-09-04 00:22:18 --> You have an error in your SQL syntax; check the manual that corresponds to your MariaDB server version for the right syntax to use near 'Id_Inspeccion = '78C21295-C607-46E3-A026-37F1B3772FC6'' at line 1
ERROR - 2024-09-04 00:37:22 --> You have an error in your SQL syntax; check the manual that corresponds to your MariaDB server version for the right syntax to use near 'Id_Inspeccion = '78C21295-C607-46E3-A026-37F1B3772FC6'' at line 1
CRITICAL - 2024-09-04 00:37:26 --> Undefined array key 0
#0 C:\xampp\htdocs\etic-system\app\Controllers\Inventarios.php(1134): CodeIgniter\Debug\Exceptions->errorHandler(2, 'Undefined array...', 'C:\\xampp\\htdocs...', 1134)
#1 C:\xampp\htdocs\etic-system\app\Controllers\Inventarios.php(233): App\Controllers\Inventarios->actualizarEstatusElementoPadre('M2CXF5LS-RV7D-H...')
#2 C:\xampp\htdocs\etic-system\system\CodeIgniter.php(824): App\Controllers\Inventarios->borrar('M2CXF5LS-RV7D-H...')
#3 C:\xampp\htdocs\etic-system\system\CodeIgniter.php(410): CodeIgniter\CodeIgniter->runController(Object(App\Controllers\Inventarios))
#4 C:\xampp\htdocs\etic-system\system\CodeIgniter.php(318): CodeIgniter\CodeIgniter->handleRequest(NULL, Object(Config\Cache), false)
#5 C:\xampp\htdocs\etic-system\public\index.php(37): CodeIgniter\CodeIgniter->run()
#6 {main}
CRITICAL - 2024-09-04 00:40:27 --> Undefined array key 0
#0 C:\xampp\htdocs\etic-system\app\Controllers\Inventarios.php(1134): CodeIgniter\Debug\Exceptions->errorHandler(2, 'Undefined array...', 'C:\\xampp\\htdocs...', 1134)
#1 C:\xampp\htdocs\etic-system\app\Controllers\Inventarios.php(1119): App\Controllers\Inventarios->actualizarEstatusElementoPadre('M2CXF5LS-RV7D-H...')
#2 C:\xampp\htdocs\etic-system\app\Controllers\Inventarios.php(224): App\Controllers\Inventarios->cambiarEstatusUbicacion('M2CXF5LS-RV7D-H...', '568798D2-76BB-1...')
#3 C:\xampp\htdocs\etic-system\system\CodeIgniter.php(824): App\Controllers\Inventarios->borrar('M2CXF5LS-RV7D-H...')
#4 C:\xampp\htdocs\etic-system\system\CodeIgniter.php(410): CodeIgniter\CodeIgniter->runController(Object(App\Controllers\Inventarios))
#5 C:\xampp\htdocs\etic-system\system\CodeIgniter.php(318): CodeIgniter\CodeIgniter->handleRequest(NULL, Object(Config\Cache), false)
#6 C:\xampp\htdocs\etic-system\public\index.php(37): CodeIgniter\CodeIgniter->run()
#7 {main}
ERROR - 2024-09-04 00:41:24 --> You have an error in your SQL syntax; check the manual that corresponds to your MariaDB server version for the right syntax to use near 'Id_Inspeccion = '78C21295-C607-46E3-A026-37F1B3772FC6'' at line 1
ERROR - 2024-09-04 00:41:45 --> You have an error in your SQL syntax; check the manual that corresponds to your MariaDB server version for the right syntax to use near 'Id_Inspeccion = '78C21295-C607-46E3-A026-37F1B3772FC6'' at line 1
ERROR - 2024-09-04 00:41:47 --> You have an error in your SQL syntax; check the manual that corresponds to your MariaDB server version for the right syntax to use near 'Id_Inspeccion = '78C21295-C607-46E3-A026-37F1B3772FC6'' at line 1
ERROR - 2024-09-04 00:43:35 --> You have an error in your SQL syntax; check the manual that corresponds to your MariaDB server version for the right syntax to use near 'Id_Inspeccion = '78C21295-C607-46E3-A026-37F1B3772FC6'' at line 1
ERROR - 2024-09-04 00:43:36 --> You have an error in your SQL syntax; check the manual that corresponds to your MariaDB server version for the right syntax to use near 'Id_Inspeccion = '78C21295-C607-46E3-A026-37F1B3772FC6'' at line 1
ERROR - 2024-09-04 00:46:51 --> You have an error in your SQL syntax; check the manual that corresponds to your MariaDB server version for the right syntax to use near 'Id_Inspeccion = '78C21295-C607-46E3-A026-37F1B3772FC6'' at line 1
ERROR - 2024-09-04 00:47:17 --> You have an error in your SQL syntax; check the manual that corresponds to your MariaDB server version for the right syntax to use near 'Id_Inspeccion = '78C21295-C607-46E3-A026-37F1B3772FC6'' at line 1
ERROR - 2024-09-04 00:47:26 --> You have an error in your SQL syntax; check the manual that corresponds to your MariaDB server version for the right syntax to use near 'Id_Inspeccion = '78C21295-C607-46E3-A026-37F1B3772FC6'' at line 1
ERROR - 2024-09-04 00:47:53 --> You have an error in your SQL syntax; check the manual that corresponds to your MariaDB server version for the right syntax to use near 'Id_Inspeccion = '78C21295-C607-46E3-A026-37F1B3772FC6'' at line 1
ERROR - 2024-09-04 00:47:53 --> You have an error in your SQL syntax; check the manual that corresponds to your MariaDB server version for the right syntax to use near 'Id_Inspeccion = '78C21295-C607-46E3-A026-37F1B3772FC6'' at line 1
ERROR - 2024-09-04 00:48:46 --> You have an error in your SQL syntax; check the manual that corresponds to your MariaDB server version for the right syntax to use near 'Id_Inspeccion = '78C21295-C607-46E3-A026-37F1B3772FC6'' at line 1
ERROR - 2024-09-04 00:48:51 --> You have an error in your SQL syntax; check the manual that corresponds to your MariaDB server version for the right syntax to use near 'Id_Inspeccion = '78C21295-C607-46E3-A026-37F1B3772FC6'' at line 1
ERROR - 2024-09-04 00:49:55 --> You have an error in your SQL syntax; check the manual that corresponds to your MariaDB server version for the right syntax to use near 'Id_Inspeccion = '78C21295-C607-46E3-A026-37F1B3772FC6'' at line 1
ERROR - 2024-09-04 01:04:53 --> You have an error in your SQL syntax; check the manual that corresponds to your MariaDB server version for the right syntax to use near 'Id_Inspeccion = '78C21295-C607-46E3-A026-37F1B3772FC6'' at line 1
ERROR - 2024-09-04 01:05:15 --> You have an error in your SQL syntax; check the manual that corresponds to your MariaDB server version for the right syntax to use near 'Id_Inspeccion = '78C21295-C607-46E3-A026-37F1B3772FC6'' at line 1
CRITICAL - 2024-09-04 01:05:23 --> Undefined array key 0
#0 C:\xampp\htdocs\etic-system\app\Controllers\Inventarios.php(1134): CodeIgniter\Debug\Exceptions->errorHandler(2, 'Undefined array...', 'C:\\xampp\\htdocs...', 1134)
#1 C:\xampp\htdocs\etic-system\app\Controllers\Inventarios.php(1119): App\Controllers\Inventarios->actualizarEstatusElementoPadre('1Y94U2EC-3GHZ-Q...')
#2 C:\xampp\htdocs\etic-system\system\CodeIgniter.php(824): App\Controllers\Inventarios->cambiarEstatusUbicacion()
#3 C:\xampp\htdocs\etic-system\system\CodeIgniter.php(410): CodeIgniter\CodeIgniter->runController(Object(App\Controllers\Inventarios))
#4 C:\xampp\htdocs\etic-system\system\CodeIgniter.php(318): CodeIgniter\CodeIgniter->handleRequest(NULL, Object(Config\Cache), false)
#5 C:\xampp\htdocs\etic-system\public\index.php(37): CodeIgniter\CodeIgniter->run()
#6 {main}
ERROR - 2024-09-04 01:05:28 --> You have an error in your SQL syntax; check the manual that corresponds to your MariaDB server version for the right syntax to use near 'Id_Inspeccion = '78C21295-C607-46E3-A026-37F1B3772FC6'' at line 1
ERROR - 2024-09-04 01:05:30 --> You have an error in your SQL syntax; check the manual that corresponds to your MariaDB server version for the right syntax to use near 'Id_Inspeccion = '78C21295-C607-46E3-A026-37F1B3772FC6'' at line 1
ERROR - 2024-09-04 01:05:32 --> You have an error in your SQL syntax; check the manual that corresponds to your MariaDB server version for the right syntax to use near 'Id_Inspeccion = '78C21295-C607-46E3-A026-37F1B3772FC6'' at line 1
ERROR - 2024-09-04 21:58:06 --> Unknown column 'expanded' in 'field list'
ERROR - 2024-09-04 21:58:10 --> You have an error in your SQL syntax; check the manual that corresponds to your MariaDB server version for the right syntax to use near 'Id_Inspeccion = '78C21295-C607-46E3-A026-37F1B3772FC6'' at line 1
ERROR - 2024-09-04 21:58:10 --> Unknown column 'selected' in 'field list'
ERROR - 2024-09-04 21:58:10 --> Unknown column 'selected' in 'field list'
ERROR - 2024-09-04 21:58:33 --> You have an error in your SQL syntax; check the manual that corresponds to your MariaDB server version for the right syntax to use near 'Id_Inspeccion = '78C21295-C607-46E3-A026-37F1B3772FC6'' at line 1
ERROR - 2024-09-04 21:58:33 --> Unknown column 'selected' in 'field list'
ERROR - 2024-09-04 21:58:33 --> Unknown column 'selected' in 'field list'
ERROR - 2024-09-04 21:59:02 --> Unknown column 'selected' in 'field list'
ERROR - 2024-09-04 21:59:02 --> Unknown column 'selected' in 'field list'
ERROR - 2024-09-04 21:59:02 --> You have an error in your SQL syntax; check the manual that corresponds to your MariaDB server version for the right syntax to use near 'Id_Inspeccion = '78C21295-C607-46E3-A026-37F1B3772FC6'' at line 1
ERROR - 2024-09-04 21:59:02 --> You have an error in your SQL syntax; check the manual that corresponds to your MariaDB server version for the right syntax to use near 'Id_Inspeccion = '78C21295-C607-46E3-A026-37F1B3772FC6'' at line 1
ERROR - 2024-09-04 21:59:02 --> Unknown column 'selected' in 'field list'
ERROR - 2024-09-04 21:59:02 --> Unknown column 'selected' in 'field list'
CRITICAL - 2024-09-04 21:59:07 --> Undefined array key 0
#0 C:\xampp\htdocs\etic-system\app\Controllers\Inventarios.php(1134): CodeIgniter\Debug\Exceptions->errorHandler(2, 'Undefined array...', 'C:\\xampp\\htdocs...', 1134)
#1 C:\xampp\htdocs\etic-system\app\Controllers\Inventarios.php(1119): App\Controllers\Inventarios->actualizarEstatusElementoPadre('4CVQM2N3-X5KH-R...')
#2 C:\xampp\htdocs\etic-system\system\CodeIgniter.php(824): App\Controllers\Inventarios->cambiarEstatusUbicacion()
#3 C:\xampp\htdocs\etic-system\system\CodeIgniter.php(410): CodeIgniter\CodeIgniter->runController(Object(App\Controllers\Inventarios))
#4 C:\xampp\htdocs\etic-system\system\CodeIgniter.php(318): CodeIgniter\CodeIgniter->handleRequest(NULL, Object(Config\Cache), false)
#5 C:\xampp\htdocs\etic-system\public\index.php(37): CodeIgniter\CodeIgniter->run()
#6 {main}
ERROR - 2024-09-04 21:59:17 --> You have an error in your SQL syntax; check the manual that corresponds to your MariaDB server version for the right syntax to use near 'Id_Inspeccion = '78C21295-C607-46E3-A026-37F1B3772FC6'' at line 1
ERROR - 2024-09-04 21:59:42 --> Unknown column 'expanded' in 'field list'
ERROR - 2024-09-04 21:59:43 --> You have an error in your SQL syntax; check the manual that corresponds to your MariaDB server version for the right syntax to use near 'Id_Inspeccion = '78C21295-C607-46E3-A026-37F1B3772FC6'' at line 1
ERROR - 2024-09-04 21:59:43 --> Unknown column 'selected' in 'field list'
ERROR - 2024-09-04 21:59:43 --> Unknown column 'selected' in 'field list'
ERROR - 2024-09-04 21:59:43 --> You have an error in your SQL syntax; check the manual that corresponds to your MariaDB server version for the right syntax to use near 'Id_Inspeccion = '78C21295-C607-46E3-A026-37F1B3772FC6'' at line 1
ERROR - 2024-09-04 21:59:43 --> Unknown column 'selected' in 'field list'
ERROR - 2024-09-04 21:59:43 --> Unknown column 'selected' in 'field list'
ERROR - 2024-09-04 21:59:50 --> You have an error in your SQL syntax; check the manual that corresponds to your MariaDB server version for the right syntax to use near 'Id_Inspeccion = '78C21295-C607-46E3-A026-37F1B3772FC6'' at line 1
ERROR - 2024-09-04 21:59:59 --> Unknown column 'expanded' in 'field list'
ERROR - 2024-09-04 22:00:05 --> Unknown column 'selected' in 'field list'
ERROR - 2024-09-04 22:00:05 --> Unknown column 'selected' in 'field list'
ERROR - 2024-09-04 22:00:05 --> You have an error in your SQL syntax; check the manual that corresponds to your MariaDB server version for the right syntax to use near 'Id_Inspeccion = '78C21295-C607-46E3-A026-37F1B3772FC6'' at line 1
ERROR - 2024-09-04 22:00:11 --> You have an error in your SQL syntax; check the manual that corresponds to your MariaDB server version for the right syntax to use near 'Id_Inspeccion = '78C21295-C607-46E3-A026-37F1B3772FC6'' at line 1
ERROR - 2024-09-04 22:00:39 --> Unknown column 'selected' in 'field list'
ERROR - 2024-09-04 22:00:39 --> Unknown column 'selected' in 'field list'
ERROR - 2024-09-04 22:00:39 --> You have an error in your SQL syntax; check the manual that corresponds to your MariaDB server version for the right syntax to use near 'Id_Inspeccion = '78C21295-C607-46E3-A026-37F1B3772FC6'' at line 1
ERROR - 2024-09-04 22:01:08 --> You have an error in your SQL syntax; check the manual that corresponds to your MariaDB server version for the right syntax to use near 'Id_Inspeccion = '78C21295-C607-46E3-A026-37F1B3772FC6'' at line 1
ERROR - 2024-09-04 22:03:30 --> Unknown column 'expanded' in 'field list'
ERROR - 2024-09-04 22:03:31 --> Unknown column 'expanded' in 'field list'
ERROR - 2024-09-04 22:03:33 --> Unknown column 'expanded' in 'field list'
ERROR - 2024-09-04 22:03:33 --> Unknown column 'expanded' in 'field list'
ERROR - 2024-09-04 22:03:42 --> Unknown column 'selected' in 'field list'
ERROR - 2024-09-04 22:03:42 --> Unknown column 'selected' in 'field list'
ERROR - 2024-09-04 22:03:42 --> You have an error in your SQL syntax; check the manual that corresponds to your MariaDB server version for the right syntax to use near 'Id_Inspeccion = '78C21295-C607-46E3-A026-37F1B3772FC6'' at line 1
ERROR - 2024-09-04 22:03:42 --> Unknown column 'expanded' in 'field list'
ERROR - 2024-09-04 22:03:44 --> You have an error in your SQL syntax; check the manual that corresponds to your MariaDB server version for the right syntax to use near 'Id_Inspeccion = '78C21295-C607-46E3-A026-37F1B3772FC6'' at line 1
ERROR - 2024-09-04 22:03:44 --> Unknown column 'selected' in 'field list'
ERROR - 2024-09-04 22:03:44 --> Unknown column 'selected' in 'field list'
ERROR - 2024-09-04 22:03:45 --> Unknown column 'expanded' in 'field list'
ERROR - 2024-09-04 22:03:46 --> Unknown column 'expanded' in 'field list'
ERROR - 2024-09-04 22:03:47 --> Unknown column 'expanded' in 'field list'
ERROR - 2024-09-04 22:03:48 --> Unknown column 'expanded' in 'field list'
ERROR - 2024-09-04 22:03:49 --> You have an error in your SQL syntax; check the manual that corresponds to your MariaDB server version for the right syntax to use near 'Id_Inspeccion = '78C21295-C607-46E3-A026-37F1B3772FC6'' at line 1
ERROR - 2024-09-04 22:03:49 --> Unknown column 'selected' in 'field list'
ERROR - 2024-09-04 22:03:49 --> Unknown column 'selected' in 'field list'
ERROR - 2024-09-04 22:03:50 --> Unknown column 'expanded' in 'field list'
ERROR - 2024-09-04 22:03:52 --> Unknown column 'expanded' in 'field list'
ERROR - 2024-09-04 22:03:53 --> You have an error in your SQL syntax; check the manual that corresponds to your MariaDB server version for the right syntax to use near 'Id_Inspeccion = '78C21295-C607-46E3-A026-37F1B3772FC6'' at line 1
ERROR - 2024-09-04 22:03:53 --> Unknown column 'selected' in 'field list'
ERROR - 2024-09-04 22:03:53 --> Unknown column 'selected' in 'field list'
ERROR - 2024-09-04 22:03:54 --> Unknown column 'expanded' in 'field list'
ERROR - 2024-09-04 22:03:55 --> Unknown column 'expanded' in 'field list'
ERROR - 2024-09-04 22:03:56 --> Unknown column 'expanded' in 'field list'
ERROR - 2024-09-04 22:03:58 --> Unknown column 'expanded' in 'field list'
ERROR - 2024-09-04 22:04:00 --> You have an error in your SQL syntax; check the manual that corresponds to your MariaDB server version for the right syntax to use near 'Id_Inspeccion = '78C21295-C607-46E3-A026-37F1B3772FC6'' at line 1
ERROR - 2024-09-04 22:04:00 --> Unknown column 'selected' in 'field list'
ERROR - 2024-09-04 22:04:00 --> Unknown column 'selected' in 'field list'
ERROR - 2024-09-04 22:04:05 --> Unknown column 'expanded' in 'field list'
ERROR - 2024-09-04 22:04:06 --> Unknown column 'expanded' in 'field list'
ERROR - 2024-09-04 22:04:08 --> Unknown column 'expanded' in 'field list'
ERROR - 2024-09-04 22:04:10 --> You have an error in your SQL syntax; check the manual that corresponds to your MariaDB server version for the right syntax to use near 'Id_Inspeccion = '78C21295-C607-46E3-A026-37F1B3772FC6'' at line 1
ERROR - 2024-09-04 22:04:10 --> Unknown column 'selected' in 'field list'
ERROR - 2024-09-04 22:04:10 --> Unknown column 'selected' in 'field list'
ERROR - 2024-09-04 22:04:10 --> Unknown column 'selected' in 'field list'
ERROR - 2024-09-04 22:04:10 --> Unknown column 'selected' in 'field list'
ERROR - 2024-09-04 22:04:10 --> You have an error in your SQL syntax; check the manual that corresponds to your MariaDB server version for the right syntax to use near 'Id_Inspeccion = '78C21295-C607-46E3-A026-37F1B3772FC6'' at line 1
ERROR - 2024-09-04 22:04:51 --> You have an error in your SQL syntax; check the manual that corresponds to your MariaDB server version for the right syntax to use near 'Id_Inspeccion = '78C21295-C607-46E3-A026-37F1B3772FC6'' at line 1
ERROR - 2024-09-04 22:04:51 --> Unknown column 'selected' in 'field list'
ERROR - 2024-09-04 22:04:51 --> Unknown column 'selected' in 'field list'
ERROR - 2024-09-04 22:08:24 --> You have an error in your SQL syntax; check the manual that corresponds to your MariaDB server version for the right syntax to use near 'Id_Inspeccion = '78C21295-C607-46E3-A026-37F1B3772FC6'' at line 1
ERROR - 2024-09-04 22:08:24 --> Unknown column 'selected' in 'field list'
ERROR - 2024-09-04 22:08:24 --> Unknown column 'selected' in 'field list'
ERROR - 2024-09-04 22:10:20 --> Unknown column 'expanded' in 'field list'
ERROR - 2024-09-04 22:10:22 --> Unknown column 'expanded' in 'field list'
ERROR - 2024-09-04 22:13:30 --> Unknown column 'expanded' in 'field list'
ERROR - 2024-09-04 22:13:47 --> Unknown column 'expanded' in 'field list'
ERROR - 2024-09-04 22:13:49 --> Unknown column 'expanded' in 'field list'
ERROR - 2024-09-04 22:13:50 --> Unknown column 'expanded' in 'field list'
ERROR - 2024-09-04 22:13:51 --> Unknown column 'expanded' in 'field list'
ERROR - 2024-09-04 22:13:52 --> You have an error in your SQL syntax; check the manual that corresponds to your MariaDB server version for the right syntax to use near 'Id_Inspeccion = '78C21295-C607-46E3-A026-37F1B3772FC6'' at line 1
ERROR - 2024-09-04 22:13:52 --> Unknown column 'selected' in 'field list'
ERROR - 2024-09-04 22:13:52 --> Unknown column 'selected' in 'field list'
ERROR - 2024-09-04 22:14:31 --> You have an error in your SQL syntax; check the manual that corresponds to your MariaDB server version for the right syntax to use near 'Id_Inspeccion = '78C21295-C607-46E3-A026-37F1B3772FC6'' at line 1
ERROR - 2024-09-04 22:14:31 --> Unknown column 'selected' in 'field list'
ERROR - 2024-09-04 22:14:31 --> Unknown column 'selected' in 'field list'
ERROR - 2024-09-04 22:15:27 --> You have an error in your SQL syntax; check the manual that corresponds to your MariaDB server version for the right syntax to use near 'Id_Inspeccion = '78C21295-C607-46E3-A026-37F1B3772FC6'' at line 1
ERROR - 2024-09-04 22:15:27 --> Unknown column 'selected' in 'field list'
ERROR - 2024-09-04 22:15:27 --> Unknown column 'selected' in 'field list'
ERROR - 2024-09-04 22:18:41 --> You have an error in your SQL syntax; check the manual that corresponds to your MariaDB server version for the right syntax to use near 'Id_Inspeccion = '78C21295-C607-46E3-A026-37F1B3772FC6'' at line 1
ERROR - 2024-09-04 22:18:42 --> Unknown column 'selected' in 'field list'
ERROR - 2024-09-04 22:18:42 --> Unknown column 'selected' in 'field list'
ERROR - 2024-09-04 22:19:31 --> You have an error in your SQL syntax; check the manual that corresponds to your MariaDB server version for the right syntax to use near 'Id_Inspeccion = '78C21295-C607-46E3-A026-37F1B3772FC6'' at line 1
ERROR - 2024-09-04 22:19:31 --> Unknown column 'selected' in 'field list'
ERROR - 2024-09-04 22:19:31 --> Unknown column 'selected' in 'field list'
ERROR - 2024-09-04 22:22:35 --> You have an error in your SQL syntax; check the manual that corresponds to your MariaDB server version for the right syntax to use near 'Id_Inspeccion = '78C21295-C607-46E3-A026-37F1B3772FC6'' at line 1
ERROR - 2024-09-04 22:22:35 --> Unknown column 'selected' in 'field list'
ERROR - 2024-09-04 22:22:35 --> Unknown column 'selected' in 'field list'
CRITICAL - 2024-09-04 22:22:50 --> Undefined array key 0
#0 C:\xampp\htdocs\etic-system\app\Controllers\Inventarios.php(1134): CodeIgniter\Debug\Exceptions->errorHandler(2, 'Undefined array...', 'C:\\xampp\\htdocs...', 1134)
#1 C:\xampp\htdocs\etic-system\app\Controllers\Inventarios.php(1119): App\Controllers\Inventarios->actualizarEstatusElementoPadre('MO7L3Y0V-5HNB-S...')
#2 C:\xampp\htdocs\etic-system\system\CodeIgniter.php(824): App\Controllers\Inventarios->cambiarEstatusUbicacion()
#3 C:\xampp\htdocs\etic-system\system\CodeIgniter.php(410): CodeIgniter\CodeIgniter->runController(Object(App\Controllers\Inventarios))
#4 C:\xampp\htdocs\etic-system\system\CodeIgniter.php(318): CodeIgniter\CodeIgniter->handleRequest(NULL, Object(Config\Cache), false)
#5 C:\xampp\htdocs\etic-system\public\index.php(37): CodeIgniter\CodeIgniter->run()
#6 {main}
