CRITICAL - 2023-10-01 12:11:50 --> opendir(C:\xampp\htdocs\etic-system\public/Archivos_ETIC/inspecciones/1996/Imagenes): El sistema no puede encontrar la ruta especifica (code: 3)
#0 [internal function]: CodeIgniter\Debug\Exceptions->errorHandler(2, 'opendir(C:\\xamp...', 'C:\\xampp\\htdocs...', 918)
#1 C:\xampp\htdocs\etic-system\app\Controllers\Inventarios.php(918): opendir('C:\\xampp\\htdocs...')
#2 C:\xampp\htdocs\etic-system\system\CodeIgniter.php(824): App\Controllers\Inventarios->explorarArchivos()
#3 C:\xampp\htdocs\etic-system\system\CodeIgniter.php(410): CodeIgniter\CodeIgniter->runController(Object(App\Controllers\Inventarios))
#4 C:\xampp\htdocs\etic-system\system\CodeIgniter.php(318): CodeIgniter\CodeIgniter->handleRequest(NULL, Object(Config\Cache), false)
#5 C:\xampp\htdocs\etic-system\public\index.php(37): CodeIgniter\CodeIgniter->run()
#6 {main}
CRITICAL - 2023-10-01 12:13:04 --> getimagesize(http://etic-system.local/adminLTE-3.1.0/img/plantilla/ETIC_logo.jpg): Failed to open stream: HTTP request failed! HTTP/1.1 404 Not Found

#0 [internal function]: CodeIgniter\Debug\Exceptions->errorHandler(2, 'getimagesize(ht...', 'C:\\xampp\\htdocs...', 1266)
#1 C:\xampp\htdocs\etic-system\app\ThirdParty\fpdf\FPDF.php(1266): getimagesize('http://etic-sys...')
#2 C:\xampp\htdocs\etic-system\app\ThirdParty\fpdf\FPDF.php(913): App\ThirdParty\fpdf\FPDF->_parsejpg('http://etic-sys...')
#3 C:\xampp\htdocs\etic-system\app\Controllers\Inventarios.php(3271): App\ThirdParty\fpdf\FPDF->Image('http://etic-sys...', 11, 10, 38)
#4 C:\xampp\htdocs\etic-system\app\ThirdParty\fpdf\FPDF.php(338): App\Controllers\PDF->Header()
#5 C:\xampp\htdocs\etic-system\app\Controllers\Inventarios.php(1499): App\ThirdParty\fpdf\FPDF->AddPage('L', 'A4', 0)
#6 C:\xampp\htdocs\etic-system\system\CodeIgniter.php(824): App\Controllers\Inventarios->generarReporteBaseLine()
#7 C:\xampp\htdocs\etic-system\system\CodeIgniter.php(410): CodeIgniter\CodeIgniter->runController(Object(App\Controllers\Inventarios))
#8 C:\xampp\htdocs\etic-system\system\CodeIgniter.php(318): CodeIgniter\CodeIgniter->handleRequest(NULL, Object(Config\Cache), false)
#9 C:\xampp\htdocs\etic-system\public\index.php(37): CodeIgniter\CodeIgniter->run()
#10 {main}
CRITICAL - 2023-10-01 12:13:24 --> getimagesize(http://etic-system.local/adminLTE-3.1.0/img/plantilla/ETIC_logo.jpg): Failed to open stream: HTTP request failed! HTTP/1.1 404 Not Found

#0 [internal function]: CodeIgniter\Debug\Exceptions->errorHandler(2, 'getimagesize(ht...', 'C:\\xampp\\htdocs...', 1266)
#1 C:\xampp\htdocs\etic-system\app\ThirdParty\fpdf\FPDF.php(1266): getimagesize('http://etic-sys...')
#2 C:\xampp\htdocs\etic-system\app\ThirdParty\fpdf\FPDF.php(913): App\ThirdParty\fpdf\FPDF->_parsejpg('http://etic-sys...')
#3 C:\xampp\htdocs\etic-system\app\Controllers\Inventarios.php(3271): App\ThirdParty\fpdf\FPDF->Image('http://etic-sys...', 11, 10, 38)
#4 C:\xampp\htdocs\etic-system\app\ThirdParty\fpdf\FPDF.php(338): App\Controllers\PDF->Header()
#5 C:\xampp\htdocs\etic-system\app\Controllers\Inventarios.php(1737): App\ThirdParty\fpdf\FPDF->AddPage('L', 'A4', 0)
#6 C:\xampp\htdocs\etic-system\system\CodeIgniter.php(824): App\Controllers\Inventarios->generarReporteListaProblemas('Abierto')
#7 C:\xampp\htdocs\etic-system\system\CodeIgniter.php(410): CodeIgniter\CodeIgniter->runController(Object(App\Controllers\Inventarios))
#8 C:\xampp\htdocs\etic-system\system\CodeIgniter.php(318): CodeIgniter\CodeIgniter->handleRequest(NULL, Object(Config\Cache), false)
#9 C:\xampp\htdocs\etic-system\public\index.php(37): CodeIgniter\CodeIgniter->run()
#10 {main}
CRITICAL - 2023-10-01 12:13:50 --> getimagesize(http://etic-system.local/adminLTE-3.1.0/img/plantilla/ETIC_logo.jpg): Failed to open stream: HTTP request failed! HTTP/1.1 404 Not Found

#0 [internal function]: CodeIgniter\Debug\Exceptions->errorHandler(2, 'getimagesize(ht...', 'C:\\xampp\\htdocs...', 1266)
#1 C:\xampp\htdocs\etic-system\app\ThirdParty\fpdf\FPDF.php(1266): getimagesize('http://etic-sys...')
#2 C:\xampp\htdocs\etic-system\app\ThirdParty\fpdf\FPDF.php(913): App\ThirdParty\fpdf\FPDF->_parsejpg('http://etic-sys...')
#3 C:\xampp\htdocs\etic-system\app\Controllers\Inventarios.php(3271): App\ThirdParty\fpdf\FPDF->Image('http://etic-sys...', 11, 10, 38)
#4 C:\xampp\htdocs\etic-system\app\ThirdParty\fpdf\FPDF.php(338): App\Controllers\PDF->Header()
#5 C:\xampp\htdocs\etic-system\app\Controllers\Inventarios.php(1737): App\ThirdParty\fpdf\FPDF->AddPage('L', 'A4', 0)
#6 C:\xampp\htdocs\etic-system\system\CodeIgniter.php(824): App\Controllers\Inventarios->generarReporteListaProblemas('Abierto')
#7 C:\xampp\htdocs\etic-system\system\CodeIgniter.php(410): CodeIgniter\CodeIgniter->runController(Object(App\Controllers\Inventarios))
#8 C:\xampp\htdocs\etic-system\system\CodeIgniter.php(318): CodeIgniter\CodeIgniter->handleRequest(NULL, Object(Config\Cache), false)
#9 C:\xampp\htdocs\etic-system\public\index.php(37): CodeIgniter\CodeIgniter->run()
#10 {main}
ERROR - 2023-10-01 17:54:08 --> You have an error in your SQL syntax; check the manual that corresponds to your MariaDB server version for the right syntax to use near 'SELECT Compania FROM companias WHERE companias.Id_Compania = clientes.Id_Comp...' at line 2
CRITICAL - 2023-10-01 17:54:08 --> Call to a member function getResult() on bool
#0 C:\xampp\htdocs\etic-system\system\BaseModel.php(584): CodeIgniter\Model->doFindAll(0, 0)
#1 C:\xampp\htdocs\etic-system\app\Models\ClientesMdl.php(56): CodeIgniter\BaseModel->findAll()
#2 C:\xampp\htdocs\etic-system\app\Controllers\Clientes.php(35): App\Models\ClientesMdl->obtenerRegistros()
#3 C:\xampp\htdocs\etic-system\system\CodeIgniter.php(824): App\Controllers\Clientes->show()
#4 C:\xampp\htdocs\etic-system\system\CodeIgniter.php(410): CodeIgniter\CodeIgniter->runController(Object(App\Controllers\Clientes))
#5 C:\xampp\htdocs\etic-system\system\CodeIgniter.php(318): CodeIgniter\CodeIgniter->handleRequest(NULL, Object(Config\Cache), false)
#6 C:\xampp\htdocs\etic-system\public\index.php(37): CodeIgniter\CodeIgniter->run()
#7 {main}
ERROR - 2023-10-01 17:54:31 --> You have an error in your SQL syntax; check the manual that corresponds to your MariaDB server version for the right syntax to use near 'SELECT Compania FROM companias WHERE companias.Id_Compania = clientes.Id_Comp...' at line 2
CRITICAL - 2023-10-01 17:54:31 --> Call to a member function getResult() on bool
#0 C:\xampp\htdocs\etic-system\system\BaseModel.php(584): CodeIgniter\Model->doFindAll(0, 0)
#1 C:\xampp\htdocs\etic-system\app\Models\ClientesMdl.php(56): CodeIgniter\BaseModel->findAll()
#2 C:\xampp\htdocs\etic-system\app\Controllers\Clientes.php(35): App\Models\ClientesMdl->obtenerRegistros()
#3 C:\xampp\htdocs\etic-system\system\CodeIgniter.php(824): App\Controllers\Clientes->show()
#4 C:\xampp\htdocs\etic-system\system\CodeIgniter.php(410): CodeIgniter\CodeIgniter->runController(Object(App\Controllers\Clientes))
#5 C:\xampp\htdocs\etic-system\system\CodeIgniter.php(318): CodeIgniter\CodeIgniter->handleRequest(NULL, Object(Config\Cache), false)
#6 C:\xampp\htdocs\etic-system\public\index.php(37): CodeIgniter\CodeIgniter->run()
#7 {main}
ERROR - 2023-10-01 19:19:45 --> Unknown column 'sitios.Id_Cliente' in 'where clause'
CRITICAL - 2023-10-01 19:19:45 --> Call to a member function getResult() on bool
#0 C:\xampp\htdocs\etic-system\system\BaseModel.php(584): CodeIgniter\Model->doFindAll(0, 0)
#1 C:\xampp\htdocs\etic-system\app\Models\GruposSitiosMdl.php(39): CodeIgniter\BaseModel->findAll()
#2 C:\xampp\htdocs\etic-system\app\Controllers\GruposSitios.php(27): App\Models\GruposSitiosMdl->get()
#3 C:\xampp\htdocs\etic-system\system\CodeIgniter.php(824): App\Controllers\GruposSitios->show()
#4 C:\xampp\htdocs\etic-system\system\CodeIgniter.php(410): CodeIgniter\CodeIgniter->runController(Object(App\Controllers\GruposSitios))
#5 C:\xampp\htdocs\etic-system\system\CodeIgniter.php(318): CodeIgniter\CodeIgniter->handleRequest(NULL, Object(Config\Cache), false)
#6 C:\xampp\htdocs\etic-system\public\index.php(37): CodeIgniter\CodeIgniter->run()
#7 {main}
ERROR - 2023-10-01 19:20:12 --> Unknown column 'sitios.Id_Cliente' in 'where clause'
CRITICAL - 2023-10-01 19:20:12 --> Call to a member function getResult() on bool
#0 C:\xampp\htdocs\etic-system\system\BaseModel.php(584): CodeIgniter\Model->doFindAll(0, 0)
#1 C:\xampp\htdocs\etic-system\app\Models\GruposSitiosMdl.php(39): CodeIgniter\BaseModel->findAll()
#2 C:\xampp\htdocs\etic-system\app\Controllers\GruposSitios.php(27): App\Models\GruposSitiosMdl->get()
#3 C:\xampp\htdocs\etic-system\system\CodeIgniter.php(824): App\Controllers\GruposSitios->show()
#4 C:\xampp\htdocs\etic-system\system\CodeIgniter.php(410): CodeIgniter\CodeIgniter->runController(Object(App\Controllers\GruposSitios))
#5 C:\xampp\htdocs\etic-system\system\CodeIgniter.php(318): CodeIgniter\CodeIgniter->handleRequest(NULL, Object(Config\Cache), false)
#6 C:\xampp\htdocs\etic-system\public\index.php(37): CodeIgniter\CodeIgniter->run()
#7 {main}
ERROR - 2023-10-01 19:20:24 --> Unknown column 'sitios.Id_Cliente' in 'where clause'
CRITICAL - 2023-10-01 19:20:24 --> Call to a member function getResult() on bool
#0 C:\xampp\htdocs\etic-system\system\BaseModel.php(584): CodeIgniter\Model->doFindAll(0, 0)
#1 C:\xampp\htdocs\etic-system\app\Models\GruposSitiosMdl.php(39): CodeIgniter\BaseModel->findAll()
#2 C:\xampp\htdocs\etic-system\app\Controllers\GruposSitios.php(27): App\Models\GruposSitiosMdl->get()
#3 C:\xampp\htdocs\etic-system\system\CodeIgniter.php(824): App\Controllers\GruposSitios->show()
#4 C:\xampp\htdocs\etic-system\system\CodeIgniter.php(410): CodeIgniter\CodeIgniter->runController(Object(App\Controllers\GruposSitios))
#5 C:\xampp\htdocs\etic-system\system\CodeIgniter.php(318): CodeIgniter\CodeIgniter->handleRequest(NULL, Object(Config\Cache), false)
#6 C:\xampp\htdocs\etic-system\public\index.php(37): CodeIgniter\CodeIgniter->run()
#7 {main}
