ERROR - 2023-10-02 07:10:26 --> Duplicate entry '' for key 'PRIMARY'
CRITICAL - 2023-10-02 09:44:25 --> syntax error, unexpected token "}"
#0 C:\xampp\htdocs\etic-system\system\Autoloader\Autoloader.php(241): CodeIgniter\Autoloader\Autoloader->includeFile('C:\\xampp\\htdocs...')
#1 C:\xampp\htdocs\etic-system\system\Autoloader\Autoloader.php(219): CodeIgniter\Autoloader\Autoloader->loadInNamespace('App\\Models\\Siti...')
#2 C:\xampp\htdocs\etic-system\app\Controllers\Sitios.php(26): CodeIgniter\Autoloader\Autoloader->loadClass('App\\Models\\Siti...')
#3 C:\xampp\htdocs\etic-system\system\CodeIgniter.php(824): App\Controllers\Sitios->show()
#4 C:\xampp\htdocs\etic-system\system\CodeIgniter.php(410): CodeIgniter\CodeIgniter->runController(Object(App\Controllers\Sitios))
#5 C:\xampp\htdocs\etic-system\system\CodeIgniter.php(318): CodeIgniter\CodeIgniter->handleRequest(NULL, Object(Config\Cache), false)
#6 C:\xampp\htdocs\etic-system\public\index.php(37): CodeIgniter\CodeIgniter->run()
#7 {main}
CRITICAL - 2023-10-02 09:44:33 --> syntax error, unexpected token "}"
#0 C:\xampp\htdocs\etic-system\system\Autoloader\Autoloader.php(241): CodeIgniter\Autoloader\Autoloader->includeFile('C:\\xampp\\htdocs...')
#1 C:\xampp\htdocs\etic-system\system\Autoloader\Autoloader.php(219): CodeIgniter\Autoloader\Autoloader->loadInNamespace('App\\Models\\Siti...')
#2 C:\xampp\htdocs\etic-system\app\Controllers\Sitios.php(26): CodeIgniter\Autoloader\Autoloader->loadClass('App\\Models\\Siti...')
#3 C:\xampp\htdocs\etic-system\system\CodeIgniter.php(824): App\Controllers\Sitios->show()
#4 C:\xampp\htdocs\etic-system\system\CodeIgniter.php(410): CodeIgniter\CodeIgniter->runController(Object(App\Controllers\Sitios))
#5 C:\xampp\htdocs\etic-system\system\CodeIgniter.php(318): CodeIgniter\CodeIgniter->handleRequest(NULL, Object(Config\Cache), false)
#6 C:\xampp\htdocs\etic-system\public\index.php(37): CodeIgniter\CodeIgniter->run()
#7 {main}
ERROR - 2023-10-02 12:59:26 --> Unknown column 'Id_Grupos_Sitios' in 'field list'
CRITICAL - 2023-10-02 12:59:26 --> Call to a member function getResult() on bool
#0 C:\xampp\htdocs\etic-system\system\BaseModel.php(584): CodeIgniter\Model->doFindAll(0, 0)
#1 C:\xampp\htdocs\etic-system\app\Models\UsuariosMdl.php(112): CodeIgniter\BaseModel->findAll()
#2 C:\xampp\htdocs\etic-system\app\Controllers\Usuarios.php(27): App\Models\UsuariosMdl->obtenerRegistros()
#3 C:\xampp\htdocs\etic-system\system\CodeIgniter.php(824): App\Controllers\Usuarios->show()
#4 C:\xampp\htdocs\etic-system\system\CodeIgniter.php(410): CodeIgniter\CodeIgniter->runController(Object(App\Controllers\Usuarios))
#5 C:\xampp\htdocs\etic-system\system\CodeIgniter.php(318): CodeIgniter\CodeIgniter->handleRequest(NULL, Object(Config\Cache), false)
#6 C:\xampp\htdocs\etic-system\public\index.php(37): CodeIgniter\CodeIgniter->run()
#7 {main}
CRITICAL - 2023-10-02 14:09:57 --> syntax error, unexpected identifier "exten", expecting "{"
#0 C:\xampp\htdocs\etic-system\system\Autoloader\Autoloader.php(241): CodeIgniter\Autoloader\Autoloader->includeFile('C:\\xampp\\htdocs...')
#1 C:\xampp\htdocs\etic-system\system\Autoloader\Autoloader.php(219): CodeIgniter\Autoloader\Autoloader->loadInNamespace('App\\Controllers...')
#2 [internal function]: CodeIgniter\Autoloader\Autoloader->loadClass('App\\Controllers...')
#3 C:\xampp\htdocs\etic-system\system\CodeIgniter.php(789): class_exists('\\App\\Controller...', true)
#4 C:\xampp\htdocs\etic-system\system\CodeIgniter.php(397): CodeIgniter\CodeIgniter->startController()
#5 C:\xampp\htdocs\etic-system\system\CodeIgniter.php(318): CodeIgniter\CodeIgniter->handleRequest(NULL, Object(Config\Cache), false)
#6 C:\xampp\htdocs\etic-system\public\index.php(37): CodeIgniter\CodeIgniter->run()
#7 {main}
CRITICAL - 2023-10-02 14:31:25 --> Invalid file: login_clientes.php
#0 C:\xampp\htdocs\etic-system\system\View\View.php(198): CodeIgniter\Exceptions\FrameworkException::forInvalidFile('login_clientes....')
#1 C:\xampp\htdocs\etic-system\system\Common.php(1097): CodeIgniter\View\View->render('login_clientes', Array, true)
#2 C:\xampp\htdocs\etic-system\app\Controllers\Clientes\Login_clientes.php(15): view('login_clientes')
#3 C:\xampp\htdocs\etic-system\system\CodeIgniter.php(824): App\Controllers\Clientes\Login_clientes->index()
#4 C:\xampp\htdocs\etic-system\system\CodeIgniter.php(410): CodeIgniter\CodeIgniter->runController(Object(App\Controllers\Clientes\Login_clientes))
#5 C:\xampp\htdocs\etic-system\system\CodeIgniter.php(318): CodeIgniter\CodeIgniter->handleRequest(NULL, Object(Config\Cache), false)
#6 C:\xampp\htdocs\etic-system\public\index.php(37): CodeIgniter\CodeIgniter->run()
#7 {main}
CRITICAL - 2023-10-02 14:32:23 --> Invalid file: clientes/login_clientes.php
#0 C:\xampp\htdocs\etic-system\system\View\View.php(198): CodeIgniter\Exceptions\FrameworkException::forInvalidFile('clientes/login_...')
#1 C:\xampp\htdocs\etic-system\system\Common.php(1097): CodeIgniter\View\View->render('clientes/login_...', Array, true)
#2 C:\xampp\htdocs\etic-system\app\Controllers\Clientes\Login_clientes.php(15): view('clientes/login_...')
#3 C:\xampp\htdocs\etic-system\system\CodeIgniter.php(824): App\Controllers\Clientes\Login_clientes->index()
#4 C:\xampp\htdocs\etic-system\system\CodeIgniter.php(410): CodeIgniter\CodeIgniter->runController(Object(App\Controllers\Clientes\Login_clientes))
#5 C:\xampp\htdocs\etic-system\system\CodeIgniter.php(318): CodeIgniter\CodeIgniter->handleRequest(NULL, Object(Config\Cache), false)
#6 C:\xampp\htdocs\etic-system\public\index.php(37): CodeIgniter\CodeIgniter->run()
#7 {main}
CRITICAL - 2023-10-02 14:32:26 --> Invalid file: clientes/login_clientes.php
#0 C:\xampp\htdocs\etic-system\system\View\View.php(198): CodeIgniter\Exceptions\FrameworkException::forInvalidFile('clientes/login_...')
#1 C:\xampp\htdocs\etic-system\system\Common.php(1097): CodeIgniter\View\View->render('clientes/login_...', Array, true)
#2 C:\xampp\htdocs\etic-system\app\Controllers\Clientes\Login_clientes.php(15): view('clientes/login_...')
#3 C:\xampp\htdocs\etic-system\system\CodeIgniter.php(824): App\Controllers\Clientes\Login_clientes->index()
#4 C:\xampp\htdocs\etic-system\system\CodeIgniter.php(410): CodeIgniter\CodeIgniter->runController(Object(App\Controllers\Clientes\Login_clientes))
#5 C:\xampp\htdocs\etic-system\system\CodeIgniter.php(318): CodeIgniter\CodeIgniter->handleRequest(NULL, Object(Config\Cache), false)
#6 C:\xampp\htdocs\etic-system\public\index.php(37): CodeIgniter\CodeIgniter->run()
#7 {main}
CRITICAL - 2023-10-02 15:51:36 -->  route cannot be found while reverse-routing.
#0 C:\xampp\htdocs\etic-system\system\HTTP\RedirectResponse.php(56): CodeIgniter\HTTP\Exceptions\HTTPException::forInvalidRedirectRoute('')
#1 C:\xampp\htdocs\etic-system\app\Controllers\Clientes\Login_clientes.php(61): CodeIgniter\HTTP\RedirectResponse->route(false)
#2 C:\xampp\htdocs\etic-system\system\CodeIgniter.php(824): App\Controllers\Clientes\Login_clientes->acceso()
#3 C:\xampp\htdocs\etic-system\system\CodeIgniter.php(410): CodeIgniter\CodeIgniter->runController(Object(App\Controllers\Clientes\Login_clientes))
#4 C:\xampp\htdocs\etic-system\system\CodeIgniter.php(318): CodeIgniter\CodeIgniter->handleRequest(NULL, Object(Config\Cache), false)
#5 C:\xampp\htdocs\etic-system\public\index.php(37): CodeIgniter\CodeIgniter->run()
#6 {main}
CRITICAL - 2023-10-02 15:54:34 -->  route cannot be found while reverse-routing.
#0 C:\xampp\htdocs\etic-system\system\HTTP\RedirectResponse.php(56): CodeIgniter\HTTP\Exceptions\HTTPException::forInvalidRedirectRoute('')
#1 C:\xampp\htdocs\etic-system\app\Controllers\Clientes\Login_clientes.php(61): CodeIgniter\HTTP\RedirectResponse->route(false)
#2 C:\xampp\htdocs\etic-system\system\CodeIgniter.php(824): App\Controllers\Clientes\Login_clientes->acceso()
#3 C:\xampp\htdocs\etic-system\system\CodeIgniter.php(410): CodeIgniter\CodeIgniter->runController(Object(App\Controllers\Clientes\Login_clientes))
#4 C:\xampp\htdocs\etic-system\system\CodeIgniter.php(318): CodeIgniter\CodeIgniter->handleRequest(NULL, Object(Config\Cache), false)
#5 C:\xampp\htdocs\etic-system\public\index.php(37): CodeIgniter\CodeIgniter->run()
#6 {main}
CRITICAL - 2023-10-02 15:54:36 -->  route cannot be found while reverse-routing.
#0 C:\xampp\htdocs\etic-system\system\HTTP\RedirectResponse.php(56): CodeIgniter\HTTP\Exceptions\HTTPException::forInvalidRedirectRoute('')
#1 C:\xampp\htdocs\etic-system\app\Controllers\Clientes\Login_clientes.php(18): CodeIgniter\HTTP\RedirectResponse->route(false)
#2 C:\xampp\htdocs\etic-system\system\CodeIgniter.php(824): App\Controllers\Clientes\Login_clientes->index()
#3 C:\xampp\htdocs\etic-system\system\CodeIgniter.php(410): CodeIgniter\CodeIgniter->runController(Object(App\Controllers\Clientes\Login_clientes))
#4 C:\xampp\htdocs\etic-system\system\CodeIgniter.php(318): CodeIgniter\CodeIgniter->handleRequest(NULL, Object(Config\Cache), false)
#5 C:\xampp\htdocs\etic-system\public\index.php(37): CodeIgniter\CodeIgniter->run()
#6 {main}
CRITICAL - 2023-10-02 15:54:53 -->  route cannot be found while reverse-routing.
#0 C:\xampp\htdocs\etic-system\system\HTTP\RedirectResponse.php(56): CodeIgniter\HTTP\Exceptions\HTTPException::forInvalidRedirectRoute('')
#1 C:\xampp\htdocs\etic-system\app\Controllers\Clientes\Login_clientes.php(61): CodeIgniter\HTTP\RedirectResponse->route(false)
#2 C:\xampp\htdocs\etic-system\system\CodeIgniter.php(824): App\Controllers\Clientes\Login_clientes->acceso()
#3 C:\xampp\htdocs\etic-system\system\CodeIgniter.php(410): CodeIgniter\CodeIgniter->runController(Object(App\Controllers\Clientes\Login_clientes))
#4 C:\xampp\htdocs\etic-system\system\CodeIgniter.php(318): CodeIgniter\CodeIgniter->handleRequest(NULL, Object(Config\Cache), false)
#5 C:\xampp\htdocs\etic-system\public\index.php(37): CodeIgniter\CodeIgniter->run()
#6 {main}
CRITICAL - 2023-10-02 15:56:18 -->  route cannot be found while reverse-routing.
#0 C:\xampp\htdocs\etic-system\system\HTTP\RedirectResponse.php(56): CodeIgniter\HTTP\Exceptions\HTTPException::forInvalidRedirectRoute('')
#1 C:\xampp\htdocs\etic-system\app\Controllers\Clientes\Login_clientes.php(61): CodeIgniter\HTTP\RedirectResponse->route(false)
#2 C:\xampp\htdocs\etic-system\system\CodeIgniter.php(824): App\Controllers\Clientes\Login_clientes->acceso()
#3 C:\xampp\htdocs\etic-system\system\CodeIgniter.php(410): CodeIgniter\CodeIgniter->runController(Object(App\Controllers\Clientes\Login_clientes))
#4 C:\xampp\htdocs\etic-system\system\CodeIgniter.php(318): CodeIgniter\CodeIgniter->handleRequest(NULL, Object(Config\Cache), false)
#5 C:\xampp\htdocs\etic-system\public\index.php(37): CodeIgniter\CodeIgniter->run()
#6 {main}
CRITICAL - 2023-10-02 15:56:20 -->  route cannot be found while reverse-routing.
#0 C:\xampp\htdocs\etic-system\system\HTTP\RedirectResponse.php(56): CodeIgniter\HTTP\Exceptions\HTTPException::forInvalidRedirectRoute('')
#1 C:\xampp\htdocs\etic-system\app\Controllers\Clientes\Login_clientes.php(18): CodeIgniter\HTTP\RedirectResponse->route(false)
#2 C:\xampp\htdocs\etic-system\system\CodeIgniter.php(824): App\Controllers\Clientes\Login_clientes->index()
#3 C:\xampp\htdocs\etic-system\system\CodeIgniter.php(410): CodeIgniter\CodeIgniter->runController(Object(App\Controllers\Clientes\Login_clientes))
#4 C:\xampp\htdocs\etic-system\system\CodeIgniter.php(318): CodeIgniter\CodeIgniter->handleRequest(NULL, Object(Config\Cache), false)
#5 C:\xampp\htdocs\etic-system\public\index.php(37): CodeIgniter\CodeIgniter->run()
#6 {main}
CRITICAL - 2023-10-02 15:56:20 -->  route cannot be found while reverse-routing.
#0 C:\xampp\htdocs\etic-system\system\HTTP\RedirectResponse.php(56): CodeIgniter\HTTP\Exceptions\HTTPException::forInvalidRedirectRoute('')
#1 C:\xampp\htdocs\etic-system\app\Controllers\Clientes\Login_clientes.php(18): CodeIgniter\HTTP\RedirectResponse->route(false)
#2 C:\xampp\htdocs\etic-system\system\CodeIgniter.php(824): App\Controllers\Clientes\Login_clientes->index()
#3 C:\xampp\htdocs\etic-system\system\CodeIgniter.php(410): CodeIgniter\CodeIgniter->runController(Object(App\Controllers\Clientes\Login_clientes))
#4 C:\xampp\htdocs\etic-system\system\CodeIgniter.php(318): CodeIgniter\CodeIgniter->handleRequest(NULL, Object(Config\Cache), false)
#5 C:\xampp\htdocs\etic-system\public\index.php(37): CodeIgniter\CodeIgniter->run()
#6 {main}
CRITICAL - 2023-10-02 15:56:53 -->  route cannot be found while reverse-routing.
#0 C:\xampp\htdocs\etic-system\system\HTTP\RedirectResponse.php(56): CodeIgniter\HTTP\Exceptions\HTTPException::forInvalidRedirectRoute('')
#1 C:\xampp\htdocs\etic-system\app\Controllers\Clientes\Login_clientes.php(61): CodeIgniter\HTTP\RedirectResponse->route(false)
#2 C:\xampp\htdocs\etic-system\system\CodeIgniter.php(824): App\Controllers\Clientes\Login_clientes->acceso()
#3 C:\xampp\htdocs\etic-system\system\CodeIgniter.php(410): CodeIgniter\CodeIgniter->runController(Object(App\Controllers\Clientes\Login_clientes))
#4 C:\xampp\htdocs\etic-system\system\CodeIgniter.php(318): CodeIgniter\CodeIgniter->handleRequest(NULL, Object(Config\Cache), false)
#5 C:\xampp\htdocs\etic-system\public\index.php(37): CodeIgniter\CodeIgniter->run()
#6 {main}
CRITICAL - 2023-10-02 15:58:13 -->  route cannot be found while reverse-routing.
#0 C:\xampp\htdocs\etic-system\system\HTTP\RedirectResponse.php(56): CodeIgniter\HTTP\Exceptions\HTTPException::forInvalidRedirectRoute('')
#1 C:\xampp\htdocs\etic-system\app\Controllers\Clientes\Login_clientes.php(61): CodeIgniter\HTTP\RedirectResponse->route(false)
#2 C:\xampp\htdocs\etic-system\system\CodeIgniter.php(824): App\Controllers\Clientes\Login_clientes->acceso()
#3 C:\xampp\htdocs\etic-system\system\CodeIgniter.php(410): CodeIgniter\CodeIgniter->runController(Object(App\Controllers\Clientes\Login_clientes))
#4 C:\xampp\htdocs\etic-system\system\CodeIgniter.php(318): CodeIgniter\CodeIgniter->handleRequest(NULL, Object(Config\Cache), false)
#5 C:\xampp\htdocs\etic-system\public\index.php(37): CodeIgniter\CodeIgniter->run()
#6 {main}
CRITICAL - 2023-10-02 15:58:31 -->  route cannot be found while reverse-routing.
#0 C:\xampp\htdocs\etic-system\system\HTTP\RedirectResponse.php(56): CodeIgniter\HTTP\Exceptions\HTTPException::forInvalidRedirectRoute('')
#1 C:\xampp\htdocs\etic-system\app\Controllers\Clientes\Login_clientes.php(61): CodeIgniter\HTTP\RedirectResponse->route(false)
#2 C:\xampp\htdocs\etic-system\system\CodeIgniter.php(824): App\Controllers\Clientes\Login_clientes->acceso()
#3 C:\xampp\htdocs\etic-system\system\CodeIgniter.php(410): CodeIgniter\CodeIgniter->runController(Object(App\Controllers\Clientes\Login_clientes))
#4 C:\xampp\htdocs\etic-system\system\CodeIgniter.php(318): CodeIgniter\CodeIgniter->handleRequest(NULL, Object(Config\Cache), false)
#5 C:\xampp\htdocs\etic-system\public\index.php(37): CodeIgniter\CodeIgniter->run()
#6 {main}
CRITICAL - 2023-10-02 15:58:33 -->  route cannot be found while reverse-routing.
#0 C:\xampp\htdocs\etic-system\system\HTTP\RedirectResponse.php(56): CodeIgniter\HTTP\Exceptions\HTTPException::forInvalidRedirectRoute('')
#1 C:\xampp\htdocs\etic-system\app\Controllers\Clientes\Login_clientes.php(18): CodeIgniter\HTTP\RedirectResponse->route(false)
#2 C:\xampp\htdocs\etic-system\system\CodeIgniter.php(824): App\Controllers\Clientes\Login_clientes->index()
#3 C:\xampp\htdocs\etic-system\system\CodeIgniter.php(410): CodeIgniter\CodeIgniter->runController(Object(App\Controllers\Clientes\Login_clientes))
#4 C:\xampp\htdocs\etic-system\system\CodeIgniter.php(318): CodeIgniter\CodeIgniter->handleRequest(NULL, Object(Config\Cache), false)
#5 C:\xampp\htdocs\etic-system\public\index.php(37): CodeIgniter\CodeIgniter->run()
#6 {main}
CRITICAL - 2023-10-02 15:58:57 -->  route cannot be found while reverse-routing.
#0 C:\xampp\htdocs\etic-system\system\HTTP\RedirectResponse.php(56): CodeIgniter\HTTP\Exceptions\HTTPException::forInvalidRedirectRoute('')
#1 C:\xampp\htdocs\etic-system\app\Controllers\Clientes\Login_clientes.php(18): CodeIgniter\HTTP\RedirectResponse->route(false)
#2 C:\xampp\htdocs\etic-system\system\CodeIgniter.php(824): App\Controllers\Clientes\Login_clientes->index()
#3 C:\xampp\htdocs\etic-system\system\CodeIgniter.php(410): CodeIgniter\CodeIgniter->runController(Object(App\Controllers\Clientes\Login_clientes))
#4 C:\xampp\htdocs\etic-system\system\CodeIgniter.php(318): CodeIgniter\CodeIgniter->handleRequest(NULL, Object(Config\Cache), false)
#5 C:\xampp\htdocs\etic-system\public\index.php(37): CodeIgniter\CodeIgniter->run()
#6 {main}
CRITICAL - 2023-10-02 15:59:09 --> Undefined array key 0
#0 C:\xampp\htdocs\etic-system\app\Controllers\Clientes\Login_clientes.php(34): CodeIgniter\Debug\Exceptions->errorHandler(2, 'Undefined array...', 'C:\\xampp\\htdocs...', 34)
#1 C:\xampp\htdocs\etic-system\system\CodeIgniter.php(824): App\Controllers\Clientes\Login_clientes->acceso()
#2 C:\xampp\htdocs\etic-system\system\CodeIgniter.php(410): CodeIgniter\CodeIgniter->runController(Object(App\Controllers\Clientes\Login_clientes))
#3 C:\xampp\htdocs\etic-system\system\CodeIgniter.php(318): CodeIgniter\CodeIgniter->handleRequest(NULL, Object(Config\Cache), false)
#4 C:\xampp\htdocs\etic-system\public\index.php(37): CodeIgniter\CodeIgniter->run()
#5 {main}
CRITICAL - 2023-10-02 16:05:45 -->  route cannot be found while reverse-routing.
#0 C:\xampp\htdocs\etic-system\system\HTTP\RedirectResponse.php(56): CodeIgniter\HTTP\Exceptions\HTTPException::forInvalidRedirectRoute('')
#1 C:\xampp\htdocs\etic-system\app\Controllers\Clientes\Login_clientes.php(61): CodeIgniter\HTTP\RedirectResponse->route(false)
#2 C:\xampp\htdocs\etic-system\system\CodeIgniter.php(824): App\Controllers\Clientes\Login_clientes->acceso()
#3 C:\xampp\htdocs\etic-system\system\CodeIgniter.php(410): CodeIgniter\CodeIgniter->runController(Object(App\Controllers\Clientes\Login_clientes))
#4 C:\xampp\htdocs\etic-system\system\CodeIgniter.php(318): CodeIgniter\CodeIgniter->handleRequest(NULL, Object(Config\Cache), false)
#5 C:\xampp\htdocs\etic-system\public\index.php(37): CodeIgniter\CodeIgniter->run()
#6 {main}
CRITICAL - 2023-10-02 16:07:01 -->  route cannot be found while reverse-routing.
#0 C:\xampp\htdocs\etic-system\system\HTTP\RedirectResponse.php(56): CodeIgniter\HTTP\Exceptions\HTTPException::forInvalidRedirectRoute('')
#1 C:\xampp\htdocs\etic-system\app\Controllers\Clientes\Login_clientes.php(62): CodeIgniter\HTTP\RedirectResponse->route(false)
#2 C:\xampp\htdocs\etic-system\system\CodeIgniter.php(824): App\Controllers\Clientes\Login_clientes->acceso()
#3 C:\xampp\htdocs\etic-system\system\CodeIgniter.php(410): CodeIgniter\CodeIgniter->runController(Object(App\Controllers\Clientes\Login_clientes))
#4 C:\xampp\htdocs\etic-system\system\CodeIgniter.php(318): CodeIgniter\CodeIgniter->handleRequest(NULL, Object(Config\Cache), false)
#5 C:\xampp\htdocs\etic-system\public\index.php(37): CodeIgniter\CodeIgniter->run()
#6 {main}
CRITICAL - 2023-10-02 16:08:05 --> Class "App\Controllers\Clientes\InspeccionesMdl" not found
#0 C:\xampp\htdocs\etic-system\system\CodeIgniter.php(824): App\Controllers\Clientes\PrincipalClientes->index()
#1 C:\xampp\htdocs\etic-system\system\CodeIgniter.php(410): CodeIgniter\CodeIgniter->runController(Object(App\Controllers\Clientes\PrincipalClientes))
#2 C:\xampp\htdocs\etic-system\system\CodeIgniter.php(318): CodeIgniter\CodeIgniter->handleRequest(NULL, Object(Config\Cache), false)
#3 C:\xampp\htdocs\etic-system\public\index.php(37): CodeIgniter\CodeIgniter->run()
#4 {main}
CRITICAL - 2023-10-02 17:49:03 --> Undefined variable $nombre
#0 C:\xampp\htdocs\etic-system\app\Views\clientes\principal_clientes.php(104): CodeIgniter\Debug\Exceptions->errorHandler(2, 'Undefined varia...', 'C:\\xampp\\htdocs...', 104)
#1 C:\xampp\htdocs\etic-system\system\View\View.php(214): include('C:\\xampp\\htdocs...')
#2 C:\xampp\htdocs\etic-system\system\View\View.php(217): CodeIgniter\View\View->CodeIgniter\View\{closure}()
#3 C:\xampp\htdocs\etic-system\system\Common.php(1097): CodeIgniter\View\View->render('clientes/princi...', Array, true)
#4 C:\xampp\htdocs\etic-system\app\Controllers\Clientes\PrincipalClientes.php(24): view('clientes/princi...', Array)
#5 C:\xampp\htdocs\etic-system\system\CodeIgniter.php(824): App\Controllers\Clientes\PrincipalClientes->index()
#6 C:\xampp\htdocs\etic-system\system\CodeIgniter.php(410): CodeIgniter\CodeIgniter->runController(Object(App\Controllers\Clientes\PrincipalClientes))
#7 C:\xampp\htdocs\etic-system\system\CodeIgniter.php(318): CodeIgniter\CodeIgniter->handleRequest(NULL, Object(Config\Cache), false)
#8 C:\xampp\htdocs\etic-system\public\index.php(37): CodeIgniter\CodeIgniter->run()
#9 {main}
CRITICAL - 2023-10-02 17:50:08 --> Undefined variable $Nombre
#0 C:\xampp\htdocs\etic-system\app\Views\clientes\principal_clientes.php(104): CodeIgniter\Debug\Exceptions->errorHandler(2, 'Undefined varia...', 'C:\\xampp\\htdocs...', 104)
#1 C:\xampp\htdocs\etic-system\system\View\View.php(214): include('C:\\xampp\\htdocs...')
#2 C:\xampp\htdocs\etic-system\system\View\View.php(217): CodeIgniter\View\View->CodeIgniter\View\{closure}()
#3 C:\xampp\htdocs\etic-system\system\Common.php(1097): CodeIgniter\View\View->render('clientes/princi...', Array, true)
#4 C:\xampp\htdocs\etic-system\app\Controllers\Clientes\PrincipalClientes.php(24): view('clientes/princi...', Array)
#5 C:\xampp\htdocs\etic-system\system\CodeIgniter.php(824): App\Controllers\Clientes\PrincipalClientes->index()
#6 C:\xampp\htdocs\etic-system\system\CodeIgniter.php(410): CodeIgniter\CodeIgniter->runController(Object(App\Controllers\Clientes\PrincipalClientes))
#7 C:\xampp\htdocs\etic-system\system\CodeIgniter.php(318): CodeIgniter\CodeIgniter->handleRequest(NULL, Object(Config\Cache), false)
#8 C:\xampp\htdocs\etic-system\public\index.php(37): CodeIgniter\CodeIgniter->run()
#9 {main}
CRITICAL - 2023-10-02 17:50:46 --> Undefined variable $Nombre
#0 C:\xampp\htdocs\etic-system\app\Views\clientes\principal_clientes.php(104): CodeIgniter\Debug\Exceptions->errorHandler(2, 'Undefined varia...', 'C:\\xampp\\htdocs...', 104)
#1 C:\xampp\htdocs\etic-system\system\View\View.php(214): include('C:\\xampp\\htdocs...')
#2 C:\xampp\htdocs\etic-system\system\View\View.php(217): CodeIgniter\View\View->CodeIgniter\View\{closure}()
#3 C:\xampp\htdocs\etic-system\system\Common.php(1097): CodeIgniter\View\View->render('clientes/princi...', Array, true)
#4 C:\xampp\htdocs\etic-system\app\Controllers\Clientes\PrincipalClientes.php(24): view('clientes/princi...', Array)
#5 C:\xampp\htdocs\etic-system\system\CodeIgniter.php(824): App\Controllers\Clientes\PrincipalClientes->index()
#6 C:\xampp\htdocs\etic-system\system\CodeIgniter.php(410): CodeIgniter\CodeIgniter->runController(Object(App\Controllers\Clientes\PrincipalClientes))
#7 C:\xampp\htdocs\etic-system\system\CodeIgniter.php(318): CodeIgniter\CodeIgniter->handleRequest(NULL, Object(Config\Cache), false)
#8 C:\xampp\htdocs\etic-system\public\index.php(37): CodeIgniter\CodeIgniter->run()
#9 {main}
CRITICAL - 2023-10-02 17:50:48 -->  route cannot be found while reverse-routing.
#0 C:\xampp\htdocs\etic-system\system\HTTP\RedirectResponse.php(56): CodeIgniter\HTTP\Exceptions\HTTPException::forInvalidRedirectRoute('')
#1 C:\xampp\htdocs\etic-system\app\Controllers\Clientes\Login_clientes.php(18): CodeIgniter\HTTP\RedirectResponse->route(false)
#2 C:\xampp\htdocs\etic-system\system\CodeIgniter.php(824): App\Controllers\Clientes\Login_clientes->index()
#3 C:\xampp\htdocs\etic-system\system\CodeIgniter.php(410): CodeIgniter\CodeIgniter->runController(Object(App\Controllers\Clientes\Login_clientes))
#4 C:\xampp\htdocs\etic-system\system\CodeIgniter.php(318): CodeIgniter\CodeIgniter->handleRequest(NULL, Object(Config\Cache), false)
#5 C:\xampp\htdocs\etic-system\public\index.php(37): CodeIgniter\CodeIgniter->run()
#6 {main}
CRITICAL - 2023-10-02 17:50:50 -->  route cannot be found while reverse-routing.
#0 C:\xampp\htdocs\etic-system\system\HTTP\RedirectResponse.php(56): CodeIgniter\HTTP\Exceptions\HTTPException::forInvalidRedirectRoute('')
#1 C:\xampp\htdocs\etic-system\app\Controllers\Clientes\Login_clientes.php(18): CodeIgniter\HTTP\RedirectResponse->route(false)
#2 C:\xampp\htdocs\etic-system\system\CodeIgniter.php(824): App\Controllers\Clientes\Login_clientes->index()
#3 C:\xampp\htdocs\etic-system\system\CodeIgniter.php(410): CodeIgniter\CodeIgniter->runController(Object(App\Controllers\Clientes\Login_clientes))
#4 C:\xampp\htdocs\etic-system\system\CodeIgniter.php(318): CodeIgniter\CodeIgniter->handleRequest(NULL, Object(Config\Cache), false)
#5 C:\xampp\htdocs\etic-system\public\index.php(37): CodeIgniter\CodeIgniter->run()
#6 {main}
CRITICAL - 2023-10-02 17:50:51 -->  route cannot be found while reverse-routing.
#0 C:\xampp\htdocs\etic-system\system\HTTP\RedirectResponse.php(56): CodeIgniter\HTTP\Exceptions\HTTPException::forInvalidRedirectRoute('')
#1 C:\xampp\htdocs\etic-system\app\Controllers\Clientes\Login_clientes.php(18): CodeIgniter\HTTP\RedirectResponse->route(false)
#2 C:\xampp\htdocs\etic-system\system\CodeIgniter.php(824): App\Controllers\Clientes\Login_clientes->index()
#3 C:\xampp\htdocs\etic-system\system\CodeIgniter.php(410): CodeIgniter\CodeIgniter->runController(Object(App\Controllers\Clientes\Login_clientes))
#4 C:\xampp\htdocs\etic-system\system\CodeIgniter.php(318): CodeIgniter\CodeIgniter->handleRequest(NULL, Object(Config\Cache), false)
#5 C:\xampp\htdocs\etic-system\public\index.php(37): CodeIgniter\CodeIgniter->run()
#6 {main}
CRITICAL - 2023-10-02 17:51:01 -->  route cannot be found while reverse-routing.
#0 C:\xampp\htdocs\etic-system\system\HTTP\RedirectResponse.php(56): CodeIgniter\HTTP\Exceptions\HTTPException::forInvalidRedirectRoute('')
#1 C:\xampp\htdocs\etic-system\app\Controllers\Clientes\Login_clientes.php(18): CodeIgniter\HTTP\RedirectResponse->route(false)
#2 C:\xampp\htdocs\etic-system\system\CodeIgniter.php(824): App\Controllers\Clientes\Login_clientes->index()
#3 C:\xampp\htdocs\etic-system\system\CodeIgniter.php(410): CodeIgniter\CodeIgniter->runController(Object(App\Controllers\Clientes\Login_clientes))
#4 C:\xampp\htdocs\etic-system\system\CodeIgniter.php(318): CodeIgniter\CodeIgniter->handleRequest(NULL, Object(Config\Cache), false)
#5 C:\xampp\htdocs\etic-system\public\index.php(37): CodeIgniter\CodeIgniter->run()
#6 {main}
CRITICAL - 2023-10-02 17:51:04 -->  route cannot be found while reverse-routing.
#0 C:\xampp\htdocs\etic-system\system\HTTP\RedirectResponse.php(56): CodeIgniter\HTTP\Exceptions\HTTPException::forInvalidRedirectRoute('')
#1 C:\xampp\htdocs\etic-system\app\Controllers\Clientes\Login_clientes.php(18): CodeIgniter\HTTP\RedirectResponse->route(false)
#2 C:\xampp\htdocs\etic-system\system\CodeIgniter.php(824): App\Controllers\Clientes\Login_clientes->index()
#3 C:\xampp\htdocs\etic-system\system\CodeIgniter.php(410): CodeIgniter\CodeIgniter->runController(Object(App\Controllers\Clientes\Login_clientes))
#4 C:\xampp\htdocs\etic-system\system\CodeIgniter.php(318): CodeIgniter\CodeIgniter->handleRequest(NULL, Object(Config\Cache), false)
#5 C:\xampp\htdocs\etic-system\public\index.php(37): CodeIgniter\CodeIgniter->run()
#6 {main}
CRITICAL - 2023-10-02 17:51:08 -->  route cannot be found while reverse-routing.
#0 C:\xampp\htdocs\etic-system\system\HTTP\RedirectResponse.php(56): CodeIgniter\HTTP\Exceptions\HTTPException::forInvalidRedirectRoute('')
#1 C:\xampp\htdocs\etic-system\app\Controllers\Clientes\Login_clientes.php(18): CodeIgniter\HTTP\RedirectResponse->route(false)
#2 C:\xampp\htdocs\etic-system\system\CodeIgniter.php(824): App\Controllers\Clientes\Login_clientes->index()
#3 C:\xampp\htdocs\etic-system\system\CodeIgniter.php(410): CodeIgniter\CodeIgniter->runController(Object(App\Controllers\Clientes\Login_clientes))
#4 C:\xampp\htdocs\etic-system\system\CodeIgniter.php(318): CodeIgniter\CodeIgniter->handleRequest(NULL, Object(Config\Cache), false)
#5 C:\xampp\htdocs\etic-system\public\index.php(37): CodeIgniter\CodeIgniter->run()
#6 {main}
CRITICAL - 2023-10-02 17:51:22 -->  route cannot be found while reverse-routing.
#0 C:\xampp\htdocs\etic-system\system\HTTP\RedirectResponse.php(56): CodeIgniter\HTTP\Exceptions\HTTPException::forInvalidRedirectRoute('')
#1 C:\xampp\htdocs\etic-system\app\Controllers\Clientes\Login_clientes.php(18): CodeIgniter\HTTP\RedirectResponse->route(false)
#2 C:\xampp\htdocs\etic-system\system\CodeIgniter.php(824): App\Controllers\Clientes\Login_clientes->index()
#3 C:\xampp\htdocs\etic-system\system\CodeIgniter.php(410): CodeIgniter\CodeIgniter->runController(Object(App\Controllers\Clientes\Login_clientes))
#4 C:\xampp\htdocs\etic-system\system\CodeIgniter.php(318): CodeIgniter\CodeIgniter->handleRequest(NULL, Object(Config\Cache), false)
#5 C:\xampp\htdocs\etic-system\public\index.php(37): CodeIgniter\CodeIgniter->run()
#6 {main}
CRITICAL - 2023-10-02 17:54:45 --> Undefined variable $Nombre
#0 C:\xampp\htdocs\etic-system\app\Views\clientes\principal_clientes.php(104): CodeIgniter\Debug\Exceptions->errorHandler(2, 'Undefined varia...', 'C:\\xampp\\htdocs...', 104)
#1 C:\xampp\htdocs\etic-system\system\View\View.php(214): include('C:\\xampp\\htdocs...')
#2 C:\xampp\htdocs\etic-system\system\View\View.php(217): CodeIgniter\View\View->CodeIgniter\View\{closure}()
#3 C:\xampp\htdocs\etic-system\system\Common.php(1097): CodeIgniter\View\View->render('clientes/princi...', Array, true)
#4 C:\xampp\htdocs\etic-system\app\Controllers\Clientes\PrincipalClientes.php(20): view('clientes/princi...', Array)
#5 C:\xampp\htdocs\etic-system\system\CodeIgniter.php(824): App\Controllers\Clientes\PrincipalClientes->index()
#6 C:\xampp\htdocs\etic-system\system\CodeIgniter.php(410): CodeIgniter\CodeIgniter->runController(Object(App\Controllers\Clientes\PrincipalClientes))
#7 C:\xampp\htdocs\etic-system\system\CodeIgniter.php(318): CodeIgniter\CodeIgniter->handleRequest(NULL, Object(Config\Cache), false)
#8 C:\xampp\htdocs\etic-system\public\index.php(37): CodeIgniter\CodeIgniter->run()
#9 {main}
CRITICAL - 2023-10-02 17:57:35 --> Undefined variable $Nombre
#0 C:\xampp\htdocs\etic-system\app\Views\clientes\principal_clientes.php(104): CodeIgniter\Debug\Exceptions->errorHandler(2, 'Undefined varia...', 'C:\\xampp\\htdocs...', 104)
#1 C:\xampp\htdocs\etic-system\system\View\View.php(214): include('C:\\xampp\\htdocs...')
#2 C:\xampp\htdocs\etic-system\system\View\View.php(217): CodeIgniter\View\View->CodeIgniter\View\{closure}()
#3 C:\xampp\htdocs\etic-system\system\Common.php(1097): CodeIgniter\View\View->render('clientes/princi...', Array, true)
#4 C:\xampp\htdocs\etic-system\app\Controllers\Clientes\PrincipalClientes.php(25): view('clientes/princi...', Array)
#5 C:\xampp\htdocs\etic-system\system\CodeIgniter.php(824): App\Controllers\Clientes\PrincipalClientes->index()
#6 C:\xampp\htdocs\etic-system\system\CodeIgniter.php(410): CodeIgniter\CodeIgniter->runController(Object(App\Controllers\Clientes\PrincipalClientes))
#7 C:\xampp\htdocs\etic-system\system\CodeIgniter.php(318): CodeIgniter\CodeIgniter->handleRequest(NULL, Object(Config\Cache), false)
#8 C:\xampp\htdocs\etic-system\public\index.php(37): CodeIgniter\CodeIgniter->run()
#9 {main}
CRITICAL - 2023-10-02 18:06:01 --> Undefined variable $Nombre
#0 C:\xampp\htdocs\etic-system\app\Views\clientes\principal_clientes.php(104): CodeIgniter\Debug\Exceptions->errorHandler(2, 'Undefined varia...', 'C:\\xampp\\htdocs...', 104)
#1 C:\xampp\htdocs\etic-system\system\View\View.php(214): include('C:\\xampp\\htdocs...')
#2 C:\xampp\htdocs\etic-system\system\View\View.php(217): CodeIgniter\View\View->CodeIgniter\View\{closure}()
#3 C:\xampp\htdocs\etic-system\system\Common.php(1097): CodeIgniter\View\View->render('clientes/princi...', Array, true)
#4 C:\xampp\htdocs\etic-system\app\Controllers\Clientes\PrincipalClientes.php(25): view('clientes/princi...', Array)
#5 C:\xampp\htdocs\etic-system\system\CodeIgniter.php(824): App\Controllers\Clientes\PrincipalClientes->index()
#6 C:\xampp\htdocs\etic-system\system\CodeIgniter.php(410): CodeIgniter\CodeIgniter->runController(Object(App\Controllers\Clientes\PrincipalClientes))
#7 C:\xampp\htdocs\etic-system\system\CodeIgniter.php(318): CodeIgniter\CodeIgniter->handleRequest(NULL, Object(Config\Cache), false)
#8 C:\xampp\htdocs\etic-system\public\index.php(37): CodeIgniter\CodeIgniter->run()
#9 {main}
