CRITICAL - 2023-08-25 10:36:40 --> Undefined array key 0
#0 C:\xampp\htdocs\etic-system\app\Controllers\Inspecciones.php(65): CodeIgniter\Debug\Exceptions->errorHandler(2, 'Undefined array...', 'C:\\xampp\\htdocs...', 65)
#1 C:\xampp\htdocs\etic-system\system\CodeIgniter.php(824): App\Controllers\Inspecciones->create()
#2 C:\xampp\htdocs\etic-system\system\CodeIgniter.php(410): CodeIgniter\CodeIgniter->runController(Object(App\Controllers\Inspecciones))
#3 C:\xampp\htdocs\etic-system\system\CodeIgniter.php(318): CodeIgniter\CodeIgniter->handleRequest(NULL, Object(Config\Cache), false)
#4 C:\xampp\htdocs\etic-system\public\index.php(37): CodeIgniter\CodeIgniter->run()
#5 {main}
CRITICAL - 2023-08-25 10:36:50 --> Undefined array key 0
#0 C:\xampp\htdocs\etic-system\app\Controllers\Inspecciones.php(65): CodeIgniter\Debug\Exceptions->errorHandler(2, 'Undefined array...', 'C:\\xampp\\htdocs...', 65)
#1 C:\xampp\htdocs\etic-system\system\CodeIgniter.php(824): App\Controllers\Inspecciones->create()
#2 C:\xampp\htdocs\etic-system\system\CodeIgniter.php(410): CodeIgniter\CodeIgniter->runController(Object(App\Controllers\Inspecciones))
#3 C:\xampp\htdocs\etic-system\system\CodeIgniter.php(318): CodeIgniter\CodeIgniter->handleRequest(NULL, Object(Config\Cache), false)
#4 C:\xampp\htdocs\etic-system\public\index.php(37): CodeIgniter\CodeIgniter->run()
#5 {main}
CRITICAL - 2023-08-25 10:37:18 --> Undefined array key 0
#0 C:\xampp\htdocs\etic-system\app\Controllers\Inspecciones.php(65): CodeIgniter\Debug\Exceptions->errorHandler(2, 'Undefined array...', 'C:\\xampp\\htdocs...', 65)
#1 C:\xampp\htdocs\etic-system\system\CodeIgniter.php(824): App\Controllers\Inspecciones->create()
#2 C:\xampp\htdocs\etic-system\system\CodeIgniter.php(410): CodeIgniter\CodeIgniter->runController(Object(App\Controllers\Inspecciones))
#3 C:\xampp\htdocs\etic-system\system\CodeIgniter.php(318): CodeIgniter\CodeIgniter->handleRequest(NULL, Object(Config\Cache), false)
#4 C:\xampp\htdocs\etic-system\public\index.php(37): CodeIgniter\CodeIgniter->run()
#5 {main}
CRITICAL - 2023-08-25 10:38:36 --> Undefined array key 0
#0 C:\xampp\htdocs\etic-system\app\Controllers\Inspecciones.php(65): CodeIgniter\Debug\Exceptions->errorHandler(2, 'Undefined array...', 'C:\\xampp\\htdocs...', 65)
#1 C:\xampp\htdocs\etic-system\system\CodeIgniter.php(824): App\Controllers\Inspecciones->create()
#2 C:\xampp\htdocs\etic-system\system\CodeIgniter.php(410): CodeIgniter\CodeIgniter->runController(Object(App\Controllers\Inspecciones))
#3 C:\xampp\htdocs\etic-system\system\CodeIgniter.php(318): CodeIgniter\CodeIgniter->handleRequest(NULL, Object(Config\Cache), false)
#4 C:\xampp\htdocs\etic-system\public\index.php(37): CodeIgniter\CodeIgniter->run()
#5 {main}
CRITICAL - 2023-08-25 10:38:48 --> Undefined array key 0
#0 C:\xampp\htdocs\etic-system\app\Controllers\Inspecciones.php(65): CodeIgniter\Debug\Exceptions->errorHandler(2, 'Undefined array...', 'C:\\xampp\\htdocs...', 65)
#1 C:\xampp\htdocs\etic-system\system\CodeIgniter.php(824): App\Controllers\Inspecciones->create()
#2 C:\xampp\htdocs\etic-system\system\CodeIgniter.php(410): CodeIgniter\CodeIgniter->runController(Object(App\Controllers\Inspecciones))
#3 C:\xampp\htdocs\etic-system\system\CodeIgniter.php(318): CodeIgniter\CodeIgniter->handleRequest(NULL, Object(Config\Cache), false)
#4 C:\xampp\htdocs\etic-system\public\index.php(37): CodeIgniter\CodeIgniter->run()
#5 {main}
CRITICAL - 2023-08-25 10:39:03 --> Undefined array key 0
#0 C:\xampp\htdocs\etic-system\app\Controllers\Inspecciones.php(65): CodeIgniter\Debug\Exceptions->errorHandler(2, 'Undefined array...', 'C:\\xampp\\htdocs...', 65)
#1 C:\xampp\htdocs\etic-system\system\CodeIgniter.php(824): App\Controllers\Inspecciones->create()
#2 C:\xampp\htdocs\etic-system\system\CodeIgniter.php(410): CodeIgniter\CodeIgniter->runController(Object(App\Controllers\Inspecciones))
#3 C:\xampp\htdocs\etic-system\system\CodeIgniter.php(318): CodeIgniter\CodeIgniter->handleRequest(NULL, Object(Config\Cache), false)
#4 C:\xampp\htdocs\etic-system\public\index.php(37): CodeIgniter\CodeIgniter->run()
#5 {main}
CRITICAL - 2023-08-25 10:39:20 --> Undefined array key 0
#0 C:\xampp\htdocs\etic-system\app\Controllers\Inspecciones.php(65): CodeIgniter\Debug\Exceptions->errorHandler(2, 'Undefined array...', 'C:\\xampp\\htdocs...', 65)
#1 C:\xampp\htdocs\etic-system\system\CodeIgniter.php(824): App\Controllers\Inspecciones->create()
#2 C:\xampp\htdocs\etic-system\system\CodeIgniter.php(410): CodeIgniter\CodeIgniter->runController(Object(App\Controllers\Inspecciones))
#3 C:\xampp\htdocs\etic-system\system\CodeIgniter.php(318): CodeIgniter\CodeIgniter->handleRequest(NULL, Object(Config\Cache), false)
#4 C:\xampp\htdocs\etic-system\public\index.php(37): CodeIgniter\CodeIgniter->run()
#5 {main}
CRITICAL - 2023-08-25 10:42:54 --> Undefined array key 0
#0 C:\xampp\htdocs\etic-system\app\Controllers\Inspecciones.php(88): CodeIgniter\Debug\Exceptions->errorHandler(2, 'Undefined array...', 'C:\\xampp\\htdocs...', 88)
#1 C:\xampp\htdocs\etic-system\system\CodeIgniter.php(824): App\Controllers\Inspecciones->create()
#2 C:\xampp\htdocs\etic-system\system\CodeIgniter.php(410): CodeIgniter\CodeIgniter->runController(Object(App\Controllers\Inspecciones))
#3 C:\xampp\htdocs\etic-system\system\CodeIgniter.php(318): CodeIgniter\CodeIgniter->handleRequest(NULL, Object(Config\Cache), false)
#4 C:\xampp\htdocs\etic-system\public\index.php(37): CodeIgniter\CodeIgniter->run()
#5 {main}
CRITICAL - 2023-08-25 10:43:21 --> opendir(C:\xampp\htdocs\etic-system\public/etic/inspecciones/2/Imagenes): El sistema no puede encontrar la ruta especifica (code: 3)
#0 [internal function]: CodeIgniter\Debug\Exceptions->errorHandler(2, 'opendir(C:\\xamp...', 'C:\\xampp\\htdocs...', 891)
#1 C:\xampp\htdocs\etic-system\app\Controllers\Inventarios.php(891): opendir('C:\\xampp\\htdocs...')
#2 C:\xampp\htdocs\etic-system\system\CodeIgniter.php(824): App\Controllers\Inventarios->explorarArchivos()
#3 C:\xampp\htdocs\etic-system\system\CodeIgniter.php(410): CodeIgniter\CodeIgniter->runController(Object(App\Controllers\Inventarios))
#4 C:\xampp\htdocs\etic-system\system\CodeIgniter.php(318): CodeIgniter\CodeIgniter->handleRequest(NULL, Object(Config\Cache), false)
#5 C:\xampp\htdocs\etic-system\public\index.php(37): CodeIgniter\CodeIgniter->run()
#6 {main}
CRITICAL - 2023-08-25 10:44:20 --> opendir(C:\xampp\htdocs\etic-system\public/etic/inspecciones/2/Imagenes): El sistema no puede encontrar la ruta especifica (code: 3)
#0 [internal function]: CodeIgniter\Debug\Exceptions->errorHandler(2, 'opendir(C:\\xamp...', 'C:\\xampp\\htdocs...', 891)
#1 C:\xampp\htdocs\etic-system\app\Controllers\Inventarios.php(891): opendir('C:\\xampp\\htdocs...')
#2 C:\xampp\htdocs\etic-system\system\CodeIgniter.php(824): App\Controllers\Inventarios->explorarArchivos()
#3 C:\xampp\htdocs\etic-system\system\CodeIgniter.php(410): CodeIgniter\CodeIgniter->runController(Object(App\Controllers\Inventarios))
#4 C:\xampp\htdocs\etic-system\system\CodeIgniter.php(318): CodeIgniter\CodeIgniter->handleRequest(NULL, Object(Config\Cache), false)
#5 C:\xampp\htdocs\etic-system\public\index.php(37): CodeIgniter\CodeIgniter->run()
#6 {main}
CRITICAL - 2023-08-25 10:45:06 --> opendir(C:\xampp\htdocs\etic-system\public/etic/inspecciones/2/Imagenes): El sistema no puede encontrar el archivo especifica (code: 2)
#0 [internal function]: CodeIgniter\Debug\Exceptions->errorHandler(2, 'opendir(C:\\xamp...', 'C:\\xampp\\htdocs...', 891)
#1 C:\xampp\htdocs\etic-system\app\Controllers\Inventarios.php(891): opendir('C:\\xampp\\htdocs...')
#2 C:\xampp\htdocs\etic-system\system\CodeIgniter.php(824): App\Controllers\Inventarios->explorarArchivos()
#3 C:\xampp\htdocs\etic-system\system\CodeIgniter.php(410): CodeIgniter\CodeIgniter->runController(Object(App\Controllers\Inventarios))
#4 C:\xampp\htdocs\etic-system\system\CodeIgniter.php(318): CodeIgniter\CodeIgniter->handleRequest(NULL, Object(Config\Cache), false)
#5 C:\xampp\htdocs\etic-system\public\index.php(37): CodeIgniter\CodeIgniter->run()
#6 {main}
CRITICAL - 2023-08-25 10:45:18 --> opendir(C:\xampp\htdocs\etic-system\public/etic/inspecciones/2/Imagenes): El sistema no puede encontrar el archivo especifica (code: 2)
#0 [internal function]: CodeIgniter\Debug\Exceptions->errorHandler(2, 'opendir(C:\\xamp...', 'C:\\xampp\\htdocs...', 891)
#1 C:\xampp\htdocs\etic-system\app\Controllers\Inventarios.php(891): opendir('C:\\xampp\\htdocs...')
#2 C:\xampp\htdocs\etic-system\system\CodeIgniter.php(824): App\Controllers\Inventarios->explorarArchivos()
#3 C:\xampp\htdocs\etic-system\system\CodeIgniter.php(410): CodeIgniter\CodeIgniter->runController(Object(App\Controllers\Inventarios))
#4 C:\xampp\htdocs\etic-system\system\CodeIgniter.php(318): CodeIgniter\CodeIgniter->handleRequest(NULL, Object(Config\Cache), false)
#5 C:\xampp\htdocs\etic-system\public\index.php(37): CodeIgniter\CodeIgniter->run()
#6 {main}
CRITICAL - 2023-08-25 10:45:18 --> Too few arguments to function App\Controllers\Inventarios::getProblemas_Sitio(), 0 passed in C:\xampp\htdocs\etic-system\system\CodeIgniter.php on line 824 and exactly 1 expected
#0 C:\xampp\htdocs\etic-system\system\CodeIgniter.php(824): App\Controllers\Inventarios->getProblemas_Sitio()
#1 C:\xampp\htdocs\etic-system\system\CodeIgniter.php(410): CodeIgniter\CodeIgniter->runController(Object(App\Controllers\Inventarios))
#2 C:\xampp\htdocs\etic-system\system\CodeIgniter.php(318): CodeIgniter\CodeIgniter->handleRequest(NULL, Object(Config\Cache), false)
#3 C:\xampp\htdocs\etic-system\public\index.php(37): CodeIgniter\CodeIgniter->run()
#4 {main}
CRITICAL - 2023-08-25 10:45:33 --> opendir(C:\xampp\htdocs\etic-system\public/etic/inspecciones/2/Imagenes): El sistema no puede encontrar el archivo especifica (code: 2)
#0 [internal function]: CodeIgniter\Debug\Exceptions->errorHandler(2, 'opendir(C:\\xamp...', 'C:\\xampp\\htdocs...', 891)
#1 C:\xampp\htdocs\etic-system\app\Controllers\Inventarios.php(891): opendir('C:\\xampp\\htdocs...')
#2 C:\xampp\htdocs\etic-system\system\CodeIgniter.php(824): App\Controllers\Inventarios->explorarArchivos()
#3 C:\xampp\htdocs\etic-system\system\CodeIgniter.php(410): CodeIgniter\CodeIgniter->runController(Object(App\Controllers\Inventarios))
#4 C:\xampp\htdocs\etic-system\system\CodeIgniter.php(318): CodeIgniter\CodeIgniter->handleRequest(NULL, Object(Config\Cache), false)
#5 C:\xampp\htdocs\etic-system\public\index.php(37): CodeIgniter\CodeIgniter->run()
#6 {main}
CRITICAL - 2023-08-25 10:45:34 --> Too few arguments to function App\Controllers\Inventarios::getProblemas_Sitio(), 0 passed in C:\xampp\htdocs\etic-system\system\CodeIgniter.php on line 824 and exactly 1 expected
#0 C:\xampp\htdocs\etic-system\system\CodeIgniter.php(824): App\Controllers\Inventarios->getProblemas_Sitio()
#1 C:\xampp\htdocs\etic-system\system\CodeIgniter.php(410): CodeIgniter\CodeIgniter->runController(Object(App\Controllers\Inventarios))
#2 C:\xampp\htdocs\etic-system\system\CodeIgniter.php(318): CodeIgniter\CodeIgniter->handleRequest(NULL, Object(Config\Cache), false)
#3 C:\xampp\htdocs\etic-system\public\index.php(37): CodeIgniter\CodeIgniter->run()
#4 {main}
CRITICAL - 2023-08-25 10:45:36 --> opendir(C:\xampp\htdocs\etic-system\public/etic/inspecciones/2/Imagenes): El sistema no puede encontrar el archivo especifica (code: 2)
#0 [internal function]: CodeIgniter\Debug\Exceptions->errorHandler(2, 'opendir(C:\\xamp...', 'C:\\xampp\\htdocs...', 891)
#1 C:\xampp\htdocs\etic-system\app\Controllers\Inventarios.php(891): opendir('C:\\xampp\\htdocs...')
#2 C:\xampp\htdocs\etic-system\system\CodeIgniter.php(824): App\Controllers\Inventarios->explorarArchivos()
#3 C:\xampp\htdocs\etic-system\system\CodeIgniter.php(410): CodeIgniter\CodeIgniter->runController(Object(App\Controllers\Inventarios))
#4 C:\xampp\htdocs\etic-system\system\CodeIgniter.php(318): CodeIgniter\CodeIgniter->handleRequest(NULL, Object(Config\Cache), false)
#5 C:\xampp\htdocs\etic-system\public\index.php(37): CodeIgniter\CodeIgniter->run()
#6 {main}
CRITICAL - 2023-08-25 10:45:36 --> Too few arguments to function App\Controllers\Inventarios::getProblemas_Sitio(), 0 passed in C:\xampp\htdocs\etic-system\system\CodeIgniter.php on line 824 and exactly 1 expected
#0 C:\xampp\htdocs\etic-system\system\CodeIgniter.php(824): App\Controllers\Inventarios->getProblemas_Sitio()
#1 C:\xampp\htdocs\etic-system\system\CodeIgniter.php(410): CodeIgniter\CodeIgniter->runController(Object(App\Controllers\Inventarios))
#2 C:\xampp\htdocs\etic-system\system\CodeIgniter.php(318): CodeIgniter\CodeIgniter->handleRequest(NULL, Object(Config\Cache), false)
#3 C:\xampp\htdocs\etic-system\public\index.php(37): CodeIgniter\CodeIgniter->run()
#4 {main}
CRITICAL - 2023-08-25 10:45:48 --> opendir(C:\xampp\htdocs\etic-system\public/etic/inspecciones/2/Imagenes): El sistema no puede encontrar el archivo especifica (code: 2)
#0 [internal function]: CodeIgniter\Debug\Exceptions->errorHandler(2, 'opendir(C:\\xamp...', 'C:\\xampp\\htdocs...', 891)
#1 C:\xampp\htdocs\etic-system\app\Controllers\Inventarios.php(891): opendir('C:\\xampp\\htdocs...')
#2 C:\xampp\htdocs\etic-system\system\CodeIgniter.php(824): App\Controllers\Inventarios->explorarArchivos()
#3 C:\xampp\htdocs\etic-system\system\CodeIgniter.php(410): CodeIgniter\CodeIgniter->runController(Object(App\Controllers\Inventarios))
#4 C:\xampp\htdocs\etic-system\system\CodeIgniter.php(318): CodeIgniter\CodeIgniter->handleRequest(NULL, Object(Config\Cache), false)
#5 C:\xampp\htdocs\etic-system\public\index.php(37): CodeIgniter\CodeIgniter->run()
#6 {main}
CRITICAL - 2023-08-25 10:45:48 --> Too few arguments to function App\Controllers\Inventarios::getProblemas_Sitio(), 0 passed in C:\xampp\htdocs\etic-system\system\CodeIgniter.php on line 824 and exactly 1 expected
#0 C:\xampp\htdocs\etic-system\system\CodeIgniter.php(824): App\Controllers\Inventarios->getProblemas_Sitio()
#1 C:\xampp\htdocs\etic-system\system\CodeIgniter.php(410): CodeIgniter\CodeIgniter->runController(Object(App\Controllers\Inventarios))
#2 C:\xampp\htdocs\etic-system\system\CodeIgniter.php(318): CodeIgniter\CodeIgniter->handleRequest(NULL, Object(Config\Cache), false)
#3 C:\xampp\htdocs\etic-system\public\index.php(37): CodeIgniter\CodeIgniter->run()
#4 {main}
CRITICAL - 2023-08-25 10:46:07 --> opendir(C:\xampp\htdocs\etic-system\public/etic/inspecciones/2/Imagenes): El sistema no puede encontrar el archivo especifica (code: 2)
#0 [internal function]: CodeIgniter\Debug\Exceptions->errorHandler(2, 'opendir(C:\\xamp...', 'C:\\xampp\\htdocs...', 891)
#1 C:\xampp\htdocs\etic-system\app\Controllers\Inventarios.php(891): opendir('C:\\xampp\\htdocs...')
#2 C:\xampp\htdocs\etic-system\system\CodeIgniter.php(824): App\Controllers\Inventarios->explorarArchivos()
#3 C:\xampp\htdocs\etic-system\system\CodeIgniter.php(410): CodeIgniter\CodeIgniter->runController(Object(App\Controllers\Inventarios))
#4 C:\xampp\htdocs\etic-system\system\CodeIgniter.php(318): CodeIgniter\CodeIgniter->handleRequest(NULL, Object(Config\Cache), false)
#5 C:\xampp\htdocs\etic-system\public\index.php(37): CodeIgniter\CodeIgniter->run()
#6 {main}
CRITICAL - 2023-08-25 10:46:08 --> Too few arguments to function App\Controllers\Inventarios::getProblemas_Sitio(), 0 passed in C:\xampp\htdocs\etic-system\system\CodeIgniter.php on line 824 and exactly 1 expected
#0 C:\xampp\htdocs\etic-system\system\CodeIgniter.php(824): App\Controllers\Inventarios->getProblemas_Sitio()
#1 C:\xampp\htdocs\etic-system\system\CodeIgniter.php(410): CodeIgniter\CodeIgniter->runController(Object(App\Controllers\Inventarios))
#2 C:\xampp\htdocs\etic-system\system\CodeIgniter.php(318): CodeIgniter\CodeIgniter->handleRequest(NULL, Object(Config\Cache), false)
#3 C:\xampp\htdocs\etic-system\public\index.php(37): CodeIgniter\CodeIgniter->run()
#4 {main}
CRITICAL - 2023-08-25 10:46:25 --> opendir(C:\xampp\htdocs\etic-system\public/etic/inspecciones/2/Imagenes): El sistema no puede encontrar el archivo especifica (code: 2)
#0 [internal function]: CodeIgniter\Debug\Exceptions->errorHandler(2, 'opendir(C:\\xamp...', 'C:\\xampp\\htdocs...', 891)
#1 C:\xampp\htdocs\etic-system\app\Controllers\Inventarios.php(891): opendir('C:\\xampp\\htdocs...')
#2 C:\xampp\htdocs\etic-system\system\CodeIgniter.php(824): App\Controllers\Inventarios->explorarArchivos()
#3 C:\xampp\htdocs\etic-system\system\CodeIgniter.php(410): CodeIgniter\CodeIgniter->runController(Object(App\Controllers\Inventarios))
#4 C:\xampp\htdocs\etic-system\system\CodeIgniter.php(318): CodeIgniter\CodeIgniter->handleRequest(NULL, Object(Config\Cache), false)
#5 C:\xampp\htdocs\etic-system\public\index.php(37): CodeIgniter\CodeIgniter->run()
#6 {main}
CRITICAL - 2023-08-25 10:46:25 --> Too few arguments to function App\Controllers\Inventarios::getProblemas_Sitio(), 0 passed in C:\xampp\htdocs\etic-system\system\CodeIgniter.php on line 824 and exactly 1 expected
#0 C:\xampp\htdocs\etic-system\system\CodeIgniter.php(824): App\Controllers\Inventarios->getProblemas_Sitio()
#1 C:\xampp\htdocs\etic-system\system\CodeIgniter.php(410): CodeIgniter\CodeIgniter->runController(Object(App\Controllers\Inventarios))
#2 C:\xampp\htdocs\etic-system\system\CodeIgniter.php(318): CodeIgniter\CodeIgniter->handleRequest(NULL, Object(Config\Cache), false)
#3 C:\xampp\htdocs\etic-system\public\index.php(37): CodeIgniter\CodeIgniter->run()
#4 {main}
CRITICAL - 2023-08-25 10:47:31 --> opendir(C:\xampp\htdocs\etic-system\public/etic/inspecciones/2/Imagenes): El sistema no puede encontrar el archivo especifica (code: 2)
#0 [internal function]: CodeIgniter\Debug\Exceptions->errorHandler(2, 'opendir(C:\\xamp...', 'C:\\xampp\\htdocs...', 891)
#1 C:\xampp\htdocs\etic-system\app\Controllers\Inventarios.php(891): opendir('C:\\xampp\\htdocs...')
#2 C:\xampp\htdocs\etic-system\system\CodeIgniter.php(824): App\Controllers\Inventarios->explorarArchivos()
#3 C:\xampp\htdocs\etic-system\system\CodeIgniter.php(410): CodeIgniter\CodeIgniter->runController(Object(App\Controllers\Inventarios))
#4 C:\xampp\htdocs\etic-system\system\CodeIgniter.php(318): CodeIgniter\CodeIgniter->handleRequest(NULL, Object(Config\Cache), false)
#5 C:\xampp\htdocs\etic-system\public\index.php(37): CodeIgniter\CodeIgniter->run()
#6 {main}
CRITICAL - 2023-08-25 10:47:31 --> Too few arguments to function App\Controllers\Inventarios::getProblemas_Sitio(), 0 passed in C:\xampp\htdocs\etic-system\system\CodeIgniter.php on line 824 and exactly 1 expected
#0 C:\xampp\htdocs\etic-system\system\CodeIgniter.php(824): App\Controllers\Inventarios->getProblemas_Sitio()
#1 C:\xampp\htdocs\etic-system\system\CodeIgniter.php(410): CodeIgniter\CodeIgniter->runController(Object(App\Controllers\Inventarios))
#2 C:\xampp\htdocs\etic-system\system\CodeIgniter.php(318): CodeIgniter\CodeIgniter->handleRequest(NULL, Object(Config\Cache), false)
#3 C:\xampp\htdocs\etic-system\public\index.php(37): CodeIgniter\CodeIgniter->run()
#4 {main}
CRITICAL - 2023-08-25 10:47:51 --> opendir(C:\xampp\htdocs\etic-system\public/etic/inspecciones/2/Imagenes): El sistema no puede encontrar el archivo especifica (code: 2)
#0 [internal function]: CodeIgniter\Debug\Exceptions->errorHandler(2, 'opendir(C:\\xamp...', 'C:\\xampp\\htdocs...', 891)
#1 C:\xampp\htdocs\etic-system\app\Controllers\Inventarios.php(891): opendir('C:\\xampp\\htdocs...')
#2 C:\xampp\htdocs\etic-system\system\CodeIgniter.php(824): App\Controllers\Inventarios->explorarArchivos()
#3 C:\xampp\htdocs\etic-system\system\CodeIgniter.php(410): CodeIgniter\CodeIgniter->runController(Object(App\Controllers\Inventarios))
#4 C:\xampp\htdocs\etic-system\system\CodeIgniter.php(318): CodeIgniter\CodeIgniter->handleRequest(NULL, Object(Config\Cache), false)
#5 C:\xampp\htdocs\etic-system\public\index.php(37): CodeIgniter\CodeIgniter->run()
#6 {main}
CRITICAL - 2023-08-25 10:47:51 --> Too few arguments to function App\Controllers\Inventarios::getProblemas_Sitio(), 0 passed in C:\xampp\htdocs\etic-system\system\CodeIgniter.php on line 824 and exactly 1 expected
#0 C:\xampp\htdocs\etic-system\system\CodeIgniter.php(824): App\Controllers\Inventarios->getProblemas_Sitio()
#1 C:\xampp\htdocs\etic-system\system\CodeIgniter.php(410): CodeIgniter\CodeIgniter->runController(Object(App\Controllers\Inventarios))
#2 C:\xampp\htdocs\etic-system\system\CodeIgniter.php(318): CodeIgniter\CodeIgniter->handleRequest(NULL, Object(Config\Cache), false)
#3 C:\xampp\htdocs\etic-system\public\index.php(37): CodeIgniter\CodeIgniter->run()
#4 {main}
CRITICAL - 2023-08-25 10:48:00 --> opendir(C:\xampp\htdocs\etic-system\public/etic/inspecciones/2/Imagenes): El sistema no puede encontrar el archivo especifica (code: 2)
#0 [internal function]: CodeIgniter\Debug\Exceptions->errorHandler(2, 'opendir(C:\\xamp...', 'C:\\xampp\\htdocs...', 891)
#1 C:\xampp\htdocs\etic-system\app\Controllers\Inventarios.php(891): opendir('C:\\xampp\\htdocs...')
#2 C:\xampp\htdocs\etic-system\system\CodeIgniter.php(824): App\Controllers\Inventarios->explorarArchivos()
#3 C:\xampp\htdocs\etic-system\system\CodeIgniter.php(410): CodeIgniter\CodeIgniter->runController(Object(App\Controllers\Inventarios))
#4 C:\xampp\htdocs\etic-system\system\CodeIgniter.php(318): CodeIgniter\CodeIgniter->handleRequest(NULL, Object(Config\Cache), false)
#5 C:\xampp\htdocs\etic-system\public\index.php(37): CodeIgniter\CodeIgniter->run()
#6 {main}
CRITICAL - 2023-08-25 10:48:00 --> Too few arguments to function App\Controllers\Inventarios::getProblemas_Sitio(), 0 passed in C:\xampp\htdocs\etic-system\system\CodeIgniter.php on line 824 and exactly 1 expected
#0 C:\xampp\htdocs\etic-system\system\CodeIgniter.php(824): App\Controllers\Inventarios->getProblemas_Sitio()
#1 C:\xampp\htdocs\etic-system\system\CodeIgniter.php(410): CodeIgniter\CodeIgniter->runController(Object(App\Controllers\Inventarios))
#2 C:\xampp\htdocs\etic-system\system\CodeIgniter.php(318): CodeIgniter\CodeIgniter->handleRequest(NULL, Object(Config\Cache), false)
#3 C:\xampp\htdocs\etic-system\public\index.php(37): CodeIgniter\CodeIgniter->run()
#4 {main}
CRITICAL - 2023-08-25 10:49:35 --> opendir(C:\xampp\htdocs\etic-system\public/etic/inspecciones/2/Imagenes): El sistema no puede encontrar el archivo especifica (code: 2)
#0 [internal function]: CodeIgniter\Debug\Exceptions->errorHandler(2, 'opendir(C:\\xamp...', 'C:\\xampp\\htdocs...', 891)
#1 C:\xampp\htdocs\etic-system\app\Controllers\Inventarios.php(891): opendir('C:\\xampp\\htdocs...')
#2 C:\xampp\htdocs\etic-system\system\CodeIgniter.php(824): App\Controllers\Inventarios->explorarArchivos()
#3 C:\xampp\htdocs\etic-system\system\CodeIgniter.php(410): CodeIgniter\CodeIgniter->runController(Object(App\Controllers\Inventarios))
#4 C:\xampp\htdocs\etic-system\system\CodeIgniter.php(318): CodeIgniter\CodeIgniter->handleRequest(NULL, Object(Config\Cache), false)
#5 C:\xampp\htdocs\etic-system\public\index.php(37): CodeIgniter\CodeIgniter->run()
#6 {main}
CRITICAL - 2023-08-25 10:49:36 --> Too few arguments to function App\Controllers\Inventarios::getProblemas_Sitio(), 0 passed in C:\xampp\htdocs\etic-system\system\CodeIgniter.php on line 824 and exactly 1 expected
#0 C:\xampp\htdocs\etic-system\system\CodeIgniter.php(824): App\Controllers\Inventarios->getProblemas_Sitio()
#1 C:\xampp\htdocs\etic-system\system\CodeIgniter.php(410): CodeIgniter\CodeIgniter->runController(Object(App\Controllers\Inventarios))
#2 C:\xampp\htdocs\etic-system\system\CodeIgniter.php(318): CodeIgniter\CodeIgniter->handleRequest(NULL, Object(Config\Cache), false)
#3 C:\xampp\htdocs\etic-system\public\index.php(37): CodeIgniter\CodeIgniter->run()
#4 {main}
CRITICAL - 2023-08-25 10:50:06 --> opendir(C:\xampp\htdocs\etic-system\public/etic/inspecciones/2/Imagenes): El sistema no puede encontrar el archivo especifica (code: 2)
#0 [internal function]: CodeIgniter\Debug\Exceptions->errorHandler(2, 'opendir(C:\\xamp...', 'C:\\xampp\\htdocs...', 891)
#1 C:\xampp\htdocs\etic-system\app\Controllers\Inventarios.php(891): opendir('C:\\xampp\\htdocs...')
#2 C:\xampp\htdocs\etic-system\system\CodeIgniter.php(824): App\Controllers\Inventarios->explorarArchivos()
#3 C:\xampp\htdocs\etic-system\system\CodeIgniter.php(410): CodeIgniter\CodeIgniter->runController(Object(App\Controllers\Inventarios))
#4 C:\xampp\htdocs\etic-system\system\CodeIgniter.php(318): CodeIgniter\CodeIgniter->handleRequest(NULL, Object(Config\Cache), false)
#5 C:\xampp\htdocs\etic-system\public\index.php(37): CodeIgniter\CodeIgniter->run()
#6 {main}
CRITICAL - 2023-08-25 10:50:07 --> Too few arguments to function App\Controllers\Inventarios::getProblemas_Sitio(), 0 passed in C:\xampp\htdocs\etic-system\system\CodeIgniter.php on line 824 and exactly 1 expected
#0 C:\xampp\htdocs\etic-system\system\CodeIgniter.php(824): App\Controllers\Inventarios->getProblemas_Sitio()
#1 C:\xampp\htdocs\etic-system\system\CodeIgniter.php(410): CodeIgniter\CodeIgniter->runController(Object(App\Controllers\Inventarios))
#2 C:\xampp\htdocs\etic-system\system\CodeIgniter.php(318): CodeIgniter\CodeIgniter->handleRequest(NULL, Object(Config\Cache), false)
#3 C:\xampp\htdocs\etic-system\public\index.php(37): CodeIgniter\CodeIgniter->run()
#4 {main}
CRITICAL - 2023-08-25 10:50:24 --> opendir(C:\xampp\htdocs\etic-system\public/etic/inspecciones/2/Imagenes): El sistema no puede encontrar el archivo especifica (code: 2)
#0 [internal function]: CodeIgniter\Debug\Exceptions->errorHandler(2, 'opendir(C:\\xamp...', 'C:\\xampp\\htdocs...', 891)
#1 C:\xampp\htdocs\etic-system\app\Controllers\Inventarios.php(891): opendir('C:\\xampp\\htdocs...')
#2 C:\xampp\htdocs\etic-system\system\CodeIgniter.php(824): App\Controllers\Inventarios->explorarArchivos()
#3 C:\xampp\htdocs\etic-system\system\CodeIgniter.php(410): CodeIgniter\CodeIgniter->runController(Object(App\Controllers\Inventarios))
#4 C:\xampp\htdocs\etic-system\system\CodeIgniter.php(318): CodeIgniter\CodeIgniter->handleRequest(NULL, Object(Config\Cache), false)
#5 C:\xampp\htdocs\etic-system\public\index.php(37): CodeIgniter\CodeIgniter->run()
#6 {main}
CRITICAL - 2023-08-25 10:50:25 --> Too few arguments to function App\Controllers\Inventarios::getProblemas_Sitio(), 0 passed in C:\xampp\htdocs\etic-system\system\CodeIgniter.php on line 824 and exactly 1 expected
#0 C:\xampp\htdocs\etic-system\system\CodeIgniter.php(824): App\Controllers\Inventarios->getProblemas_Sitio()
#1 C:\xampp\htdocs\etic-system\system\CodeIgniter.php(410): CodeIgniter\CodeIgniter->runController(Object(App\Controllers\Inventarios))
#2 C:\xampp\htdocs\etic-system\system\CodeIgniter.php(318): CodeIgniter\CodeIgniter->handleRequest(NULL, Object(Config\Cache), false)
#3 C:\xampp\htdocs\etic-system\public\index.php(37): CodeIgniter\CodeIgniter->run()
#4 {main}
CRITICAL - 2023-08-25 10:51:17 --> opendir(C:\xampp\htdocs\etic-system\public/etic/inspecciones//Imagenes): El sistema no puede encontrar el archivo especifica (code: 2)
#0 [internal function]: CodeIgniter\Debug\Exceptions->errorHandler(2, 'opendir(C:\\xamp...', 'C:\\xampp\\htdocs...', 891)
#1 C:\xampp\htdocs\etic-system\app\Controllers\Inventarios.php(891): opendir('C:\\xampp\\htdocs...')
#2 C:\xampp\htdocs\etic-system\system\CodeIgniter.php(824): App\Controllers\Inventarios->explorarArchivos()
#3 C:\xampp\htdocs\etic-system\system\CodeIgniter.php(410): CodeIgniter\CodeIgniter->runController(Object(App\Controllers\Inventarios))
#4 C:\xampp\htdocs\etic-system\system\CodeIgniter.php(318): CodeIgniter\CodeIgniter->handleRequest(NULL, Object(Config\Cache), false)
#5 C:\xampp\htdocs\etic-system\public\index.php(37): CodeIgniter\CodeIgniter->run()
#6 {main}
CRITICAL - 2023-08-25 10:51:17 --> Too few arguments to function App\Controllers\Inventarios::getProblemas_Sitio(), 0 passed in C:\xampp\htdocs\etic-system\system\CodeIgniter.php on line 824 and exactly 1 expected
#0 C:\xampp\htdocs\etic-system\system\CodeIgniter.php(824): App\Controllers\Inventarios->getProblemas_Sitio()
#1 C:\xampp\htdocs\etic-system\system\CodeIgniter.php(410): CodeIgniter\CodeIgniter->runController(Object(App\Controllers\Inventarios))
#2 C:\xampp\htdocs\etic-system\system\CodeIgniter.php(318): CodeIgniter\CodeIgniter->handleRequest(NULL, Object(Config\Cache), false)
#3 C:\xampp\htdocs\etic-system\public\index.php(37): CodeIgniter\CodeIgniter->run()
#4 {main}
CRITICAL - 2023-08-25 10:51:39 --> opendir(C:\xampp\htdocs\etic-system\public/etic/inspecciones/2/Imagenes): El sistema no puede encontrar el archivo especifica (code: 2)
#0 [internal function]: CodeIgniter\Debug\Exceptions->errorHandler(2, 'opendir(C:\\xamp...', 'C:\\xampp\\htdocs...', 891)
#1 C:\xampp\htdocs\etic-system\app\Controllers\Inventarios.php(891): opendir('C:\\xampp\\htdocs...')
#2 C:\xampp\htdocs\etic-system\system\CodeIgniter.php(824): App\Controllers\Inventarios->explorarArchivos()
#3 C:\xampp\htdocs\etic-system\system\CodeIgniter.php(410): CodeIgniter\CodeIgniter->runController(Object(App\Controllers\Inventarios))
#4 C:\xampp\htdocs\etic-system\system\CodeIgniter.php(318): CodeIgniter\CodeIgniter->handleRequest(NULL, Object(Config\Cache), false)
#5 C:\xampp\htdocs\etic-system\public\index.php(37): CodeIgniter\CodeIgniter->run()
#6 {main}
CRITICAL - 2023-08-25 10:51:39 --> Too few arguments to function App\Controllers\Inventarios::getProblemas_Sitio(), 0 passed in C:\xampp\htdocs\etic-system\system\CodeIgniter.php on line 824 and exactly 1 expected
#0 C:\xampp\htdocs\etic-system\system\CodeIgniter.php(824): App\Controllers\Inventarios->getProblemas_Sitio()
#1 C:\xampp\htdocs\etic-system\system\CodeIgniter.php(410): CodeIgniter\CodeIgniter->runController(Object(App\Controllers\Inventarios))
#2 C:\xampp\htdocs\etic-system\system\CodeIgniter.php(318): CodeIgniter\CodeIgniter->handleRequest(NULL, Object(Config\Cache), false)
#3 C:\xampp\htdocs\etic-system\public\index.php(37): CodeIgniter\CodeIgniter->run()
#4 {main}
CRITICAL - 2023-08-25 10:51:55 --> opendir(C:\xampp\htdocs\etic-system\public/etic/inspecciones//Imagenes): El sistema no puede encontrar el archivo especifica (code: 2)
#0 [internal function]: CodeIgniter\Debug\Exceptions->errorHandler(2, 'opendir(C:\\xamp...', 'C:\\xampp\\htdocs...', 891)
#1 C:\xampp\htdocs\etic-system\app\Controllers\Inventarios.php(891): opendir('C:\\xampp\\htdocs...')
#2 C:\xampp\htdocs\etic-system\system\CodeIgniter.php(824): App\Controllers\Inventarios->explorarArchivos()
#3 C:\xampp\htdocs\etic-system\system\CodeIgniter.php(410): CodeIgniter\CodeIgniter->runController(Object(App\Controllers\Inventarios))
#4 C:\xampp\htdocs\etic-system\system\CodeIgniter.php(318): CodeIgniter\CodeIgniter->handleRequest(NULL, Object(Config\Cache), false)
#5 C:\xampp\htdocs\etic-system\public\index.php(37): CodeIgniter\CodeIgniter->run()
#6 {main}
CRITICAL - 2023-08-25 10:51:56 --> Too few arguments to function App\Controllers\Inventarios::getProblemas_Sitio(), 0 passed in C:\xampp\htdocs\etic-system\system\CodeIgniter.php on line 824 and exactly 1 expected
#0 C:\xampp\htdocs\etic-system\system\CodeIgniter.php(824): App\Controllers\Inventarios->getProblemas_Sitio()
#1 C:\xampp\htdocs\etic-system\system\CodeIgniter.php(410): CodeIgniter\CodeIgniter->runController(Object(App\Controllers\Inventarios))
#2 C:\xampp\htdocs\etic-system\system\CodeIgniter.php(318): CodeIgniter\CodeIgniter->handleRequest(NULL, Object(Config\Cache), false)
#3 C:\xampp\htdocs\etic-system\public\index.php(37): CodeIgniter\CodeIgniter->run()
#4 {main}
CRITICAL - 2023-08-25 10:55:18 --> opendir(C:\xampp\htdocs\etic-system\public/etic/inspecciones//Imagenes): El sistema no puede encontrar el archivo especifica (code: 2)
#0 [internal function]: CodeIgniter\Debug\Exceptions->errorHandler(2, 'opendir(C:\\xamp...', 'C:\\xampp\\htdocs...', 891)
#1 C:\xampp\htdocs\etic-system\app\Controllers\Inventarios.php(891): opendir('C:\\xampp\\htdocs...')
#2 C:\xampp\htdocs\etic-system\system\CodeIgniter.php(824): App\Controllers\Inventarios->explorarArchivos()
#3 C:\xampp\htdocs\etic-system\system\CodeIgniter.php(410): CodeIgniter\CodeIgniter->runController(Object(App\Controllers\Inventarios))
#4 C:\xampp\htdocs\etic-system\system\CodeIgniter.php(318): CodeIgniter\CodeIgniter->handleRequest(NULL, Object(Config\Cache), false)
#5 C:\xampp\htdocs\etic-system\public\index.php(37): CodeIgniter\CodeIgniter->run()
#6 {main}
CRITICAL - 2023-08-25 10:55:18 --> Too few arguments to function App\Controllers\Inventarios::getProblemas_Sitio(), 0 passed in C:\xampp\htdocs\etic-system\system\CodeIgniter.php on line 824 and exactly 1 expected
#0 C:\xampp\htdocs\etic-system\system\CodeIgniter.php(824): App\Controllers\Inventarios->getProblemas_Sitio()
#1 C:\xampp\htdocs\etic-system\system\CodeIgniter.php(410): CodeIgniter\CodeIgniter->runController(Object(App\Controllers\Inventarios))
#2 C:\xampp\htdocs\etic-system\system\CodeIgniter.php(318): CodeIgniter\CodeIgniter->handleRequest(NULL, Object(Config\Cache), false)
#3 C:\xampp\htdocs\etic-system\public\index.php(37): CodeIgniter\CodeIgniter->run()
#4 {main}
ERROR - 2023-08-25 23:38:48 --> Error connecting to the database: Unknown database 'etic_system_db'
CRITICAL - 2023-08-25 23:38:48 --> Unable to connect to the database.
Main connection [MySQLi]: Unknown database 'etic_system_db'
#0 C:\xampp\htdocs\etic-system\system\Database\BaseConnection.php(577): CodeIgniter\Database\BaseConnection->initialize()
#1 C:\xampp\htdocs\etic-system\system\Database\BaseBuilder.php(1443): CodeIgniter\Database\BaseConnection->query('SELECT `Id_Insp...', Array, false)
#2 C:\xampp\htdocs\etic-system\system\Model.php(183): CodeIgniter\Database\BaseBuilder->get()
#3 C:\xampp\htdocs\etic-system\system\BaseModel.php(584): CodeIgniter\Model->doFindAll(0, 0)
#4 C:\xampp\htdocs\etic-system\app\Models\InspeccionesMdl.php(94): CodeIgniter\BaseModel->findAll()
#5 C:\xampp\htdocs\etic-system\app\Controllers\Inventarios.php(47): App\Models\InspeccionesMdl->datos_inspeccion_restaurar()
#6 C:\xampp\htdocs\etic-system\system\CodeIgniter.php(824): App\Controllers\Inventarios->index()
#7 C:\xampp\htdocs\etic-system\system\CodeIgniter.php(410): CodeIgniter\CodeIgniter->runController(Object(App\Controllers\Inventarios))
#8 C:\xampp\htdocs\etic-system\system\CodeIgniter.php(318): CodeIgniter\CodeIgniter->handleRequest(NULL, Object(Config\Cache), false)
#9 C:\xampp\htdocs\etic-system\public\index.php(37): CodeIgniter\CodeIgniter->run()
#10 {main}
