CRITICAL - 2024-06-30 23:13:41 --> Call to undefined function App\Controllers\val_estatus_p()
#0 C:\xampp\htdocs\etic-system\system\CodeIgniter.php(824): App\Controllers\Inventarios->cambiarEstatusUbicacion()
#1 C:\xampp\htdocs\etic-system\system\CodeIgniter.php(410): CodeIgniter\CodeIgniter->runController(Object(App\Controllers\Inventarios))
#2 C:\xampp\htdocs\etic-system\system\CodeIgniter.php(318): CodeIgniter\CodeIgniter->handleRequest(NULL, Object(Config\Cache), false)
#3 C:\xampp\htdocs\etic-system\public\index.php(37): CodeIgniter\CodeIgniter->run()
#4 {main}
CRITICAL - 2024-06-30 23:15:02 --> Call to undefined function App\Controllers\val_estatus_p()
#0 C:\xampp\htdocs\etic-system\system\CodeIgniter.php(824): App\Controllers\Inventarios->cambiarEstatusUbicacion()
#1 C:\xampp\htdocs\etic-system\system\CodeIgniter.php(410): CodeIgniter\CodeIgniter->runController(Object(App\Controllers\Inventarios))
#2 C:\xampp\htdocs\etic-system\system\CodeIgniter.php(318): CodeIgniter\CodeIgniter->handleRequest(NULL, Object(Config\Cache), false)
#3 C:\xampp\htdocs\etic-system\public\index.php(37): CodeIgniter\CodeIgniter->run()
#4 {main}
CRITICAL - 2024-06-30 23:15:21 --> Call to undefined function App\Controllers\val_estatus_p()
#0 C:\xampp\htdocs\etic-system\system\CodeIgniter.php(824): App\Controllers\Inventarios->cambiarEstatusUbicacion()
#1 C:\xampp\htdocs\etic-system\system\CodeIgniter.php(410): CodeIgniter\CodeIgniter->runController(Object(App\Controllers\Inventarios))
#2 C:\xampp\htdocs\etic-system\system\CodeIgniter.php(318): CodeIgniter\CodeIgniter->handleRequest(NULL, Object(Config\Cache), false)
#3 C:\xampp\htdocs\etic-system\public\index.php(37): CodeIgniter\CodeIgniter->run()
#4 {main}
CRITICAL - 2024-06-30 23:15:29 --> Call to undefined function App\Controllers\val_estatus_p()
#0 C:\xampp\htdocs\etic-system\system\CodeIgniter.php(824): App\Controllers\Inventarios->cambiarEstatusUbicacion()
#1 C:\xampp\htdocs\etic-system\system\CodeIgniter.php(410): CodeIgniter\CodeIgniter->runController(Object(App\Controllers\Inventarios))
#2 C:\xampp\htdocs\etic-system\system\CodeIgniter.php(318): CodeIgniter\CodeIgniter->handleRequest(NULL, Object(Config\Cache), false)
#3 C:\xampp\htdocs\etic-system\public\index.php(37): CodeIgniter\CodeIgniter->run()
#4 {main}
CRITICAL - 2024-06-30 23:16:18 --> Call to undefined function App\Controllers\val_estatus_p()
#0 C:\xampp\htdocs\etic-system\system\CodeIgniter.php(824): App\Controllers\Inventarios->cambiarEstatusUbicacion()
#1 C:\xampp\htdocs\etic-system\system\CodeIgniter.php(410): CodeIgniter\CodeIgniter->runController(Object(App\Controllers\Inventarios))
#2 C:\xampp\htdocs\etic-system\system\CodeIgniter.php(318): CodeIgniter\CodeIgniter->handleRequest(NULL, Object(Config\Cache), false)
#3 C:\xampp\htdocs\etic-system\public\index.php(37): CodeIgniter\CodeIgniter->run()
#4 {main}
CRITICAL - 2024-06-30 23:17:05 --> Undefined variable $id_inspeccion
#0 C:\xampp\htdocs\etic-system\app\Models\InventariosMdl.php(71): CodeIgniter\Debug\Exceptions->errorHandler(2, 'Undefined varia...', 'C:\\xampp\\htdocs...', 71)
#1 C:\xampp\htdocs\etic-system\app\Controllers\Inventarios.php(1038): App\Models\InventariosMdl->getUbicacionPadre('2XAGNB0R-M8Q4-S...')
#2 C:\xampp\htdocs\etic-system\app\Controllers\Inventarios.php(1011): App\Controllers\Inventarios->val_estatus_p('2XAGNB0R-M8Q4-S...')
#3 C:\xampp\htdocs\etic-system\system\CodeIgniter.php(824): App\Controllers\Inventarios->cambiarEstatusUbicacion()
#4 C:\xampp\htdocs\etic-system\system\CodeIgniter.php(410): CodeIgniter\CodeIgniter->runController(Object(App\Controllers\Inventarios))
#5 C:\xampp\htdocs\etic-system\system\CodeIgniter.php(318): CodeIgniter\CodeIgniter->handleRequest(NULL, Object(Config\Cache), false)
#6 C:\xampp\htdocs\etic-system\public\index.php(37): CodeIgniter\CodeIgniter->run()
#7 {main}
CRITICAL - 2024-06-30 23:18:47 --> Undefined variable $id_inspeccion
#0 C:\xampp\htdocs\etic-system\app\Models\InventariosMdl.php(71): CodeIgniter\Debug\Exceptions->errorHandler(2, 'Undefined varia...', 'C:\\xampp\\htdocs...', 71)
#1 C:\xampp\htdocs\etic-system\app\Controllers\Inventarios.php(1038): App\Models\InventariosMdl->getUbicacionPadre('2XAGNB0R-M8Q4-S...')
#2 C:\xampp\htdocs\etic-system\app\Controllers\Inventarios.php(1011): App\Controllers\Inventarios->val_estatus_p('2XAGNB0R-M8Q4-S...')
#3 C:\xampp\htdocs\etic-system\system\CodeIgniter.php(824): App\Controllers\Inventarios->cambiarEstatusUbicacion()
#4 C:\xampp\htdocs\etic-system\system\CodeIgniter.php(410): CodeIgniter\CodeIgniter->runController(Object(App\Controllers\Inventarios))
#5 C:\xampp\htdocs\etic-system\system\CodeIgniter.php(318): CodeIgniter\CodeIgniter->handleRequest(NULL, Object(Config\Cache), false)
#6 C:\xampp\htdocs\etic-system\public\index.php(37): CodeIgniter\CodeIgniter->run()
#7 {main}
CRITICAL - 2024-06-30 23:21:03 --> Undefined variable $id_inspeccion
#0 C:\xampp\htdocs\etic-system\app\Models\InventariosMdl.php(71): CodeIgniter\Debug\Exceptions->errorHandler(2, 'Undefined varia...', 'C:\\xampp\\htdocs...', 71)
#1 C:\xampp\htdocs\etic-system\app\Controllers\Inventarios.php(1038): App\Models\InventariosMdl->getUbicacionPadre('2XAGNB0R-M8Q4-S...')
#2 C:\xampp\htdocs\etic-system\app\Controllers\Inventarios.php(1011): App\Controllers\Inventarios->val_estatus_p('2XAGNB0R-M8Q4-S...')
#3 C:\xampp\htdocs\etic-system\system\CodeIgniter.php(824): App\Controllers\Inventarios->cambiarEstatusUbicacion()
#4 C:\xampp\htdocs\etic-system\system\CodeIgniter.php(410): CodeIgniter\CodeIgniter->runController(Object(App\Controllers\Inventarios))
#5 C:\xampp\htdocs\etic-system\system\CodeIgniter.php(318): CodeIgniter\CodeIgniter->handleRequest(NULL, Object(Config\Cache), false)
#6 C:\xampp\htdocs\etic-system\public\index.php(37): CodeIgniter\CodeIgniter->run()
#7 {main}
CRITICAL - 2024-06-30 23:24:25 --> Array to string conversion
#0 C:\xampp\htdocs\etic-system\app\Controllers\Inventarios.php(1041): CodeIgniter\Debug\Exceptions->errorHandler(2, 'Array to string...', 'C:\\xampp\\htdocs...', 1041)
#1 C:\xampp\htdocs\etic-system\app\Controllers\Inventarios.php(1011): App\Controllers\Inventarios->val_estatus_p('2XAGNB0R-M8Q4-S...')
#2 C:\xampp\htdocs\etic-system\system\CodeIgniter.php(824): App\Controllers\Inventarios->cambiarEstatusUbicacion()
#3 C:\xampp\htdocs\etic-system\system\CodeIgniter.php(410): CodeIgniter\CodeIgniter->runController(Object(App\Controllers\Inventarios))
#4 C:\xampp\htdocs\etic-system\system\CodeIgniter.php(318): CodeIgniter\CodeIgniter->handleRequest(NULL, Object(Config\Cache), false)
#5 C:\xampp\htdocs\etic-system\public\index.php(37): CodeIgniter\CodeIgniter->run()
#6 {main}
