CRITICAL - 2024-07-02 01:04:38 --> Array to string conversion
#0 [internal function]: CodeIgniter\Debug\Exceptions->errorHandler(2, 'Array to string...', 'C:\\xampp\\htdocs...', 324)
#1 C:\xampp\htdocs\etic-system\system\Database\Query.php(324): implode(',', Array)
#2 C:\xampp\htdocs\etic-system\system\Database\Query.php(304): CodeIgniter\Database\Query->matchNamedBinds('UPDATE `inspecc...', Array)
#3 C:\xampp\htdocs\etic-system\system\Database\Query.php(150): CodeIgniter\Database\Query->compileBinds()
#4 C:\xampp\htdocs\etic-system\system\Database\BaseConnection.php(598): CodeIgniter\Database\Query->getQuery()
#5 C:\xampp\htdocs\etic-system\system\Database\BaseBuilder.php(1901): CodeIgniter\Database\BaseConnection->query('UPDATE `inspecc...', Array, false)
#6 C:\xampp\htdocs\etic-system\system\Model.php(298): CodeIgniter\Database\BaseBuilder->update()
#7 C:\xampp\htdocs\etic-system\system\BaseModel.php(865): CodeIgniter\Model->doUpdate(Array, Array)
#8 C:\xampp\htdocs\etic-system\system\Model.php(646): CodeIgniter\BaseModel->update(Array, Array)
#9 C:\xampp\htdocs\etic-system\app\Controllers\Inventarios.php(1060): CodeIgniter\Model->update(Array, Array)
#10 C:\xampp\htdocs\etic-system\app\Controllers\Inventarios.php(1028): App\Controllers\Inventarios->actualizarEstatusElementoPadre('2XAGNB0R-M8Q4-S...')
#11 C:\xampp\htdocs\etic-system\system\CodeIgniter.php(824): App\Controllers\Inventarios->cambiarEstatusUbicacion()
#12 C:\xampp\htdocs\etic-system\system\CodeIgniter.php(410): CodeIgniter\CodeIgniter->runController(Object(App\Controllers\Inventarios))
#13 C:\xampp\htdocs\etic-system\system\CodeIgniter.php(318): CodeIgniter\CodeIgniter->handleRequest(NULL, Object(Config\Cache), false)
#14 C:\xampp\htdocs\etic-system\public\index.php(37): CodeIgniter\CodeIgniter->run()
#15 {main}
CRITICAL - 2024-07-02 01:04:40 --> Array to string conversion
#0 [internal function]: CodeIgniter\Debug\Exceptions->errorHandler(2, 'Array to string...', 'C:\\xampp\\htdocs...', 324)
#1 C:\xampp\htdocs\etic-system\system\Database\Query.php(324): implode(',', Array)
#2 C:\xampp\htdocs\etic-system\system\Database\Query.php(304): CodeIgniter\Database\Query->matchNamedBinds('UPDATE `inspecc...', Array)
#3 C:\xampp\htdocs\etic-system\system\Database\Query.php(150): CodeIgniter\Database\Query->compileBinds()
#4 C:\xampp\htdocs\etic-system\system\Database\BaseConnection.php(598): CodeIgniter\Database\Query->getQuery()
#5 C:\xampp\htdocs\etic-system\system\Database\BaseBuilder.php(1901): CodeIgniter\Database\BaseConnection->query('UPDATE `inspecc...', Array, false)
#6 C:\xampp\htdocs\etic-system\system\Model.php(298): CodeIgniter\Database\BaseBuilder->update()
#7 C:\xampp\htdocs\etic-system\system\BaseModel.php(865): CodeIgniter\Model->doUpdate(Array, Array)
#8 C:\xampp\htdocs\etic-system\system\Model.php(646): CodeIgniter\BaseModel->update(Array, Array)
#9 C:\xampp\htdocs\etic-system\app\Controllers\Inventarios.php(1060): CodeIgniter\Model->update(Array, Array)
#10 C:\xampp\htdocs\etic-system\app\Controllers\Inventarios.php(1028): App\Controllers\Inventarios->actualizarEstatusElementoPadre('L9V5IDS1-XHOB-T...')
#11 C:\xampp\htdocs\etic-system\system\CodeIgniter.php(824): App\Controllers\Inventarios->cambiarEstatusUbicacion()
#12 C:\xampp\htdocs\etic-system\system\CodeIgniter.php(410): CodeIgniter\CodeIgniter->runController(Object(App\Controllers\Inventarios))
#13 C:\xampp\htdocs\etic-system\system\CodeIgniter.php(318): CodeIgniter\CodeIgniter->handleRequest(NULL, Object(Config\Cache), false)
#14 C:\xampp\htdocs\etic-system\public\index.php(37): CodeIgniter\CodeIgniter->run()
#15 {main}
CRITICAL - 2024-07-02 01:04:43 --> Array to string conversion
#0 [internal function]: CodeIgniter\Debug\Exceptions->errorHandler(2, 'Array to string...', 'C:\\xampp\\htdocs...', 324)
#1 C:\xampp\htdocs\etic-system\system\Database\Query.php(324): implode(',', Array)
#2 C:\xampp\htdocs\etic-system\system\Database\Query.php(304): CodeIgniter\Database\Query->matchNamedBinds('UPDATE `inspecc...', Array)
#3 C:\xampp\htdocs\etic-system\system\Database\Query.php(150): CodeIgniter\Database\Query->compileBinds()
#4 C:\xampp\htdocs\etic-system\system\Database\BaseConnection.php(598): CodeIgniter\Database\Query->getQuery()
#5 C:\xampp\htdocs\etic-system\system\Database\BaseBuilder.php(1901): CodeIgniter\Database\BaseConnection->query('UPDATE `inspecc...', Array, false)
#6 C:\xampp\htdocs\etic-system\system\Model.php(298): CodeIgniter\Database\BaseBuilder->update()
#7 C:\xampp\htdocs\etic-system\system\BaseModel.php(865): CodeIgniter\Model->doUpdate(Array, Array)
#8 C:\xampp\htdocs\etic-system\system\Model.php(646): CodeIgniter\BaseModel->update(Array, Array)
#9 C:\xampp\htdocs\etic-system\app\Controllers\Inventarios.php(1060): CodeIgniter\Model->update(Array, Array)
#10 C:\xampp\htdocs\etic-system\app\Controllers\Inventarios.php(1028): App\Controllers\Inventarios->actualizarEstatusElementoPadre('BO2FDCLS-A8TG-J...')
#11 C:\xampp\htdocs\etic-system\system\CodeIgniter.php(824): App\Controllers\Inventarios->cambiarEstatusUbicacion()
#12 C:\xampp\htdocs\etic-system\system\CodeIgniter.php(410): CodeIgniter\CodeIgniter->runController(Object(App\Controllers\Inventarios))
#13 C:\xampp\htdocs\etic-system\system\CodeIgniter.php(318): CodeIgniter\CodeIgniter->handleRequest(NULL, Object(Config\Cache), false)
#14 C:\xampp\htdocs\etic-system\public\index.php(37): CodeIgniter\CodeIgniter->run()
#15 {main}
CRITICAL - 2024-07-02 01:05:24 --> Array to string conversion
#0 [internal function]: CodeIgniter\Debug\Exceptions->errorHandler(2, 'Array to string...', 'C:\\xampp\\htdocs...', 324)
#1 C:\xampp\htdocs\etic-system\system\Database\Query.php(324): implode(',', Array)
#2 C:\xampp\htdocs\etic-system\system\Database\Query.php(304): CodeIgniter\Database\Query->matchNamedBinds('UPDATE `inspecc...', Array)
#3 C:\xampp\htdocs\etic-system\system\Database\Query.php(150): CodeIgniter\Database\Query->compileBinds()
#4 C:\xampp\htdocs\etic-system\system\Database\BaseConnection.php(598): CodeIgniter\Database\Query->getQuery()
#5 C:\xampp\htdocs\etic-system\system\Database\BaseBuilder.php(1901): CodeIgniter\Database\BaseConnection->query('UPDATE `inspecc...', Array, false)
#6 C:\xampp\htdocs\etic-system\system\Model.php(298): CodeIgniter\Database\BaseBuilder->update()
#7 C:\xampp\htdocs\etic-system\system\BaseModel.php(865): CodeIgniter\Model->doUpdate(Array, Array)
#8 C:\xampp\htdocs\etic-system\system\Model.php(646): CodeIgniter\BaseModel->update(Array, Array)
#9 C:\xampp\htdocs\etic-system\app\Controllers\Inventarios.php(1060): CodeIgniter\Model->update(Array, Array)
#10 C:\xampp\htdocs\etic-system\app\Controllers\Inventarios.php(1028): App\Controllers\Inventarios->actualizarEstatusElementoPadre('2XAGNB0R-M8Q4-S...')
#11 C:\xampp\htdocs\etic-system\system\CodeIgniter.php(824): App\Controllers\Inventarios->cambiarEstatusUbicacion()
#12 C:\xampp\htdocs\etic-system\system\CodeIgniter.php(410): CodeIgniter\CodeIgniter->runController(Object(App\Controllers\Inventarios))
#13 C:\xampp\htdocs\etic-system\system\CodeIgniter.php(318): CodeIgniter\CodeIgniter->handleRequest(NULL, Object(Config\Cache), false)
#14 C:\xampp\htdocs\etic-system\public\index.php(37): CodeIgniter\CodeIgniter->run()
#15 {main}
CRITICAL - 2024-07-02 01:05:26 --> Array to string conversion
#0 [internal function]: CodeIgniter\Debug\Exceptions->errorHandler(2, 'Array to string...', 'C:\\xampp\\htdocs...', 324)
#1 C:\xampp\htdocs\etic-system\system\Database\Query.php(324): implode(',', Array)
#2 C:\xampp\htdocs\etic-system\system\Database\Query.php(304): CodeIgniter\Database\Query->matchNamedBinds('UPDATE `inspecc...', Array)
#3 C:\xampp\htdocs\etic-system\system\Database\Query.php(150): CodeIgniter\Database\Query->compileBinds()
#4 C:\xampp\htdocs\etic-system\system\Database\BaseConnection.php(598): CodeIgniter\Database\Query->getQuery()
#5 C:\xampp\htdocs\etic-system\system\Database\BaseBuilder.php(1901): CodeIgniter\Database\BaseConnection->query('UPDATE `inspecc...', Array, false)
#6 C:\xampp\htdocs\etic-system\system\Model.php(298): CodeIgniter\Database\BaseBuilder->update()
#7 C:\xampp\htdocs\etic-system\system\BaseModel.php(865): CodeIgniter\Model->doUpdate(Array, Array)
#8 C:\xampp\htdocs\etic-system\system\Model.php(646): CodeIgniter\BaseModel->update(Array, Array)
#9 C:\xampp\htdocs\etic-system\app\Controllers\Inventarios.php(1060): CodeIgniter\Model->update(Array, Array)
#10 C:\xampp\htdocs\etic-system\app\Controllers\Inventarios.php(1028): App\Controllers\Inventarios->actualizarEstatusElementoPadre('L9V5IDS1-XHOB-T...')
#11 C:\xampp\htdocs\etic-system\system\CodeIgniter.php(824): App\Controllers\Inventarios->cambiarEstatusUbicacion()
#12 C:\xampp\htdocs\etic-system\system\CodeIgniter.php(410): CodeIgniter\CodeIgniter->runController(Object(App\Controllers\Inventarios))
#13 C:\xampp\htdocs\etic-system\system\CodeIgniter.php(318): CodeIgniter\CodeIgniter->handleRequest(NULL, Object(Config\Cache), false)
#14 C:\xampp\htdocs\etic-system\public\index.php(37): CodeIgniter\CodeIgniter->run()
#15 {main}
CRITICAL - 2024-07-02 01:05:27 --> Array to string conversion
#0 [internal function]: CodeIgniter\Debug\Exceptions->errorHandler(2, 'Array to string...', 'C:\\xampp\\htdocs...', 324)
#1 C:\xampp\htdocs\etic-system\system\Database\Query.php(324): implode(',', Array)
#2 C:\xampp\htdocs\etic-system\system\Database\Query.php(304): CodeIgniter\Database\Query->matchNamedBinds('UPDATE `inspecc...', Array)
#3 C:\xampp\htdocs\etic-system\system\Database\Query.php(150): CodeIgniter\Database\Query->compileBinds()
#4 C:\xampp\htdocs\etic-system\system\Database\BaseConnection.php(598): CodeIgniter\Database\Query->getQuery()
#5 C:\xampp\htdocs\etic-system\system\Database\BaseBuilder.php(1901): CodeIgniter\Database\BaseConnection->query('UPDATE `inspecc...', Array, false)
#6 C:\xampp\htdocs\etic-system\system\Model.php(298): CodeIgniter\Database\BaseBuilder->update()
#7 C:\xampp\htdocs\etic-system\system\BaseModel.php(865): CodeIgniter\Model->doUpdate(Array, Array)
#8 C:\xampp\htdocs\etic-system\system\Model.php(646): CodeIgniter\BaseModel->update(Array, Array)
#9 C:\xampp\htdocs\etic-system\app\Controllers\Inventarios.php(1060): CodeIgniter\Model->update(Array, Array)
#10 C:\xampp\htdocs\etic-system\app\Controllers\Inventarios.php(1028): App\Controllers\Inventarios->actualizarEstatusElementoPadre('BO2FDCLS-A8TG-J...')
#11 C:\xampp\htdocs\etic-system\system\CodeIgniter.php(824): App\Controllers\Inventarios->cambiarEstatusUbicacion()
#12 C:\xampp\htdocs\etic-system\system\CodeIgniter.php(410): CodeIgniter\CodeIgniter->runController(Object(App\Controllers\Inventarios))
#13 C:\xampp\htdocs\etic-system\system\CodeIgniter.php(318): CodeIgniter\CodeIgniter->handleRequest(NULL, Object(Config\Cache), false)
#14 C:\xampp\htdocs\etic-system\public\index.php(37): CodeIgniter\CodeIgniter->run()
#15 {main}
